{"/Users/sammount/Change-Now/frontend/app/index.tsx": {"path":"/Users/sammount/Change-Now/frontend/app/index.tsx","statementMap":{"0":{"start":{"line":29,"column":30},"end":{"line":29,"column":42}},"1":{"start":{"line":30,"column":36},"end":{"line":30,"column":48}},"2":{"start":{"line":31,"column":44},"end":{"line":31,"column":64}},"3":{"start":{"line":34,"column":44},"end":{"line":34,"column":59}},"4":{"start":{"line":35,"column":46},"end":{"line":35,"column":61}},"5":{"start":{"line":36,"column":19},"end":{"line":36,"column":30}},"6":{"start":{"line":38,"column":27},"end":{"line":38,"column":64}},"7":{"start":{"line":39,"column":28},"end":{"line":39,"column":65}},"8":{"start":{"line":41,"column":4},"end":{"line":58,"column":17}},"9":{"start":{"line":42,"column":33},"end":{"line":55,"column":9}},"10":{"start":{"line":43,"column":12},"end":{"line":54,"column":13}},"11":{"start":{"line":44,"column":37},"end":{"line":44,"column":55}},"12":{"start":{"line":45,"column":16},"end":{"line":45,"column":69}},"13":{"start":{"line":46,"column":16},"end":{"line":49,"column":17}},"14":{"start":{"line":47,"column":20},"end":{"line":47,"column":62}},"15":{"start":{"line":48,"column":20},"end":{"line":48,"column":27}},"16":{"start":{"line":51,"column":16},"end":{"line":51,"column":58}},"17":{"start":{"line":53,"column":16},"end":{"line":53,"column":69}},"18":{"start":{"line":57,"column":8},"end":{"line":57,"column":32}},"19":{"start":{"line":61,"column":26},"end":{"line":63,"column":6}},"20":{"start":{"line":65,"column":4},"end":{"line":67,"column":5}},"21":{"start":{"line":66,"column":8},"end":{"line":66,"column":20}},"22":{"start":{"line":69,"column":31},"end":{"line":71,"column":5}},"23":{"start":{"line":70,"column":8},"end":{"line":70,"column":90}},"24":{"start":{"line":72,"column":32},"end":{"line":74,"column":5}},"25":{"start":{"line":73,"column":8},"end":{"line":73,"column":87}},"26":{"start":{"line":76,"column":32},"end":{"line":78,"column":5}},"27":{"start":{"line":77,"column":8},"end":{"line":77,"column":91}},"28":{"start":{"line":79,"column":33},"end":{"line":81,"column":5}},"29":{"start":{"line":80,"column":8},"end":{"line":80,"column":88}},"30":{"start":{"line":84,"column":24},"end":{"line":105,"column":5}},"31":{"start":{"line":85,"column":8},"end":{"line":85,"column":38}},"32":{"start":{"line":86,"column":8},"end":{"line":86,"column":28}},"33":{"start":{"line":87,"column":8},"end":{"line":90,"column":9}},"34":{"start":{"line":88,"column":12},"end":{"line":88,"column":69}},"35":{"start":{"line":89,"column":12},"end":{"line":89,"column":19}},"36":{"start":{"line":92,"column":8},"end":{"line":104,"column":9}},"37":{"start":{"line":93,"column":33},"end":{"line":93,"column":61}},"38":{"start":{"line":94,"column":12},"end":{"line":97,"column":13}},"39":{"start":{"line":95,"column":16},"end":{"line":95,"column":58}},"40":{"start":{"line":96,"column":16},"end":{"line":96,"column":23}},"41":{"start":{"line":98,"column":12},"end":{"line":98,"column":85}},"42":{"start":{"line":99,"column":12},"end":{"line":99,"column":19}},"43":{"start":{"line":101,"column":12},"end":{"line":101,"column":60}},"44":{"start":{"line":102,"column":12},"end":{"line":102,"column":83}},"45":{"start":{"line":103,"column":12},"end":{"line":103,"column":19}},"46":{"start":{"line":107,"column":25},"end":{"line":109,"column":5}},"47":{"start":{"line":108,"column":8},"end":{"line":108,"column":38}},"48":{"start":{"line":112,"column":4},"end":{"line":186,"column":6}},"49":{"start":{"line":150,"column":44},"end":{"line":154,"column":21}},"50":{"start":{"line":158,"column":37},"end":{"line":158,"column":58}},"51":{"start":{"line":159,"column":38},"end":{"line":159,"column":60}},"52":{"start":{"line":170,"column":44},"end":{"line":174,"column":21}},"53":{"start":{"line":178,"column":37},"end":{"line":178,"column":59}},"54":{"start":{"line":179,"column":38},"end":{"line":179,"column":61}},"55":{"start":{"line":188,"column":15},"end":{"line":255,"column":2}}},"fnMap":{"0":{"name":"LoginScreen","decl":{"start":{"line":20,"column":24},"end":{"line":20,"column":35}},"loc":{"start":{"line":20,"column":38},"end":{"line":187,"column":1}},"line":20},"1":{"name":"(anonymous_1)","decl":{"start":{"line":41,"column":14},"end":{"line":41,"column":15}},"loc":{"start":{"line":41,"column":20},"end":{"line":58,"column":5}},"line":41},"2":{"name":"(anonymous_2)","decl":{"start":{"line":42,"column":33},"end":{"line":42,"column":34}},"loc":{"start":{"line":42,"column":45},"end":{"line":55,"column":9}},"line":42},"3":{"name":"(anonymous_3)","decl":{"start":{"line":69,"column":31},"end":{"line":69,"column":32}},"loc":{"start":{"line":69,"column":37},"end":{"line":71,"column":5}},"line":69},"4":{"name":"(anonymous_4)","decl":{"start":{"line":72,"column":32},"end":{"line":72,"column":33}},"loc":{"start":{"line":72,"column":38},"end":{"line":74,"column":5}},"line":72},"5":{"name":"(anonymous_5)","decl":{"start":{"line":76,"column":32},"end":{"line":76,"column":33}},"loc":{"start":{"line":76,"column":38},"end":{"line":78,"column":5}},"line":76},"6":{"name":"(anonymous_6)","decl":{"start":{"line":79,"column":33},"end":{"line":79,"column":34}},"loc":{"start":{"line":79,"column":39},"end":{"line":81,"column":5}},"line":79},"7":{"name":"(anonymous_7)","decl":{"start":{"line":84,"column":24},"end":{"line":84,"column":25}},"loc":{"start":{"line":84,"column":36},"end":{"line":105,"column":5}},"line":84},"8":{"name":"(anonymous_8)","decl":{"start":{"line":107,"column":25},"end":{"line":107,"column":26}},"loc":{"start":{"line":107,"column":37},"end":{"line":109,"column":5}},"line":107},"9":{"name":"(anonymous_9)","decl":{"start":{"line":150,"column":27},"end":{"line":150,"column":28}},"loc":{"start":{"line":150,"column":44},"end":{"line":154,"column":21}},"line":150},"10":{"name":"(anonymous_10)","decl":{"start":{"line":158,"column":31},"end":{"line":158,"column":32}},"loc":{"start":{"line":158,"column":37},"end":{"line":158,"column":58}},"line":158},"11":{"name":"(anonymous_11)","decl":{"start":{"line":159,"column":32},"end":{"line":159,"column":33}},"loc":{"start":{"line":159,"column":38},"end":{"line":159,"column":60}},"line":159},"12":{"name":"(anonymous_12)","decl":{"start":{"line":170,"column":27},"end":{"line":170,"column":28}},"loc":{"start":{"line":170,"column":44},"end":{"line":174,"column":21}},"line":170},"13":{"name":"(anonymous_13)","decl":{"start":{"line":178,"column":31},"end":{"line":178,"column":32}},"loc":{"start":{"line":178,"column":37},"end":{"line":178,"column":59}},"line":178},"14":{"name":"(anonymous_14)","decl":{"start":{"line":179,"column":32},"end":{"line":179,"column":33}},"loc":{"start":{"line":179,"column":38},"end":{"line":179,"column":61}},"line":179}},"branchMap":{"0":{"loc":{"start":{"line":46,"column":16},"end":{"line":49,"column":17}},"type":"if","locations":[{"start":{"line":46,"column":16},"end":{"line":49,"column":17}},{"start":{},"end":{}}],"line":46},"1":{"loc":{"start":{"line":65,"column":4},"end":{"line":67,"column":5}},"type":"if","locations":[{"start":{"line":65,"column":4},"end":{"line":67,"column":5}},{"start":{},"end":{}}],"line":65},"2":{"loc":{"start":{"line":87,"column":8},"end":{"line":90,"column":9}},"type":"if","locations":[{"start":{"line":87,"column":8},"end":{"line":90,"column":9}},{"start":{},"end":{}}],"line":87},"3":{"loc":{"start":{"line":87,"column":12},"end":{"line":87,"column":38}},"type":"binary-expr","locations":[{"start":{"line":87,"column":12},"end":{"line":87,"column":25}},{"start":{"line":87,"column":29},"end":{"line":87,"column":38}}],"line":87},"4":{"loc":{"start":{"line":94,"column":12},"end":{"line":97,"column":13}},"type":"if","locations":[{"start":{"line":94,"column":12},"end":{"line":97,"column":13}},{"start":{},"end":{}}],"line":94},"5":{"loc":{"start":{"line":98,"column":28},"end":{"line":98,"column":83}},"type":"binary-expr","locations":[{"start":{"line":98,"column":28},"end":{"line":98,"column":49}},{"start":{"line":98,"column":53},"end":{"line":98,"column":83}}],"line":98},"6":{"loc":{"start":{"line":140,"column":31},"end":{"line":140,"column":51}},"type":"cond-expr","locations":[{"start":{"line":140,"column":46},"end":{"line":140,"column":47}},{"start":{"line":140,"column":50},"end":{"line":140,"column":51}}],"line":140},"7":{"loc":{"start":{"line":145,"column":17},"end":{"line":145,"column":36}},"type":"binary-expr","locations":[{"start":{"line":145,"column":17},"end":{"line":145,"column":29}},{"start":{"line":145,"column":33},"end":{"line":145,"column":36}}],"line":145},"8":{"loc":{"start":{"line":152,"column":24},"end":{"line":152,"column":65}},"type":"binary-expr","locations":[{"start":{"line":152,"column":24},"end":{"line":152,"column":36}},{"start":{"line":152,"column":40},"end":{"line":152,"column":65}}],"line":152},"9":{"loc":{"start":{"line":153,"column":24},"end":{"line":153,"column":60}},"type":"binary-expr","locations":[{"start":{"line":153,"column":24},"end":{"line":153,"column":31}},{"start":{"line":153,"column":35},"end":{"line":153,"column":60}}],"line":153},"10":{"loc":{"start":{"line":172,"column":24},"end":{"line":172,"column":66}},"type":"binary-expr","locations":[{"start":{"line":172,"column":24},"end":{"line":172,"column":37}},{"start":{"line":172,"column":41},"end":{"line":172,"column":66}}],"line":172},"11":{"loc":{"start":{"line":173,"column":24},"end":{"line":173,"column":60}},"type":"binary-expr","locations":[{"start":{"line":173,"column":24},"end":{"line":173,"column":31}},{"start":{"line":173,"column":35},"end":{"line":173,"column":60}}],"line":173}},"s":{"0":11,"1":11,"2":11,"3":11,"4":11,"5":11,"6":11,"7":11,"8":11,"9":9,"10":9,"11":9,"12":9,"13":9,"14":0,"15":0,"16":9,"17":0,"18":9,"19":11,"20":11,"21":0,"22":11,"23":0,"24":11,"25":0,"26":11,"27":0,"28":11,"29":0,"30":11,"31":2,"32":2,"33":2,"34":0,"35":0,"36":2,"37":2,"38":2,"39":1,"40":1,"41":1,"42":1,"43":0,"44":0,"45":0,"46":11,"47":1,"48":11,"49":9,"50":0,"51":0,"52":9,"53":0,"54":0,"55":1},"f":{"0":11,"1":9,"2":9,"3":0,"4":0,"5":0,"6":0,"7":2,"8":1,"9":9,"10":0,"11":0,"12":9,"13":0,"14":0},"b":{"0":[0,9],"1":[0,11],"2":[0,2],"3":[2,2],"4":[1,1],"5":[1,0],"6":[1,10],"7":[11,10],"8":[9,0],"9":[9,0],"10":[9,0],"11":[9,0]},"_coverageSchema":"1a1c01bbd47fc00a2c39e90264f33305004495a9","hash":"6b76cbb372e2756a60f7b9de5e9d920bcc12726d"}
,"/Users/sammount/Change-Now/frontend/app/(tabs)/exerciselibrary.tsx": {"path":"/Users/sammount/Change-Now/frontend/app/(tabs)/exerciselibrary.tsx","statementMap":{"0":{"start":{"line":38,"column":22},"end":{"line":53,"column":1}},"1":{"start":{"line":55,"column":23},"end":{"line":55,"column":71}},"2":{"start":{"line":57,"column":41},"end":{"line":61,"column":1}},"3":{"start":{"line":63,"column":16},"end":{"line":67,"column":14}},"4":{"start":{"line":64,"column":2},"end":{"line":67,"column":14}},"5":{"start":{"line":66,"column":19},"end":{"line":66,"column":63}},"6":{"start":{"line":70,"column":17},"end":{"line":70,"column":28}},"7":{"start":{"line":71,"column":18},"end":{"line":71,"column":32}},"8":{"start":{"line":72,"column":20},"end":{"line":72,"column":41}},"9":{"start":{"line":73,"column":20},"end":{"line":73,"column":51}},"10":{"start":{"line":74,"column":25},"end":{"line":74,"column":59}},"11":{"start":{"line":75,"column":34},"end":{"line":75,"column":47}},"12":{"start":{"line":77,"column":38},"end":{"line":77,"column":50}},"13":{"start":{"line":78,"column":56},"end":{"line":78,"column":73}},"14":{"start":{"line":79,"column":46},"end":{"line":79,"column":61}},"15":{"start":{"line":80,"column":36},"end":{"line":80,"column":60}},"16":{"start":{"line":81,"column":36},"end":{"line":81,"column":78}},"17":{"start":{"line":82,"column":30},"end":{"line":82,"column":59}},"18":{"start":{"line":83,"column":54},"end":{"line":83,"column":68}},"19":{"start":{"line":84,"column":50},"end":{"line":84,"column":65}},"20":{"start":{"line":85,"column":36},"end":{"line":85,"column":48}},"21":{"start":{"line":86,"column":36},"end":{"line":86,"column":48}},"22":{"start":{"line":88,"column":2},"end":{"line":124,"column":16}},"23":{"start":{"line":89,"column":26},"end":{"line":121,"column":5}},"24":{"start":{"line":90,"column":6},"end":{"line":90,"column":34}},"25":{"start":{"line":91,"column":6},"end":{"line":91,"column":23}},"26":{"start":{"line":92,"column":6},"end":{"line":120,"column":7}},"27":{"start":{"line":93,"column":8},"end":{"line":93,"column":49}},"28":{"start":{"line":94,"column":28},"end":{"line":94,"column":46}},"29":{"start":{"line":95,"column":8},"end":{"line":99,"column":9}},"30":{"start":{"line":96,"column":10},"end":{"line":96,"column":52}},"31":{"start":{"line":97,"column":10},"end":{"line":97,"column":23}},"32":{"start":{"line":98,"column":10},"end":{"line":98,"column":17}},"33":{"start":{"line":101,"column":27},"end":{"line":101,"column":67}},"34":{"start":{"line":102,"column":8},"end":{"line":104,"column":9}},"35":{"start":{"line":103,"column":10},"end":{"line":103,"column":64}},"36":{"start":{"line":106,"column":8},"end":{"line":106,"column":61}},"37":{"start":{"line":107,"column":8},"end":{"line":107,"column":30}},"38":{"start":{"line":109,"column":33},"end":{"line":109,"column":65}},"39":{"start":{"line":110,"column":8},"end":{"line":110,"column":39}},"40":{"start":{"line":112,"column":25},"end":{"line":112,"column":42}},"41":{"start":{"line":114,"column":10},"end":{"line":115,"column":36}},"42":{"start":{"line":116,"column":8},"end":{"line":116,"column":65}},"43":{"start":{"line":117,"column":8},"end":{"line":117,"column":30}},"44":{"start":{"line":119,"column":8},"end":{"line":119,"column":37}},"45":{"start":{"line":123,"column":4},"end":{"line":123,"column":25}},"46":{"start":{"line":126,"column":29},"end":{"line":126,"column":41}},"47":{"start":{"line":127,"column":23},"end":{"line":127,"column":32}},"48":{"start":{"line":128,"column":31},"end":{"line":128,"column":62}},"49":{"start":{"line":129,"column":27},"end":{"line":139,"column":51}},"50":{"start":{"line":129,"column":57},"end":{"line":139,"column":3}},"51":{"start":{"line":132,"column":30},"end":{"line":132,"column":64}},"52":{"start":{"line":134,"column":8},"end":{"line":135,"column":66}},"53":{"start":{"line":137,"column":6},"end":{"line":137,"column":49}},"54":{"start":{"line":139,"column":24},"end":{"line":139,"column":50}},"55":{"start":{"line":141,"column":26},"end":{"line":146,"column":3}},"56":{"start":{"line":142,"column":4},"end":{"line":145,"column":8}},"57":{"start":{"line":142,"column":31},"end":{"line":145,"column":5}},"58":{"start":{"line":148,"column":30},"end":{"line":153,"column":3}},"59":{"start":{"line":152,"column":4},"end":{"line":152,"column":69}},"60":{"start":{"line":157,"column":26},"end":{"line":168,"column":3}},"61":{"start":{"line":160,"column":4},"end":{"line":160,"column":43}},"62":{"start":{"line":161,"column":4},"end":{"line":161,"column":40}},"63":{"start":{"line":163,"column":26},"end":{"line":163,"column":66}},"64":{"start":{"line":164,"column":4},"end":{"line":167,"column":7}},"65":{"start":{"line":170,"column":23},"end":{"line":187,"column":3}},"66":{"start":{"line":173,"column":4},"end":{"line":175,"column":5}},"67":{"start":{"line":174,"column":6},"end":{"line":174,"column":13}},"68":{"start":{"line":179,"column":20},"end":{"line":179,"column":58}},"69":{"start":{"line":180,"column":24},"end":{"line":182,"column":82}},"70":{"start":{"line":182,"column":23},"end":{"line":182,"column":81}},"71":{"start":{"line":184,"column":4},"end":{"line":186,"column":5}},"72":{"start":{"line":185,"column":6},"end":{"line":185,"column":46}},"73":{"start":{"line":189,"column":20},"end":{"line":192,"column":3}},"74":{"start":{"line":190,"column":4},"end":{"line":190,"column":21}},"75":{"start":{"line":191,"column":4},"end":{"line":191,"column":28}},"76":{"start":{"line":194,"column":21},"end":{"line":198,"column":3}},"77":{"start":{"line":195,"column":4},"end":{"line":195,"column":29}},"78":{"start":{"line":196,"column":4},"end":{"line":196,"column":37}},"79":{"start":{"line":197,"column":4},"end":{"line":197,"column":21}},"80":{"start":{"line":200,"column":29},"end":{"line":232,"column":3}},"81":{"start":{"line":201,"column":24},"end":{"line":201,"column":45}},"82":{"start":{"line":203,"column":4},"end":{"line":205,"column":5}},"83":{"start":{"line":204,"column":6},"end":{"line":204,"column":13}},"84":{"start":{"line":207,"column":4},"end":{"line":207,"column":30}},"85":{"start":{"line":208,"column":4},"end":{"line":208,"column":21}},"86":{"start":{"line":210,"column":4},"end":{"line":231,"column":5}},"87":{"start":{"line":211,"column":28},"end":{"line":216,"column":8}},"88":{"start":{"line":218,"column":6},"end":{"line":218,"column":59}},"89":{"start":{"line":219,"column":6},"end":{"line":219,"column":61}},"90":{"start":{"line":219,"column":32},"end":{"line":219,"column":59}},"91":{"start":{"line":220,"column":6},"end":{"line":220,"column":24}},"92":{"start":{"line":221,"column":6},"end":{"line":221,"column":19}},"93":{"start":{"line":223,"column":6},"end":{"line":225,"column":9}},"94":{"start":{"line":224,"column":8},"end":{"line":224,"column":51}},"95":{"start":{"line":227,"column":23},"end":{"line":227,"column":40}},"96":{"start":{"line":228,"column":6},"end":{"line":228,"column":66}},"97":{"start":{"line":230,"column":6},"end":{"line":230,"column":33}},"98":{"start":{"line":235,"column":4},"end":{"line":235,"column":77}},"99":{"start":{"line":237,"column":2},"end":{"line":518,"column":4}},"100":{"start":{"line":259,"column":36},"end":{"line":262,"column":13}},"101":{"start":{"line":279,"column":33},"end":{"line":279,"column":66}},"102":{"start":{"line":281,"column":14},"end":{"line":299,"column":16}},"103":{"start":{"line":288,"column":33},"end":{"line":288,"column":59}},"104":{"start":{"line":310,"column":14},"end":{"line":310,"column":54}},"105":{"start":{"line":314,"column":14},"end":{"line":314,"column":54}},"106":{"start":{"line":338,"column":16},"end":{"line":385,"column":23}},"107":{"start":{"line":341,"column":39},"end":{"line":341,"column":76}},"108":{"start":{"line":353,"column":22},"end":{"line":382,"column":34}},"109":{"start":{"line":355,"column":48},"end":{"line":361,"column":25}},"110":{"start":{"line":363,"column":26},"end":{"line":368,"column":28}},"111":{"start":{"line":424,"column":41},"end":{"line":424,"column":71}},"112":{"start":{"line":434,"column":35},"end":{"line":434,"column":60}},"113":{"start":{"line":436,"column":18},"end":{"line":451,"column":20}},"114":{"start":{"line":440,"column":37},"end":{"line":440,"column":68}},"115":{"start":{"line":458,"column":35},"end":{"line":458,"column":71}},"116":{"start":{"line":460,"column":18},"end":{"line":475,"column":20}},"117":{"start":{"line":464,"column":37},"end":{"line":464,"column":79}},"118":{"start":{"line":485,"column":42},"end":{"line":488,"column":19}},"119":{"start":{"line":495,"column":42},"end":{"line":499,"column":19}},"120":{"start":{"line":521,"column":15},"end":{"line":912,"column":2}}},"fnMap":{"0":{"name":"(anonymous_0)","decl":{"start":{"line":63,"column":16},"end":{"line":63,"column":17}},"loc":{"start":{"line":64,"column":2},"end":{"line":67,"column":14}},"line":64},"1":{"name":"(anonymous_1)","decl":{"start":{"line":66,"column":9},"end":{"line":66,"column":10}},"loc":{"start":{"line":66,"column":19},"end":{"line":66,"column":63}},"line":66},"2":{"name":"ExerciseLibrary","decl":{"start":{"line":69,"column":24},"end":{"line":69,"column":39}},"loc":{"start":{"line":69,"column":42},"end":{"line":519,"column":1}},"line":69},"3":{"name":"(anonymous_3)","decl":{"start":{"line":88,"column":12},"end":{"line":88,"column":13}},"loc":{"start":{"line":88,"column":18},"end":{"line":124,"column":3}},"line":88},"4":{"name":"(anonymous_4)","decl":{"start":{"line":89,"column":26},"end":{"line":89,"column":27}},"loc":{"start":{"line":89,"column":38},"end":{"line":121,"column":5}},"line":89},"5":{"name":"(anonymous_5)","decl":{"start":{"line":129,"column":45},"end":{"line":129,"column":46}},"loc":{"start":{"line":129,"column":57},"end":{"line":139,"column":3}},"line":129},"6":{"name":"(anonymous_6)","decl":{"start":{"line":131,"column":35},"end":{"line":131,"column":36}},"loc":{"start":{"line":131,"column":49},"end":{"line":138,"column":5}},"line":131},"7":{"name":"(anonymous_7)","decl":{"start":{"line":139,"column":13},"end":{"line":139,"column":14}},"loc":{"start":{"line":139,"column":24},"end":{"line":139,"column":50}},"line":139},"8":{"name":"(anonymous_8)","decl":{"start":{"line":141,"column":26},"end":{"line":141,"column":27}},"loc":{"start":{"line":141,"column":72},"end":{"line":146,"column":3}},"line":141},"9":{"name":"(anonymous_9)","decl":{"start":{"line":142,"column":17},"end":{"line":142,"column":18}},"loc":{"start":{"line":142,"column":31},"end":{"line":145,"column":5}},"line":142},"10":{"name":"(anonymous_10)","decl":{"start":{"line":148,"column":30},"end":{"line":148,"column":31}},"loc":{"start":{"line":151,"column":7},"end":{"line":153,"column":3}},"line":151},"11":{"name":"(anonymous_11)","decl":{"start":{"line":157,"column":26},"end":{"line":157,"column":27}},"loc":{"start":{"line":157,"column":51},"end":{"line":168,"column":3}},"line":157},"12":{"name":"(anonymous_12)","decl":{"start":{"line":170,"column":23},"end":{"line":170,"column":24}},"loc":{"start":{"line":172,"column":7},"end":{"line":187,"column":3}},"line":172},"13":{"name":"(anonymous_13)","decl":{"start":{"line":182,"column":12},"end":{"line":182,"column":13}},"loc":{"start":{"line":182,"column":23},"end":{"line":182,"column":81}},"line":182},"14":{"name":"(anonymous_14)","decl":{"start":{"line":189,"column":20},"end":{"line":189,"column":21}},"loc":{"start":{"line":189,"column":26},"end":{"line":192,"column":3}},"line":189},"15":{"name":"(anonymous_15)","decl":{"start":{"line":194,"column":21},"end":{"line":194,"column":22}},"loc":{"start":{"line":194,"column":27},"end":{"line":198,"column":3}},"line":194},"16":{"name":"(anonymous_16)","decl":{"start":{"line":200,"column":29},"end":{"line":200,"column":30}},"loc":{"start":{"line":200,"column":41},"end":{"line":232,"column":3}},"line":200},"17":{"name":"(anonymous_17)","decl":{"start":{"line":219,"column":19},"end":{"line":219,"column":20}},"loc":{"start":{"line":219,"column":32},"end":{"line":219,"column":59}},"line":219},"18":{"name":"(anonymous_18)","decl":{"start":{"line":223,"column":28},"end":{"line":223,"column":29}},"loc":{"start":{"line":223,"column":34},"end":{"line":225,"column":7}},"line":223},"19":{"name":"(anonymous_19)","decl":{"start":{"line":259,"column":19},"end":{"line":259,"column":20}},"loc":{"start":{"line":259,"column":36},"end":{"line":262,"column":13}},"line":259},"20":{"name":"(anonymous_20)","decl":{"start":{"line":278,"column":31},"end":{"line":278,"column":32}},"loc":{"start":{"line":278,"column":42},"end":{"line":300,"column":13}},"line":278},"21":{"name":"(anonymous_21)","decl":{"start":{"line":288,"column":27},"end":{"line":288,"column":28}},"loc":{"start":{"line":288,"column":33},"end":{"line":288,"column":59}},"line":288},"22":{"name":"(anonymous_22)","decl":{"start":{"line":309,"column":33},"end":{"line":309,"column":34}},"loc":{"start":{"line":309,"column":39},"end":{"line":311,"column":13}},"line":309},"23":{"name":"(anonymous_23)","decl":{"start":{"line":312,"column":29},"end":{"line":312,"column":30}},"loc":{"start":{"line":312,"column":35},"end":{"line":315,"column":13}},"line":312},"24":{"name":"(anonymous_24)","decl":{"start":{"line":337,"column":35},"end":{"line":337,"column":36}},"loc":{"start":{"line":338,"column":16},"end":{"line":385,"column":23}},"line":338},"25":{"name":"(anonymous_25)","decl":{"start":{"line":341,"column":28},"end":{"line":341,"column":29}},"loc":{"start":{"line":341,"column":39},"end":{"line":341,"column":76}},"line":341},"26":{"name":"(anonymous_26)","decl":{"start":{"line":352,"column":41},"end":{"line":352,"column":42}},"loc":{"start":{"line":353,"column":22},"end":{"line":382,"column":34}},"line":353},"27":{"name":"(anonymous_27)","decl":{"start":{"line":355,"column":31},"end":{"line":355,"column":32}},"loc":{"start":{"line":355,"column":48},"end":{"line":361,"column":25}},"line":355},"28":{"name":"(anonymous_28)","decl":{"start":{"line":362,"column":33},"end":{"line":362,"column":34}},"loc":{"start":{"line":363,"column":26},"end":{"line":368,"column":28}},"line":363},"29":{"name":"(anonymous_29)","decl":{"start":{"line":424,"column":30},"end":{"line":424,"column":31}},"loc":{"start":{"line":424,"column":41},"end":{"line":424,"column":71}},"line":424},"30":{"name":"(anonymous_30)","decl":{"start":{"line":433,"column":36},"end":{"line":433,"column":37}},"loc":{"start":{"line":433,"column":48},"end":{"line":452,"column":17}},"line":433},"31":{"name":"(anonymous_31)","decl":{"start":{"line":440,"column":31},"end":{"line":440,"column":32}},"loc":{"start":{"line":440,"column":37},"end":{"line":440,"column":68}},"line":440},"32":{"name":"(anonymous_32)","decl":{"start":{"line":457,"column":35},"end":{"line":457,"column":36}},"loc":{"start":{"line":457,"column":47},"end":{"line":476,"column":17}},"line":457},"33":{"name":"(anonymous_33)","decl":{"start":{"line":464,"column":31},"end":{"line":464,"column":32}},"loc":{"start":{"line":464,"column":37},"end":{"line":464,"column":79}},"line":464},"34":{"name":"(anonymous_34)","decl":{"start":{"line":485,"column":25},"end":{"line":485,"column":26}},"loc":{"start":{"line":485,"column":42},"end":{"line":488,"column":19}},"line":485},"35":{"name":"(anonymous_35)","decl":{"start":{"line":495,"column":25},"end":{"line":495,"column":26}},"loc":{"start":{"line":495,"column":42},"end":{"line":499,"column":19}},"line":495}},"branchMap":{"0":{"loc":{"start":{"line":95,"column":8},"end":{"line":99,"column":9}},"type":"if","locations":[{"start":{"line":95,"column":8},"end":{"line":99,"column":9}},{"start":{},"end":{}}],"line":95},"1":{"loc":{"start":{"line":102,"column":8},"end":{"line":104,"column":9}},"type":"if","locations":[{"start":{"line":102,"column":8},"end":{"line":104,"column":9}},{"start":{},"end":{}}],"line":102},"2":{"loc":{"start":{"line":114,"column":10},"end":{"line":115,"column":36}},"type":"binary-expr","locations":[{"start":{"line":114,"column":11},"end":{"line":114,"column":68}},{"start":{"line":115,"column":10},"end":{"line":115,"column":36}}],"line":114},"3":{"loc":{"start":{"line":114,"column":11},"end":{"line":114,"column":68}},"type":"cond-expr","locations":[{"start":{"line":114,"column":36},"end":{"line":114,"column":49}},{"start":{"line":114,"column":52},"end":{"line":114,"column":68}}],"line":114},"4":{"loc":{"start":{"line":134,"column":8},"end":{"line":135,"column":66}},"type":"binary-expr","locations":[{"start":{"line":134,"column":8},"end":{"line":134,"column":41}},{"start":{"line":135,"column":8},"end":{"line":135,"column":66}}],"line":134},"5":{"loc":{"start":{"line":137,"column":13},"end":{"line":137,"column":48}},"type":"binary-expr","locations":[{"start":{"line":137,"column":13},"end":{"line":137,"column":28}},{"start":{"line":137,"column":32},"end":{"line":137,"column":48}}],"line":137},"6":{"loc":{"start":{"line":163,"column":26},"end":{"line":163,"column":66}},"type":"binary-expr","locations":[{"start":{"line":163,"column":26},"end":{"line":163,"column":61}},{"start":{"line":163,"column":65},"end":{"line":163,"column":66}}],"line":163},"7":{"loc":{"start":{"line":173,"column":4},"end":{"line":175,"column":5}},"type":"if","locations":[{"start":{"line":173,"column":4},"end":{"line":175,"column":5}},{"start":{},"end":{}}],"line":173},"8":{"loc":{"start":{"line":182,"column":24},"end":{"line":182,"column":69}},"type":"binary-expr","locations":[{"start":{"line":182,"column":24},"end":{"line":182,"column":57}},{"start":{"line":182,"column":61},"end":{"line":182,"column":69}}],"line":182},"9":{"loc":{"start":{"line":184,"column":4},"end":{"line":186,"column":5}},"type":"if","locations":[{"start":{"line":184,"column":4},"end":{"line":186,"column":5}},{"start":{},"end":{}}],"line":184},"10":{"loc":{"start":{"line":184,"column":8},"end":{"line":184,"column":62}},"type":"binary-expr","locations":[{"start":{"line":184,"column":8},"end":{"line":184,"column":19}},{"start":{"line":184,"column":23},"end":{"line":184,"column":62}}],"line":184},"11":{"loc":{"start":{"line":203,"column":4},"end":{"line":205,"column":5}},"type":"if","locations":[{"start":{"line":203,"column":4},"end":{"line":205,"column":5}},{"start":{},"end":{}}],"line":203},"12":{"loc":{"start":{"line":203,"column":8},"end":{"line":203,"column":39}},"type":"binary-expr","locations":[{"start":{"line":203,"column":8},"end":{"line":203,"column":20}},{"start":{"line":203,"column":24},"end":{"line":203,"column":39}}],"line":203},"13":{"loc":{"start":{"line":228,"column":19},"end":{"line":228,"column":64}},"type":"binary-expr","locations":[{"start":{"line":228,"column":19},"end":{"line":228,"column":35}},{"start":{"line":228,"column":39},"end":{"line":228,"column":64}}],"line":228},"14":{"loc":{"start":{"line":235,"column":4},"end":{"line":235,"column":77}},"type":"binary-expr","locations":[{"start":{"line":235,"column":4},"end":{"line":235,"column":38}},{"start":{"line":235,"column":42},"end":{"line":235,"column":58}},{"start":{"line":235,"column":62},"end":{"line":235,"column":77}}],"line":235},"15":{"loc":{"start":{"line":261,"column":14},"end":{"line":261,"column":48}},"type":"binary-expr","locations":[{"start":{"line":261,"column":14},"end":{"line":261,"column":21}},{"start":{"line":261,"column":25},"end":{"line":261,"column":48}}],"line":261},"16":{"loc":{"start":{"line":286,"column":20},"end":{"line":286,"column":60}},"type":"binary-expr","locations":[{"start":{"line":286,"column":20},"end":{"line":286,"column":30}},{"start":{"line":286,"column":34},"end":{"line":286,"column":60}}],"line":286},"17":{"loc":{"start":{"line":293,"column":22},"end":{"line":293,"column":66}},"type":"binary-expr","locations":[{"start":{"line":293,"column":22},"end":{"line":293,"column":32}},{"start":{"line":293,"column":36},"end":{"line":293,"column":66}}],"line":293},"18":{"loc":{"start":{"line":318,"column":13},"end":{"line":387,"column":13}},"type":"cond-expr","locations":[{"start":{"line":319,"column":14},"end":{"line":322,"column":21}},{"start":{"line":323,"column":16},"end":{"line":387,"column":13}}],"line":318},"19":{"loc":{"start":{"line":323,"column":16},"end":{"line":387,"column":13}},"type":"cond-expr","locations":[{"start":{"line":324,"column":14},"end":{"line":327,"column":21}},{"start":{"line":328,"column":16},"end":{"line":387,"column":13}}],"line":323},"20":{"loc":{"start":{"line":328,"column":16},"end":{"line":387,"column":13}},"type":"cond-expr","locations":[{"start":{"line":329,"column":14},"end":{"line":335,"column":21}},{"start":{"line":337,"column":14},"end":{"line":386,"column":16}}],"line":328},"21":{"loc":{"start":{"line":347,"column":23},"end":{"line":347,"column":62}},"type":"cond-expr","locations":[{"start":{"line":347,"column":54},"end":{"line":347,"column":56}},{"start":{"line":347,"column":59},"end":{"line":347,"column":62}}],"line":347},"22":{"loc":{"start":{"line":357,"column":26},"end":{"line":359,"column":53}},"type":"cond-expr","locations":[{"start":{"line":358,"column":30},"end":{"line":358,"column":53}},{"start":{"line":359,"column":30},"end":{"line":359,"column":53}}],"line":357},"23":{"loc":{"start":{"line":360,"column":26},"end":{"line":360,"column":63}},"type":"binary-expr","locations":[{"start":{"line":360,"column":26},"end":{"line":360,"column":33}},{"start":{"line":360,"column":37},"end":{"line":360,"column":63}}],"line":360},"24":{"loc":{"start":{"line":373,"column":27},"end":{"line":377,"column":34}},"type":"cond-expr","locations":[{"start":{"line":374,"column":28},"end":{"line":376,"column":35}},{"start":{"line":377,"column":30},"end":{"line":377,"column":34}}],"line":373},"25":{"loc":{"start":{"line":400,"column":20},"end":{"line":400,"column":65}},"type":"cond-expr","locations":[{"start":{"line":400,"column":44},"end":{"line":400,"column":53}},{"start":{"line":400,"column":56},"end":{"line":400,"column":65}}],"line":400},"26":{"loc":{"start":{"line":439,"column":49},"end":{"line":439,"column":84}},"type":"binary-expr","locations":[{"start":{"line":439,"column":49},"end":{"line":439,"column":57}},{"start":{"line":439,"column":61},"end":{"line":439,"column":84}}],"line":439},"27":{"loc":{"start":{"line":445,"column":26},"end":{"line":445,"column":65}},"type":"binary-expr","locations":[{"start":{"line":445,"column":26},"end":{"line":445,"column":34}},{"start":{"line":445,"column":38},"end":{"line":445,"column":65}}],"line":445},"28":{"loc":{"start":{"line":463,"column":49},"end":{"line":463,"column":84}},"type":"binary-expr","locations":[{"start":{"line":463,"column":49},"end":{"line":463,"column":57}},{"start":{"line":463,"column":61},"end":{"line":463,"column":84}}],"line":463},"29":{"loc":{"start":{"line":469,"column":26},"end":{"line":469,"column":65}},"type":"binary-expr","locations":[{"start":{"line":469,"column":26},"end":{"line":469,"column":34}},{"start":{"line":469,"column":38},"end":{"line":469,"column":65}}],"line":469},"30":{"loc":{"start":{"line":479,"column":15},"end":{"line":481,"column":22}},"type":"cond-expr","locations":[{"start":{"line":480,"column":16},"end":{"line":480,"column":70}},{"start":{"line":481,"column":18},"end":{"line":481,"column":22}}],"line":479},"31":{"loc":{"start":{"line":487,"column":20},"end":{"line":487,"column":57}},"type":"binary-expr","locations":[{"start":{"line":487,"column":20},"end":{"line":487,"column":27}},{"start":{"line":487,"column":31},"end":{"line":487,"column":57}}],"line":487},"32":{"loc":{"start":{"line":497,"column":20},"end":{"line":497,"column":63}},"type":"binary-expr","locations":[{"start":{"line":497,"column":20},"end":{"line":497,"column":34}},{"start":{"line":497,"column":38},"end":{"line":497,"column":63}}],"line":497},"33":{"loc":{"start":{"line":498,"column":20},"end":{"line":498,"column":74}},"type":"binary-expr","locations":[{"start":{"line":498,"column":20},"end":{"line":498,"column":27}},{"start":{"line":498,"column":31},"end":{"line":498,"column":46}},{"start":{"line":498,"column":50},"end":{"line":498,"column":74}}],"line":498},"34":{"loc":{"start":{"line":506,"column":19},"end":{"line":510,"column":19}},"type":"cond-expr","locations":[{"start":{"line":507,"column":20},"end":{"line":507,"column":57}},{"start":{"line":509,"column":20},"end":{"line":509,"column":67}}],"line":506}},"s":{"0":1,"1":1,"2":1,"3":1,"4":50,"5":50,"6":11,"7":11,"8":11,"9":11,"10":11,"11":11,"12":11,"13":11,"14":11,"15":11,"16":11,"17":11,"18":11,"19":11,"20":11,"21":11,"22":11,"23":3,"24":3,"25":3,"26":3,"27":3,"28":3,"29":3,"30":1,"31":1,"32":1,"33":2,"34":2,"35":0,"36":2,"37":2,"38":2,"39":2,"40":0,"41":0,"42":0,"43":0,"44":3,"45":3,"46":11,"47":11,"48":11,"49":11,"50":154,"51":42,"52":42,"53":42,"54":154,"55":11,"56":1,"57":1,"58":11,"59":0,"60":11,"61":1,"62":1,"63":1,"64":1,"65":11,"66":0,"67":0,"68":0,"69":0,"70":0,"71":0,"72":0,"73":11,"74":1,"75":1,"76":11,"77":1,"78":1,"79":1,"80":11,"81":1,"82":1,"83":0,"84":1,"85":1,"86":1,"87":1,"88":1,"89":1,"90":1,"91":1,"92":1,"93":1,"94":1,"95":0,"96":0,"97":1,"98":11,"99":11,"100":10,"101":154,"102":154,"103":0,"104":0,"105":0,"106":3,"107":0,"108":3,"109":2,"110":0,"111":1,"112":44,"113":44,"114":0,"115":154,"116":154,"117":0,"118":3,"119":3,"120":1},"f":{"0":50,"1":50,"2":11,"3":3,"4":3,"5":154,"6":42,"7":154,"8":1,"9":1,"10":0,"11":1,"12":0,"13":0,"14":1,"15":1,"16":1,"17":1,"18":1,"19":10,"20":154,"21":0,"22":0,"23":0,"24":3,"25":0,"26":3,"27":2,"28":0,"29":1,"30":44,"31":0,"32":154,"33":0,"34":3,"35":3},"b":{"0":[1,2],"1":[0,2],"2":[0,0],"3":[0,0],"4":[42,0],"5":[42,3],"6":[1,1],"7":[0,0],"8":[0,0],"9":[0,0],"10":[0,0],"11":[0,1],"12":[1,1],"13":[0,0],"14":[11,2,1],"15":[10,0],"16":[154,11],"17":[154,11],"18":[3,8],"19":[0,8],"20":[5,3],"21":[3,0],"22":[0,2],"23":[2,0],"24":[2,1],"25":[11,0],"26":[44,11],"27":[44,11],"28":[154,11],"29":[154,11],"30":[0,11],"31":[3,0],"32":[3,2],"33":[3,0,0],"34":[1,10]},"_coverageSchema":"1a1c01bbd47fc00a2c39e90264f33305004495a9","hash":"68b155644b2712aa9f5e3f11aa38b5502b492de5"}
,"/Users/sammount/Change-Now/frontend/app/screens/signup.tsx": {"path":"/Users/sammount/Change-Now/frontend/app/screens/signup.tsx","statementMap":{"0":{"start":{"line":15,"column":17},"end":{"line":15,"column":28}},"1":{"start":{"line":16,"column":28},"end":{"line":16,"column":40}},"2":{"start":{"line":17,"column":34},"end":{"line":17,"column":46}},"3":{"start":{"line":18,"column":36},"end":{"line":18,"column":48}},"4":{"start":{"line":19,"column":34},"end":{"line":19,"column":46}},"5":{"start":{"line":20,"column":48},"end":{"line":20,"column":60}},"6":{"start":{"line":21,"column":28},"end":{"line":21,"column":40}},"7":{"start":{"line":22,"column":44},"end":{"line":22,"column":59}},"8":{"start":{"line":24,"column":26},"end":{"line":24,"column":63}},"9":{"start":{"line":26,"column":24},"end":{"line":28,"column":6}},"10":{"start":{"line":30,"column":4},"end":{"line":32,"column":5}},"11":{"start":{"line":31,"column":8},"end":{"line":31,"column":20}},"12":{"start":{"line":34,"column":30},"end":{"line":36,"column":3}},"13":{"start":{"line":35,"column":6},"end":{"line":35,"column":89}},"14":{"start":{"line":37,"column":31},"end":{"line":39,"column":3}},"15":{"start":{"line":38,"column":6},"end":{"line":38,"column":86}},"16":{"start":{"line":41,"column":23},"end":{"line":77,"column":3}},"17":{"start":{"line":42,"column":4},"end":{"line":42,"column":33}},"18":{"start":{"line":43,"column":4},"end":{"line":43,"column":17}},"19":{"start":{"line":45,"column":4},"end":{"line":48,"column":5}},"20":{"start":{"line":46,"column":6},"end":{"line":46,"column":62}},"21":{"start":{"line":47,"column":6},"end":{"line":47,"column":13}},"22":{"start":{"line":51,"column":4},"end":{"line":54,"column":5}},"23":{"start":{"line":52,"column":6},"end":{"line":52,"column":41}},"24":{"start":{"line":53,"column":6},"end":{"line":53,"column":13}},"25":{"start":{"line":56,"column":4},"end":{"line":59,"column":5}},"26":{"start":{"line":57,"column":6},"end":{"line":57,"column":57}},"27":{"start":{"line":58,"column":6},"end":{"line":58,"column":13}},"28":{"start":{"line":61,"column":4},"end":{"line":74,"column":5}},"29":{"start":{"line":62,"column":6},"end":{"line":62,"column":35}},"30":{"start":{"line":63,"column":26},"end":{"line":63,"column":76}},"31":{"start":{"line":64,"column":6},"end":{"line":64,"column":47}},"32":{"start":{"line":65,"column":6},"end":{"line":68,"column":7}},"33":{"start":{"line":66,"column":8},"end":{"line":66,"column":50}},"34":{"start":{"line":67,"column":8},"end":{"line":67,"column":48}},"35":{"start":{"line":69,"column":6},"end":{"line":69,"column":28}},"36":{"start":{"line":70,"column":6},"end":{"line":70,"column":64}},"37":{"start":{"line":72,"column":6},"end":{"line":72,"column":49}},"38":{"start":{"line":79,"column":2},"end":{"line":146,"column":4}},"39":{"start":{"line":131,"column":34},"end":{"line":135,"column":13}},"40":{"start":{"line":139,"column":29},"end":{"line":139,"column":51}},"41":{"start":{"line":140,"column":30},"end":{"line":140,"column":53}},"42":{"start":{"line":149,"column":15},"end":{"line":222,"column":2}}},"fnMap":{"0":{"name":"SignupScreen","decl":{"start":{"line":14,"column":24},"end":{"line":14,"column":36}},"loc":{"start":{"line":14,"column":39},"end":{"line":147,"column":1}},"line":14},"1":{"name":"(anonymous_1)","decl":{"start":{"line":34,"column":30},"end":{"line":34,"column":31}},"loc":{"start":{"line":34,"column":36},"end":{"line":36,"column":3}},"line":34},"2":{"name":"(anonymous_2)","decl":{"start":{"line":37,"column":31},"end":{"line":37,"column":32}},"loc":{"start":{"line":37,"column":37},"end":{"line":39,"column":3}},"line":37},"3":{"name":"(anonymous_3)","decl":{"start":{"line":41,"column":23},"end":{"line":41,"column":24}},"loc":{"start":{"line":41,"column":35},"end":{"line":77,"column":3}},"line":41},"4":{"name":"(anonymous_4)","decl":{"start":{"line":131,"column":19},"end":{"line":131,"column":20}},"loc":{"start":{"line":131,"column":34},"end":{"line":135,"column":13}},"line":131},"5":{"name":"(anonymous_5)","decl":{"start":{"line":139,"column":23},"end":{"line":139,"column":24}},"loc":{"start":{"line":139,"column":29},"end":{"line":139,"column":51}},"line":139},"6":{"name":"(anonymous_6)","decl":{"start":{"line":140,"column":24},"end":{"line":140,"column":25}},"loc":{"start":{"line":140,"column":30},"end":{"line":140,"column":53}},"line":140}},"branchMap":{"0":{"loc":{"start":{"line":30,"column":4},"end":{"line":32,"column":5}},"type":"if","locations":[{"start":{"line":30,"column":4},"end":{"line":32,"column":5}},{"start":{},"end":{}}],"line":30},"1":{"loc":{"start":{"line":45,"column":4},"end":{"line":48,"column":5}},"type":"if","locations":[{"start":{"line":45,"column":4},"end":{"line":48,"column":5}},{"start":{},"end":{}}],"line":45},"2":{"loc":{"start":{"line":45,"column":8},"end":{"line":45,"column":31}},"type":"binary-expr","locations":[{"start":{"line":45,"column":8},"end":{"line":45,"column":18}},{"start":{"line":45,"column":22},"end":{"line":45,"column":31}}],"line":45},"3":{"loc":{"start":{"line":51,"column":4},"end":{"line":54,"column":5}},"type":"if","locations":[{"start":{"line":51,"column":4},"end":{"line":54,"column":5}},{"start":{},"end":{}}],"line":51},"4":{"loc":{"start":{"line":56,"column":4},"end":{"line":59,"column":5}},"type":"if","locations":[{"start":{"line":56,"column":4},"end":{"line":59,"column":5}},{"start":{},"end":{}}],"line":56},"5":{"loc":{"start":{"line":65,"column":6},"end":{"line":68,"column":7}},"type":"if","locations":[{"start":{"line":65,"column":6},"end":{"line":68,"column":7}},{"start":{},"end":{}}],"line":65},"6":{"loc":{"start":{"line":127,"column":7},"end":{"line":127,"column":67}},"type":"cond-expr","locations":[{"start":{"line":127,"column":15},"end":{"line":127,"column":60}},{"start":{"line":127,"column":63},"end":{"line":127,"column":67}}],"line":127},"7":{"loc":{"start":{"line":133,"column":14},"end":{"line":133,"column":57}},"type":"binary-expr","locations":[{"start":{"line":133,"column":14},"end":{"line":133,"column":27}},{"start":{"line":133,"column":31},"end":{"line":133,"column":57}}],"line":133},"8":{"loc":{"start":{"line":134,"column":14},"end":{"line":134,"column":51}},"type":"binary-expr","locations":[{"start":{"line":134,"column":14},"end":{"line":134,"column":21}},{"start":{"line":134,"column":25},"end":{"line":134,"column":51}}],"line":134}},"s":{"0":21,"1":21,"2":21,"3":21,"4":21,"5":21,"6":21,"7":21,"8":21,"9":21,"10":21,"11":0,"12":21,"13":0,"14":21,"15":0,"16":21,"17":3,"18":3,"19":3,"20":0,"21":0,"22":3,"23":1,"24":1,"25":2,"26":1,"27":1,"28":1,"29":1,"30":1,"31":1,"32":1,"33":1,"34":1,"35":0,"36":0,"37":0,"38":21,"39":20,"40":0,"41":0,"42":1},"f":{"0":21,"1":0,"2":0,"3":3,"4":20,"5":0,"6":0},"b":{"0":[0,21],"1":[0,3],"2":[3,3],"3":[1,2],"4":[1,1],"5":[1,0],"6":[2,19],"7":[20,0],"8":[20,0]},"_coverageSchema":"1a1c01bbd47fc00a2c39e90264f33305004495a9","hash":"ed162c6bd3556a1e675af9a2aae24b6703509192"}
,"/Users/sammount/Change-Now/frontend/lib/api.ts": {"path":"/Users/sammount/Change-Now/frontend/lib/api.ts","statementMap":{"0":{"start":{"line":15,"column":18},"end":{"line":15,"column":30}},"1":{"start":{"line":33,"column":22},"end":{"line":50,"column":1}},"2":{"start":{"line":37,"column":16},"end":{"line":37,"column":31}},"3":{"start":{"line":39,"column":2},"end":{"line":44,"column":3}},"4":{"start":{"line":40,"column":17},"end":{"line":40,"column":33}},"5":{"start":{"line":41,"column":4},"end":{"line":41,"column":60}},"6":{"start":{"line":43,"column":4},"end":{"line":43,"column":30}},"7":{"start":{"line":46,"column":16},"end":{"line":46,"column":53}},"8":{"start":{"line":47,"column":2},"end":{"line":47,"column":28}},"9":{"start":{"line":48,"column":2},"end":{"line":48,"column":26}},"10":{"start":{"line":49,"column":2},"end":{"line":49,"column":15}},"11":{"start":{"line":53,"column":2},"end":{"line":57,"column":3}},"12":{"start":{"line":54,"column":4},"end":{"line":56,"column":13}},"13":{"start":{"line":58,"column":2},"end":{"line":58,"column":45}},"14":{"start":{"line":70,"column":48},"end":{"line":70,"column":52}},"15":{"start":{"line":71,"column":43},"end":{"line":73,"column":5}},"16":{"start":{"line":74,"column":4},"end":{"line":79,"column":3}},"17":{"start":{"line":75,"column":18},"end":{"line":75,"column":34}},"18":{"start":{"line":76,"column":4},"end":{"line":78,"column":5}},"19":{"start":{"line":77,"column":6},"end":{"line":77,"column":51}},"20":{"start":{"line":81,"column":14},"end":{"line":85,"column":4}},"21":{"start":{"line":88,"column":2},"end":{"line":92,"column":3}},"22":{"start":{"line":89,"column":4},"end":{"line":89,"column":28}},"23":{"start":{"line":91,"column":4},"end":{"line":91,"column":16}},"24":{"start":{"line":94,"column":2},"end":{"line":100,"column":3}},"25":{"start":{"line":95,"column":20},"end":{"line":95,"column":77}},"26":{"start":{"line":96,"column":18},"end":{"line":96,"column":55}},"27":{"start":{"line":97,"column":4},"end":{"line":97,"column":30}},"28":{"start":{"line":98,"column":4},"end":{"line":98,"column":28}},"29":{"start":{"line":99,"column":4},"end":{"line":99,"column":16}},"30":{"start":{"line":102,"column":2},"end":{"line":102,"column":19}},"31":{"start":{"line":107,"column":14},"end":{"line":107,"column":48}},"32":{"start":{"line":108,"column":2},"end":{"line":108,"column":52}},"33":{"start":{"line":109,"column":14},"end":{"line":109,"column":41}},"34":{"start":{"line":111,"column":2},"end":{"line":113,"column":3}},"35":{"start":{"line":112,"column":4},"end":{"line":112,"column":64}},"36":{"start":{"line":115,"column":2},"end":{"line":115,"column":42}},"37":{"start":{"line":123,"column":14},"end":{"line":127,"column":4}},"38":{"start":{"line":129,"column":2},"end":{"line":131,"column":3}},"39":{"start":{"line":130,"column":4},"end":{"line":130,"column":64}},"40":{"start":{"line":133,"column":2},"end":{"line":133,"column":40}},"41":{"start":{"line":138,"column":14},"end":{"line":138,"column":69}},"42":{"start":{"line":139,"column":2},"end":{"line":139,"column":56}},"43":{"start":{"line":141,"column":13},"end":{"line":141,"column":61}},"44":{"start":{"line":143,"column":2},"end":{"line":143,"column":52}},"45":{"start":{"line":144,"column":2},"end":{"line":144,"column":33}},"46":{"start":{"line":146,"column":14},"end":{"line":146,"column":41}},"47":{"start":{"line":147,"column":2},"end":{"line":147,"column":55}},"48":{"start":{"line":147,"column":15},"end":{"line":147,"column":55}},"49":{"start":{"line":149,"column":2},"end":{"line":149,"column":20}},"50":{"start":{"line":153,"column":14},"end":{"line":157,"column":4}},"51":{"start":{"line":158,"column":2},"end":{"line":160,"column":3}},"52":{"start":{"line":159,"column":4},"end":{"line":159,"column":57}},"53":{"start":{"line":161,"column":2},"end":{"line":161,"column":20}},"54":{"start":{"line":172,"column":14},"end":{"line":181,"column":4}},"55":{"start":{"line":182,"column":2},"end":{"line":184,"column":3}},"56":{"start":{"line":183,"column":4},"end":{"line":183,"column":57}},"57":{"start":{"line":185,"column":2},"end":{"line":185,"column":20}},"58":{"start":{"line":189,"column":14},"end":{"line":189,"column":61}},"59":{"start":{"line":190,"column":2},"end":{"line":190,"column":52}},"60":{"start":{"line":191,"column":14},"end":{"line":193,"column":4}},"61":{"start":{"line":194,"column":2},"end":{"line":196,"column":3}},"62":{"start":{"line":195,"column":4},"end":{"line":195,"column":59}},"63":{"start":{"line":197,"column":2},"end":{"line":197,"column":20}},"64":{"start":{"line":201,"column":14},"end":{"line":201,"column":69}},"65":{"start":{"line":203,"column":13},"end":{"line":203,"column":61}},"66":{"start":{"line":205,"column":2},"end":{"line":205,"column":52}},"67":{"start":{"line":206,"column":2},"end":{"line":206,"column":33}},"68":{"start":{"line":208,"column":14},"end":{"line":208,"column":41}},"69":{"start":{"line":210,"column":2},"end":{"line":212,"column":3}},"70":{"start":{"line":211,"column":4},"end":{"line":211,"column":62}},"71":{"start":{"line":214,"column":2},"end":{"line":214,"column":20}}},"fnMap":{"0":{"name":"(anonymous_0)","decl":{"start":{"line":33,"column":22},"end":{"line":33,"column":23}},"loc":{"start":{"line":36,"column":31},"end":{"line":50,"column":1}},"line":36},"1":{"name":"getToken","decl":{"start":{"line":52,"column":22},"end":{"line":52,"column":30}},"loc":{"start":{"line":52,"column":57},"end":{"line":59,"column":1}},"line":52},"2":{"name":"apiFetch","decl":{"start":{"line":62,"column":22},"end":{"line":62,"column":30}},"loc":{"start":{"line":69,"column":14},"end":{"line":103,"column":1}},"line":69},"3":{"name":"fetchExercises","decl":{"start":{"line":106,"column":22},"end":{"line":106,"column":36}},"loc":{"start":{"line":106,"column":53},"end":{"line":116,"column":1}},"line":106},"4":{"name":"createExercise","decl":{"start":{"line":118,"column":22},"end":{"line":118,"column":36}},"loc":{"start":{"line":122,"column":2},"end":{"line":134,"column":1}},"line":122},"5":{"name":"fetchCurrentSets","decl":{"start":{"line":136,"column":22},"end":{"line":136,"column":38}},"loc":{"start":{"line":136,"column":75},"end":{"line":150,"column":1}},"line":136},"6":{"name":"addSet","decl":{"start":{"line":152,"column":22},"end":{"line":152,"column":28}},"loc":{"start":{"line":152,"column":95},"end":{"line":162,"column":1}},"line":152},"7":{"name":"addLap","decl":{"start":{"line":166,"column":22},"end":{"line":166,"column":28}},"loc":{"start":{"line":171,"column":2},"end":{"line":186,"column":1}},"line":171},"8":{"name":"deleteSet","decl":{"start":{"line":188,"column":22},"end":{"line":188,"column":31}},"loc":{"start":{"line":188,"column":63},"end":{"line":198,"column":1}},"line":188},"9":{"name":"fetchExerciseHistory","decl":{"start":{"line":200,"column":22},"end":{"line":200,"column":42}},"loc":{"start":{"line":200,"column":79},"end":{"line":215,"column":1}},"line":200}},"branchMap":{"0":{"loc":{"start":{"line":41,"column":14},"end":{"line":41,"column":59}},"type":"binary-expr","locations":[{"start":{"line":41,"column":14},"end":{"line":41,"column":26}},{"start":{"line":41,"column":30},"end":{"line":41,"column":40}},{"start":{"line":41,"column":44},"end":{"line":41,"column":59}}],"line":41},"1":{"loc":{"start":{"line":53,"column":2},"end":{"line":57,"column":3}},"type":"if","locations":[{"start":{"line":53,"column":2},"end":{"line":57,"column":3}},{"start":{},"end":{}}],"line":53},"2":{"loc":{"start":{"line":54,"column":11},"end":{"line":56,"column":12}},"type":"cond-expr","locations":[{"start":{"line":55,"column":8},"end":{"line":55,"column":39}},{"start":{"line":56,"column":8},"end":{"line":56,"column":12}}],"line":54},"3":{"loc":{"start":{"line":64,"column":4},"end":{"line":68,"column":10}},"type":"default-arg","locations":[{"start":{"line":68,"column":8},"end":{"line":68,"column":10}}],"line":64},"4":{"loc":{"start":{"line":70,"column":11},"end":{"line":70,"column":25}},"type":"default-arg","locations":[{"start":{"line":70,"column":20},"end":{"line":70,"column":25}}],"line":70},"5":{"loc":{"start":{"line":70,"column":32},"end":{"line":70,"column":43}},"type":"default-arg","locations":[{"start":{"line":70,"column":39},"end":{"line":70,"column":43}}],"line":70},"6":{"loc":{"start":{"line":74,"column":4},"end":{"line":79,"column":3}},"type":"if","locations":[{"start":{"line":74,"column":4},"end":{"line":79,"column":3}},{"start":{},"end":{}}],"line":74},"7":{"loc":{"start":{"line":76,"column":4},"end":{"line":78,"column":5}},"type":"if","locations":[{"start":{"line":76,"column":4},"end":{"line":78,"column":5}},{"start":{},"end":{}}],"line":76},"8":{"loc":{"start":{"line":84,"column":10},"end":{"line":84,"column":49}},"type":"cond-expr","locations":[{"start":{"line":84,"column":17},"end":{"line":84,"column":37}},{"start":{"line":84,"column":40},"end":{"line":84,"column":49}}],"line":84},"9":{"loc":{"start":{"line":94,"column":2},"end":{"line":100,"column":3}},"type":"if","locations":[{"start":{"line":94,"column":2},"end":{"line":100,"column":3}},{"start":{},"end":{}}],"line":94},"10":{"loc":{"start":{"line":95,"column":20},"end":{"line":95,"column":77}},"type":"binary-expr","locations":[{"start":{"line":95,"column":20},"end":{"line":95,"column":31}},{"start":{"line":95,"column":35},"end":{"line":95,"column":77}}],"line":95},"11":{"loc":{"start":{"line":111,"column":2},"end":{"line":113,"column":3}},"type":"if","locations":[{"start":{"line":111,"column":2},"end":{"line":113,"column":3}},{"start":{},"end":{}}],"line":111},"12":{"loc":{"start":{"line":129,"column":2},"end":{"line":131,"column":3}},"type":"if","locations":[{"start":{"line":129,"column":2},"end":{"line":131,"column":3}},{"start":{},"end":{}}],"line":129},"13":{"loc":{"start":{"line":147,"column":2},"end":{"line":147,"column":55}},"type":"if","locations":[{"start":{"line":147,"column":2},"end":{"line":147,"column":55}},{"start":{},"end":{}}],"line":147},"14":{"loc":{"start":{"line":158,"column":2},"end":{"line":160,"column":3}},"type":"if","locations":[{"start":{"line":158,"column":2},"end":{"line":160,"column":3}},{"start":{},"end":{}}],"line":158},"15":{"loc":{"start":{"line":182,"column":2},"end":{"line":184,"column":3}},"type":"if","locations":[{"start":{"line":182,"column":2},"end":{"line":184,"column":3}},{"start":{},"end":{}}],"line":182},"16":{"loc":{"start":{"line":194,"column":2},"end":{"line":196,"column":3}},"type":"if","locations":[{"start":{"line":194,"column":2},"end":{"line":196,"column":3}},{"start":{},"end":{}}],"line":194},"17":{"loc":{"start":{"line":210,"column":2},"end":{"line":212,"column":3}},"type":"if","locations":[{"start":{"line":210,"column":2},"end":{"line":212,"column":3}},{"start":{},"end":{}}],"line":210}},"s":{"0":4,"1":4,"2":3,"3":3,"4":3,"5":3,"6":2,"7":3,"8":3,"9":3,"10":3,"11":0,"12":0,"13":0,"14":0,"15":0,"16":0,"17":0,"18":0,"19":0,"20":0,"21":0,"22":0,"23":0,"24":0,"25":0,"26":0,"27":0,"28":0,"29":0,"30":0,"31":2,"32":2,"33":2,"34":2,"35":1,"36":1,"37":0,"38":0,"39":0,"40":0,"41":2,"42":2,"43":2,"44":2,"45":2,"46":2,"47":2,"48":1,"49":1,"50":2,"51":2,"52":1,"53":1,"54":0,"55":0,"56":0,"57":0,"58":0,"59":0,"60":0,"61":0,"62":0,"63":0,"64":2,"65":2,"66":2,"67":2,"68":2,"69":2,"70":1,"71":1},"f":{"0":3,"1":0,"2":0,"3":2,"4":0,"5":2,"6":2,"7":0,"8":0,"9":2},"b":{"0":[3,0,0],"1":[0,0],"2":[0,0],"3":[0],"4":[0],"5":[0],"6":[0,0],"7":[0,0],"8":[0,0],"9":[0,0],"10":[0,0],"11":[1,1],"12":[0,0],"13":[1,1],"14":[1,1],"15":[0,0],"16":[0,0],"17":[1,1]},"_coverageSchema":"1a1c01bbd47fc00a2c39e90264f33305004495a9","hash":"0efade431a3a744dfa235f66fb098dd25ed64f40"}
,"/Users/sammount/Change-Now/frontend/lib/config.ts": {"path":"/Users/sammount/Change-Now/frontend/lib/config.ts","statementMap":{"0":{"start":{"line":1,"column":34},"end":{"line":1,"column":61}},"1":{"start":{"line":3,"column":2},"end":{"line":3,"column":55}},"2":{"start":{"line":6,"column":2},"end":{"line":6,"column":82}},"3":{"start":{"line":8,"column":35},"end":{"line":29,"column":1}},"4":{"start":{"line":9,"column":19},"end":{"line":9,"column":32}},"5":{"start":{"line":11,"column":2},"end":{"line":13,"column":3}},"6":{"start":{"line":12,"column":4},"end":{"line":12,"column":14}},"7":{"start":{"line":15,"column":2},"end":{"line":28,"column":3}},"8":{"start":{"line":16,"column":22},"end":{"line":16,"column":39}},"9":{"start":{"line":18,"column":4},"end":{"line":23,"column":5}},"10":{"start":{"line":22,"column":6},"end":{"line":22,"column":35}},"11":{"start":{"line":25,"column":4},"end":{"line":25,"column":51}},"12":{"start":{"line":27,"column":4},"end":{"line":27,"column":14}},"13":{"start":{"line":31,"column":29},"end":{"line":31,"column":81}},"14":{"start":{"line":34,"column":2},"end":{"line":34,"column":77}},"15":{"start":{"line":36,"column":40},"end":{"line":37,"column":52}},"16":{"start":{"line":37,"column":2},"end":{"line":37,"column":52}},"17":{"start":{"line":39,"column":27},"end":{"line":47,"column":1}},"18":{"start":{"line":40,"column":29},"end":{"line":40,"column":55}},"19":{"start":{"line":41,"column":2},"end":{"line":43,"column":3}},"20":{"start":{"line":42,"column":4},"end":{"line":42,"column":40}},"21":{"start":{"line":45,"column":25},"end":{"line":45,"column":65}},"22":{"start":{"line":46,"column":2},"end":{"line":46,"column":44}}},"fnMap":{"0":{"name":"(anonymous_0)","decl":{"start":{"line":8,"column":35},"end":{"line":8,"column":36}},"loc":{"start":{"line":8,"column":55},"end":{"line":29,"column":1}},"line":8},"1":{"name":"(anonymous_1)","decl":{"start":{"line":36,"column":40},"end":{"line":36,"column":41}},"loc":{"start":{"line":37,"column":2},"end":{"line":37,"column":52}},"line":37},"2":{"name":"(anonymous_2)","decl":{"start":{"line":39,"column":27},"end":{"line":39,"column":28}},"loc":{"start":{"line":39,"column":45},"end":{"line":47,"column":1}},"line":39}},"branchMap":{"0":{"loc":{"start":{"line":6,"column":2},"end":{"line":6,"column":82}},"type":"cond-expr","locations":[{"start":{"line":6,"column":35},"end":{"line":6,"column":42}},{"start":{"line":6,"column":45},"end":{"line":6,"column":82}}],"line":6},"1":{"loc":{"start":{"line":11,"column":2},"end":{"line":13,"column":3}},"type":"if","locations":[{"start":{"line":11,"column":2},"end":{"line":13,"column":3}},{"start":{},"end":{}}],"line":11},"2":{"loc":{"start":{"line":18,"column":4},"end":{"line":23,"column":5}},"type":"if","locations":[{"start":{"line":18,"column":4},"end":{"line":23,"column":5}},{"start":{},"end":{}}],"line":18},"3":{"loc":{"start":{"line":19,"column":6},"end":{"line":20,"column":68}},"type":"binary-expr","locations":[{"start":{"line":19,"column":6},"end":{"line":19,"column":37}},{"start":{"line":20,"column":6},"end":{"line":20,"column":68}}],"line":19},"4":{"loc":{"start":{"line":34,"column":2},"end":{"line":34,"column":77}},"type":"binary-expr","locations":[{"start":{"line":34,"column":2},"end":{"line":34,"column":22}},{"start":{"line":34,"column":27},"end":{"line":34,"column":76}}],"line":34},"5":{"loc":{"start":{"line":34,"column":27},"end":{"line":34,"column":76}},"type":"cond-expr","locations":[{"start":{"line":34,"column":46},"end":{"line":34,"column":71}},{"start":{"line":34,"column":74},"end":{"line":34,"column":76}}],"line":34},"6":{"loc":{"start":{"line":37,"column":2},"end":{"line":37,"column":52}},"type":"cond-expr","locations":[{"start":{"line":37,"column":17},"end":{"line":37,"column":21}},{"start":{"line":37,"column":24},"end":{"line":37,"column":52}}],"line":37},"7":{"loc":{"start":{"line":41,"column":2},"end":{"line":43,"column":3}},"type":"if","locations":[{"start":{"line":41,"column":2},"end":{"line":43,"column":3}},{"start":{},"end":{}}],"line":41},"8":{"loc":{"start":{"line":45,"column":25},"end":{"line":45,"column":65}},"type":"cond-expr","locations":[{"start":{"line":45,"column":48},"end":{"line":45,"column":52}},{"start":{"line":45,"column":55},"end":{"line":45,"column":65}}],"line":45}},"s":{"0":4,"1":4,"2":4,"3":4,"4":4,"5":4,"6":4,"7":0,"8":0,"9":0,"10":0,"11":0,"12":0,"13":4,"14":4,"15":4,"16":8,"17":4,"18":8,"19":8,"20":0,"21":8,"22":8},"f":{"0":4,"1":8,"2":8},"b":{"0":[4,0],"1":[4,0],"2":[0,0],"3":[0,0],"4":[4,4],"5":[4,0],"6":[8,0],"7":[0,8],"8":[8,0]},"_coverageSchema":"1a1c01bbd47fc00a2c39e90264f33305004495a9","hash":"320faa63d7448b85b0d4bfca3ff2c47622285d67"}
}
