TN:
SF:app/index.tsx
FN:20,LoginScreen
FN:41,(anonymous_1)
FN:42,(anonymous_2)
FN:69,(anonymous_3)
FN:72,(anonymous_4)
FN:76,(anonymous_5)
FN:79,(anonymous_6)
FN:84,(anonymous_7)
FN:107,(anonymous_8)
FN:150,(anonymous_9)
FN:158,(anonymous_10)
FN:159,(anonymous_11)
FN:170,(anonymous_12)
FN:178,(anonymous_13)
FN:179,(anonymous_14)
FNF:15
FNH:7
FNDA:11,LoginScreen
FNDA:9,(anonymous_1)
FNDA:9,(anonymous_2)
FNDA:0,(anonymous_3)
FNDA:0,(anonymous_4)
FNDA:0,(anonymous_5)
FNDA:0,(anonymous_6)
FNDA:2,(anonymous_7)
FNDA:1,(anonymous_8)
FNDA:9,(anonymous_9)
FNDA:0,(anonymous_10)
FNDA:0,(anonymous_11)
FNDA:9,(anonymous_12)
FNDA:0,(anonymous_13)
FNDA:0,(anonymous_14)
DA:29,11
DA:30,11
DA:31,11
DA:34,11
DA:35,11
DA:36,11
DA:38,11
DA:39,11
DA:41,11
DA:42,9
DA:43,9
DA:44,9
DA:45,9
DA:46,9
DA:47,0
DA:48,0
DA:51,9
DA:53,0
DA:57,9
DA:61,11
DA:65,11
DA:66,0
DA:69,11
DA:70,0
DA:72,11
DA:73,0
DA:76,11
DA:77,0
DA:79,11
DA:80,0
DA:84,11
DA:85,2
DA:86,2
DA:87,2
DA:88,0
DA:89,0
DA:92,2
DA:93,2
DA:94,2
DA:95,1
DA:96,1
DA:98,1
DA:99,1
DA:101,0
DA:102,0
DA:103,0
DA:107,11
DA:108,1
DA:112,11
DA:150,9
DA:158,0
DA:159,0
DA:170,9
DA:178,0
DA:179,0
DA:188,1
LF:56
LH:39
BRDA:46,0,0,0
BRDA:46,0,1,9
BRDA:65,1,0,0
BRDA:65,1,1,11
BRDA:87,2,0,0
BRDA:87,2,1,2
BRDA:87,3,0,2
BRDA:87,3,1,2
BRDA:94,4,0,1
BRDA:94,4,1,1
BRDA:98,5,0,1
BRDA:98,5,1,0
BRDA:140,6,0,1
BRDA:140,6,1,10
BRDA:145,7,0,11
BRDA:145,7,1,10
BRDA:152,8,0,9
BRDA:152,8,1,0
BRDA:153,9,0,9
BRDA:153,9,1,0
BRDA:172,10,0,9
BRDA:172,10,1,0
BRDA:173,11,0,9
BRDA:173,11,1,0
BRF:24
BRH:16
end_of_record
TN:
SF:app/(tabs)/exerciselibrary.tsx
FN:63,(anonymous_0)
FN:66,(anonymous_1)
FN:69,ExerciseLibrary
FN:88,(anonymous_3)
FN:89,(anonymous_4)
FN:129,(anonymous_5)
FN:131,(anonymous_6)
FN:139,(anonymous_7)
FN:141,(anonymous_8)
FN:142,(anonymous_9)
FN:148,(anonymous_10)
FN:157,(anonymous_11)
FN:170,(anonymous_12)
FN:182,(anonymous_13)
FN:189,(anonymous_14)
FN:194,(anonymous_15)
FN:200,(anonymous_16)
FN:219,(anonymous_17)
FN:223,(anonymous_18)
FN:259,(anonymous_19)
FN:278,(anonymous_20)
FN:288,(anonymous_21)
FN:309,(anonymous_22)
FN:312,(anonymous_23)
FN:337,(anonymous_24)
FN:341,(anonymous_25)
FN:352,(anonymous_26)
FN:355,(anonymous_27)
FN:362,(anonymous_28)
FN:424,(anonymous_29)
FN:433,(anonymous_30)
FN:440,(anonymous_31)
FN:457,(anonymous_32)
FN:464,(anonymous_33)
FN:485,(anonymous_34)
FN:495,(anonymous_35)
FNF:36
FNH:26
FNDA:50,(anonymous_0)
FNDA:50,(anonymous_1)
FNDA:11,ExerciseLibrary
FNDA:3,(anonymous_3)
FNDA:3,(anonymous_4)
FNDA:154,(anonymous_5)
FNDA:42,(anonymous_6)
FNDA:154,(anonymous_7)
FNDA:1,(anonymous_8)
FNDA:1,(anonymous_9)
FNDA:0,(anonymous_10)
FNDA:1,(anonymous_11)
FNDA:0,(anonymous_12)
FNDA:0,(anonymous_13)
FNDA:1,(anonymous_14)
FNDA:1,(anonymous_15)
FNDA:1,(anonymous_16)
FNDA:1,(anonymous_17)
FNDA:1,(anonymous_18)
FNDA:10,(anonymous_19)
FNDA:154,(anonymous_20)
FNDA:0,(anonymous_21)
FNDA:0,(anonymous_22)
FNDA:0,(anonymous_23)
FNDA:3,(anonymous_24)
FNDA:0,(anonymous_25)
FNDA:3,(anonymous_26)
FNDA:2,(anonymous_27)
FNDA:0,(anonymous_28)
FNDA:1,(anonymous_29)
FNDA:44,(anonymous_30)
FNDA:0,(anonymous_31)
FNDA:154,(anonymous_32)
FNDA:0,(anonymous_33)
FNDA:3,(anonymous_34)
FNDA:3,(anonymous_35)
DA:38,1
DA:55,1
DA:57,1
DA:63,1
DA:64,50
DA:66,50
DA:70,11
DA:71,11
DA:72,11
DA:73,11
DA:74,11
DA:75,11
DA:77,11
DA:78,11
DA:79,11
DA:80,11
DA:81,11
DA:82,11
DA:83,11
DA:84,11
DA:85,11
DA:86,11
DA:88,11
DA:89,3
DA:90,3
DA:91,3
DA:92,3
DA:93,3
DA:94,3
DA:95,3
DA:96,1
DA:97,1
DA:98,1
DA:101,2
DA:102,2
DA:103,0
DA:106,2
DA:107,2
DA:109,2
DA:110,2
DA:112,0
DA:114,0
DA:116,0
DA:117,0
DA:119,3
DA:123,3
DA:126,11
DA:127,11
DA:128,11
DA:129,154
DA:132,42
DA:134,42
DA:137,42
DA:139,154
DA:141,11
DA:142,1
DA:148,11
DA:152,0
DA:157,11
DA:160,1
DA:161,1
DA:163,1
DA:164,1
DA:170,11
DA:173,0
DA:174,0
DA:179,0
DA:180,0
DA:182,0
DA:184,0
DA:185,0
DA:189,11
DA:190,1
DA:191,1
DA:194,11
DA:195,1
DA:196,1
DA:197,1
DA:200,11
DA:201,1
DA:203,1
DA:204,0
DA:207,1
DA:208,1
DA:210,1
DA:211,1
DA:218,1
DA:219,1
DA:220,1
DA:221,1
DA:223,1
DA:224,1
DA:227,0
DA:228,0
DA:230,1
DA:235,11
DA:237,11
DA:259,10
DA:279,154
DA:281,154
DA:288,0
DA:310,0
DA:314,0
DA:338,3
DA:341,0
DA:353,3
DA:355,2
DA:363,0
DA:424,1
DA:434,44
DA:436,44
DA:440,0
DA:458,154
DA:460,154
DA:464,0
DA:485,3
DA:495,3
DA:521,1
LF:118
LH:95
BRDA:95,0,0,1
BRDA:95,0,1,2
BRDA:102,1,0,0
BRDA:102,1,1,2
BRDA:114,2,0,0
BRDA:114,2,1,0
BRDA:114,3,0,0
BRDA:114,3,1,0
BRDA:134,4,0,42
BRDA:134,4,1,0
BRDA:137,5,0,42
BRDA:137,5,1,3
BRDA:163,6,0,1
BRDA:163,6,1,1
BRDA:173,7,0,0
BRDA:173,7,1,0
BRDA:182,8,0,0
BRDA:182,8,1,0
BRDA:184,9,0,0
BRDA:184,9,1,0
BRDA:184,10,0,0
BRDA:184,10,1,0
BRDA:203,11,0,0
BRDA:203,11,1,1
BRDA:203,12,0,1
BRDA:203,12,1,1
BRDA:228,13,0,0
BRDA:228,13,1,0
BRDA:235,14,0,11
BRDA:235,14,1,2
BRDA:235,14,2,1
BRDA:261,15,0,10
BRDA:261,15,1,0
BRDA:286,16,0,154
BRDA:286,16,1,11
BRDA:293,17,0,154
BRDA:293,17,1,11
BRDA:318,18,0,3
BRDA:318,18,1,8
BRDA:323,19,0,0
BRDA:323,19,1,8
BRDA:328,20,0,5
BRDA:328,20,1,3
BRDA:347,21,0,3
BRDA:347,21,1,0
BRDA:357,22,0,0
BRDA:357,22,1,2
BRDA:360,23,0,2
BRDA:360,23,1,0
BRDA:373,24,0,2
BRDA:373,24,1,1
BRDA:400,25,0,11
BRDA:400,25,1,0
BRDA:439,26,0,44
BRDA:439,26,1,11
BRDA:445,27,0,44
BRDA:445,27,1,11
BRDA:463,28,0,154
BRDA:463,28,1,11
BRDA:469,29,0,154
BRDA:469,29,1,11
BRDA:479,30,0,0
BRDA:479,30,1,11
BRDA:487,31,0,3
BRDA:487,31,1,0
BRDA:497,32,0,3
BRDA:497,32,1,2
BRDA:498,33,0,3
BRDA:498,33,1,0
BRDA:498,33,2,0
BRDA:506,34,0,1
BRDA:506,34,1,10
BRF:72
BRH:45
end_of_record
TN:
SF:app/screens/signup.tsx
FN:14,SignupScreen
FN:34,(anonymous_1)
FN:37,(anonymous_2)
FN:41,(anonymous_3)
FN:131,(anonymous_4)
FN:139,(anonymous_5)
FN:140,(anonymous_6)
FNF:7
FNH:3
FNDA:21,SignupScreen
FNDA:0,(anonymous_1)
FNDA:0,(anonymous_2)
FNDA:3,(anonymous_3)
FNDA:20,(anonymous_4)
FNDA:0,(anonymous_5)
FNDA:0,(anonymous_6)
DA:15,21
DA:16,21
DA:17,21
DA:18,21
DA:19,21
DA:20,21
DA:21,21
DA:22,21
DA:24,21
DA:26,21
DA:30,21
DA:31,0
DA:34,21
DA:35,0
DA:37,21
DA:38,0
DA:41,21
DA:42,3
DA:43,3
DA:45,3
DA:46,0
DA:47,0
DA:51,3
DA:52,1
DA:53,1
DA:56,2
DA:57,1
DA:58,1
DA:61,1
DA:62,1
DA:63,1
DA:64,1
DA:65,1
DA:66,1
DA:67,1
DA:69,0
DA:70,0
DA:72,0
DA:79,21
DA:131,20
DA:139,0
DA:140,0
DA:149,1
LF:43
LH:33
BRDA:30,0,0,0
BRDA:30,0,1,21
BRDA:45,1,0,0
BRDA:45,1,1,3
BRDA:45,2,0,3
BRDA:45,2,1,3
BRDA:51,3,0,1
BRDA:51,3,1,2
BRDA:56,4,0,1
BRDA:56,4,1,1
BRDA:65,5,0,1
BRDA:65,5,1,0
BRDA:127,6,0,2
BRDA:127,6,1,19
BRDA:133,7,0,20
BRDA:133,7,1,0
BRDA:134,8,0,20
BRDA:134,8,1,0
BRF:18
BRH:13
end_of_record
TN:
SF:lib/api.ts
FN:33,(anonymous_0)
FN:52,getToken
FN:62,apiFetch
FN:106,fetchExercises
FN:118,createExercise
FN:136,fetchCurrentSets
FN:152,addSet
FN:166,addLap
FN:188,deleteSet
FN:200,fetchExerciseHistory
FNF:10
FNH:5
FNDA:3,(anonymous_0)
FNDA:0,getToken
FNDA:0,apiFetch
FNDA:2,fetchExercises
FNDA:0,createExercise
FNDA:2,fetchCurrentSets
FNDA:2,addSet
FNDA:0,addLap
FNDA:0,deleteSet
FNDA:2,fetchExerciseHistory
DA:15,4
DA:33,4
DA:37,3
DA:39,3
DA:40,3
DA:41,3
DA:43,2
DA:46,3
DA:47,3
DA:48,3
DA:49,3
DA:53,0
DA:54,0
DA:58,0
DA:70,0
DA:71,0
DA:74,0
DA:75,0
DA:76,0
DA:77,0
DA:81,0
DA:88,0
DA:89,0
DA:91,0
DA:94,0
DA:95,0
DA:96,0
DA:97,0
DA:98,0
DA:99,0
DA:102,0
DA:107,2
DA:108,2
DA:109,2
DA:111,2
DA:112,1
DA:115,1
DA:123,0
DA:129,0
DA:130,0
DA:133,0
DA:138,2
DA:139,2
DA:141,2
DA:143,2
DA:144,2
DA:146,2
DA:147,2
DA:149,1
DA:153,2
DA:158,2
DA:159,1
DA:161,1
DA:172,0
DA:182,0
DA:183,0
DA:185,0
DA:189,0
DA:190,0
DA:191,0
DA:194,0
DA:195,0
DA:197,0
DA:201,2
DA:203,2
DA:205,2
DA:206,2
DA:208,2
DA:210,2
DA:211,1
DA:214,1
LF:71
LH:37
BRDA:41,0,0,3
BRDA:41,0,1,0
BRDA:41,0,2,0
BRDA:53,1,0,0
BRDA:53,1,1,0
BRDA:54,2,0,0
BRDA:54,2,1,0
BRDA:64,3,0,0
BRDA:70,4,0,0
BRDA:70,5,0,0
BRDA:74,6,0,0
BRDA:74,6,1,0
BRDA:76,7,0,0
BRDA:76,7,1,0
BRDA:84,8,0,0
BRDA:84,8,1,0
BRDA:94,9,0,0
BRDA:94,9,1,0
BRDA:95,10,0,0
BRDA:95,10,1,0
BRDA:111,11,0,1
BRDA:111,11,1,1
BRDA:129,12,0,0
BRDA:129,12,1,0
BRDA:147,13,0,1
BRDA:147,13,1,1
BRDA:158,14,0,1
BRDA:158,14,1,1
BRDA:182,15,0,0
BRDA:182,15,1,0
BRDA:194,16,0,0
BRDA:194,16,1,0
BRDA:210,17,0,1
BRDA:210,17,1,1
BRF:34
BRH:9
end_of_record
TN:
SF:lib/config.ts
FN:8,(anonymous_0)
FN:36,(anonymous_1)
FN:39,(anonymous_2)
FNF:3
FNH:3
FNDA:4,(anonymous_0)
FNDA:8,(anonymous_1)
FNDA:8,(anonymous_2)
DA:1,4
DA:3,4
DA:6,4
DA:8,4
DA:9,4
DA:11,4
DA:12,4
DA:15,0
DA:16,0
DA:18,0
DA:22,0
DA:25,0
DA:27,0
DA:31,4
DA:34,4
DA:36,4
DA:37,8
DA:39,4
DA:40,8
DA:41,8
DA:42,0
DA:45,8
DA:46,8
LF:23
LH:16
BRDA:6,0,0,4
BRDA:6,0,1,0
BRDA:11,1,0,4
BRDA:11,1,1,0
BRDA:18,2,0,0
BRDA:18,2,1,0
BRDA:19,3,0,0
BRDA:19,3,1,0
BRDA:34,4,0,4
BRDA:34,4,1,4
BRDA:34,5,0,4
BRDA:34,5,1,0
BRDA:37,6,0,8
BRDA:37,6,1,0
BRDA:41,7,0,0
BRDA:41,7,1,8
BRDA:45,8,0,8
BRDA:45,8,1,0
BRF:18
BRH:8
end_of_record
