{"/Users/sammount/Change-Now/backend/dbconnection.js": {"path":"/Users/sammount/Change-Now/backend/dbconnection.js","statementMap":{"0":{"start":{"line":9,"column":17},"end":{"line":9,"column":30}},"1":{"start":{"line":11,"column":13},"end":{"line":11,"column":69}},"2":{"start":{"line":13,"column":0},"end":{"line":13,"column":21}}},"fnMap":{},"branchMap":{},"s":{"0":2,"1":2,"2":2},"f":{},"b":{},"_coverageSchema":"1a1c01bbd47fc00a2c39e90264f33305004495a9","hash":"7f36c365bbc2e5bfacd7019848bf6b9a948049c8"}
,"/Users/sammount/Change-Now/backend/server.js": {"path":"/Users/sammount/Change-Now/backend/server.js","statementMap":{"0":{"start":{"line":12,"column":0},"end":{"line":12,"column":27}},"1":{"start":{"line":14,"column":16},"end":{"line":14,"column":34}},"2":{"start":{"line":15,"column":19},"end":{"line":15,"column":43}},"3":{"start":{"line":16,"column":23},"end":{"line":16,"column":57}},"4":{"start":{"line":17,"column":22},"end":{"line":17,"column":50}},"5":{"start":{"line":18,"column":19},"end":{"line":18,"column":43}},"6":{"start":{"line":19,"column":21},"end":{"line":19,"column":45}},"7":{"start":{"line":20,"column":18},"end":{"line":20,"column":47}},"8":{"start":{"line":21,"column":13},"end":{"line":21,"column":38}},"9":{"start":{"line":29,"column":4},"end":{"line":29,"column":31}},"10":{"start":{"line":31,"column":12},"end":{"line":31,"column":21}},"11":{"start":{"line":32,"column":13},"end":{"line":32,"column":28}},"12":{"start":{"line":35,"column":13},"end":{"line":35,"column":37}},"13":{"start":{"line":36,"column":13},"end":{"line":36,"column":42}},"14":{"start":{"line":37,"column":21},"end":{"line":37,"column":42}},"15":{"start":{"line":38,"column":20},"end":{"line":38,"column":36}},"16":{"start":{"line":39,"column":38},"end":{"line":39,"column":62}},"17":{"start":{"line":41,"column":0},"end":{"line":41,"column":27}},"18":{"start":{"line":43,"column":0},"end":{"line":43,"column":28}},"19":{"start":{"line":44,"column":0},"end":{"line":46,"column":1}},"20":{"start":{"line":45,"column":4},"end":{"line":45,"column":30}},"21":{"start":{"line":48,"column":0},"end":{"line":48,"column":27}},"22":{"start":{"line":50,"column":0},"end":{"line":52,"column":1}},"23":{"start":{"line":51,"column":4},"end":{"line":51,"column":62}},"24":{"start":{"line":54,"column":23},"end":{"line":57,"column":1}},"25":{"start":{"line":55,"column":4},"end":{"line":55,"column":30}},"26":{"start":{"line":56,"column":4},"end":{"line":56,"column":39}},"27":{"start":{"line":65,"column":23},"end":{"line":100,"column":1}},"28":{"start":{"line":101,"column":0},"end":{"line":101,"column":40}},"29":{"start":{"line":103,"column":30},"end":{"line":103,"column":58}},"30":{"start":{"line":105,"column":0},"end":{"line":105,"column":24}},"31":{"start":{"line":107,"column":0},"end":{"line":110,"column":2}},"32":{"start":{"line":112,"column":0},"end":{"line":112,"column":36}},"33":{"start":{"line":113,"column":0},"end":{"line":113,"column":36}},"34":{"start":{"line":116,"column":0},"end":{"line":116,"column":38}},"35":{"start":{"line":118,"column":0},"end":{"line":118,"column":36}},"36":{"start":{"line":132,"column":0},"end":{"line":148,"column":3}},"37":{"start":{"line":133,"column":4},"end":{"line":147,"column":7}},"38":{"start":{"line":161,"column":0},"end":{"line":168,"column":3}},"39":{"start":{"line":162,"column":4},"end":{"line":167,"column":7}},"40":{"start":{"line":191,"column":0},"end":{"line":209,"column":3}},"41":{"start":{"line":192,"column":4},"end":{"line":208,"column":5}},"42":{"start":{"line":193,"column":8},"end":{"line":193,"column":37}},"43":{"start":{"line":194,"column":8},"end":{"line":199,"column":11}},"44":{"start":{"line":201,"column":8},"end":{"line":201,"column":56}},"45":{"start":{"line":202,"column":8},"end":{"line":207,"column":11}},"46":{"start":{"line":213,"column":0},"end":{"line":218,"column":1}},"47":{"start":{"line":214,"column":4},"end":{"line":217,"column":7}},"48":{"start":{"line":215,"column":8},"end":{"line":215,"column":59}},"49":{"start":{"line":216,"column":8},"end":{"line":216,"column":55}},"50":{"start":{"line":221,"column":0},"end":{"line":221,"column":21}}},"fnMap":{"0":{"name":"(anonymous_0)","decl":{"start":{"line":54,"column":23},"end":{"line":54,"column":24}},"loc":{"start":{"line":54,"column":45},"end":{"line":57,"column":1}},"line":54},"1":{"name":"(anonymous_1)","decl":{"start":{"line":132,"column":13},"end":{"line":132,"column":14}},"loc":{"start":{"line":132,"column":27},"end":{"line":148,"column":1}},"line":132},"2":{"name":"(anonymous_2)","decl":{"start":{"line":161,"column":36},"end":{"line":161,"column":37}},"loc":{"start":{"line":161,"column":50},"end":{"line":168,"column":1}},"line":161},"3":{"name":"(anonymous_3)","decl":{"start":{"line":191,"column":34},"end":{"line":191,"column":35}},"loc":{"start":{"line":191,"column":54},"end":{"line":209,"column":1}},"line":191},"4":{"name":"(anonymous_4)","decl":{"start":{"line":214,"column":27},"end":{"line":214,"column":28}},"loc":{"start":{"line":214,"column":33},"end":{"line":217,"column":5}},"line":214}},"branchMap":{"0":{"loc":{"start":{"line":35,"column":13},"end":{"line":35,"column":37}},"type":"binary-expr","locations":[{"start":{"line":35,"column":13},"end":{"line":35,"column":29}},{"start":{"line":35,"column":33},"end":{"line":35,"column":37}}],"line":35},"1":{"loc":{"start":{"line":36,"column":13},"end":{"line":36,"column":42}},"type":"binary-expr","locations":[{"start":{"line":36,"column":13},"end":{"line":36,"column":29}},{"start":{"line":36,"column":33},"end":{"line":36,"column":42}}],"line":36},"2":{"loc":{"start":{"line":44,"column":0},"end":{"line":46,"column":1}},"type":"if","locations":[{"start":{"line":44,"column":0},"end":{"line":46,"column":1}},{"start":{},"end":{}}],"line":44},"3":{"loc":{"start":{"line":88,"column":29},"end":{"line":88,"column":114}},"type":"cond-expr","locations":[{"start":{"line":88,"column":69},"end":{"line":88,"column":88}},{"start":{"line":88,"column":91},"end":{"line":88,"column":114}}],"line":88},"4":{"loc":{"start":{"line":213,"column":0},"end":{"line":218,"column":1}},"type":"if","locations":[{"start":{"line":213,"column":0},"end":{"line":218,"column":1}},{"start":{},"end":{}}],"line":213}},"s":{"0":2,"1":2,"2":2,"3":2,"4":2,"5":2,"6":2,"7":2,"8":2,"9":2,"10":2,"11":2,"12":2,"13":2,"14":2,"15":2,"16":2,"17":2,"18":2,"19":2,"20":2,"21":2,"22":2,"23":0,"24":2,"25":4,"26":4,"27":2,"28":2,"29":2,"30":2,"31":2,"32":2,"33":2,"34":2,"35":2,"36":2,"37":0,"38":2,"39":1,"40":2,"41":0,"42":0,"43":0,"44":0,"45":0,"46":2,"47":0,"48":0,"49":0,"50":2},"f":{"0":4,"1":0,"2":1,"3":0,"4":0},"b":{"0":[2,0],"1":[2,2],"2":[2,0],"3":[0,2],"4":[0,2]},"_coverageSchema":"1a1c01bbd47fc00a2c39e90264f33305004495a9","hash":"fb1037f7145b3963b55a1accaa94bdeeadffe22a"}
,"/Users/sammount/Change-Now/backend/config/runtime.js": {"path":"/Users/sammount/Change-Now/backend/config/runtime.js","statementMap":{"0":{"start":{"line":9,"column":21},"end":{"line":24,"column":1}},"1":{"start":{"line":10,"column":2},"end":{"line":12,"column":3}},"2":{"start":{"line":11,"column":4},"end":{"line":11,"column":20}},"3":{"start":{"line":14,"column":21},"end":{"line":14,"column":47}},"4":{"start":{"line":15,"column":2},"end":{"line":17,"column":3}},"5":{"start":{"line":16,"column":4},"end":{"line":16,"column":16}},"6":{"start":{"line":19,"column":2},"end":{"line":21,"column":3}},"7":{"start":{"line":20,"column":4},"end":{"line":20,"column":17}},"8":{"start":{"line":23,"column":2},"end":{"line":23,"column":18}},"9":{"start":{"line":26,"column":21},"end":{"line":37,"column":1}},"10":{"start":{"line":27,"column":19},"end":{"line":27,"column":32}},"11":{"start":{"line":28,"column":2},"end":{"line":30,"column":3}},"12":{"start":{"line":29,"column":4},"end":{"line":29,"column":14}},"13":{"start":{"line":32,"column":2},"end":{"line":36,"column":3}},"14":{"start":{"line":33,"column":4},"end":{"line":33,"column":59}},"15":{"start":{"line":35,"column":4},"end":{"line":35,"column":14}},"16":{"start":{"line":39,"column":24},"end":{"line":43,"column":20}},"17":{"start":{"line":40,"column":2},"end":{"line":43,"column":20}},"18":{"start":{"line":42,"column":21},"end":{"line":42,"column":34}},"19":{"start":{"line":45,"column":26},"end":{"line":51,"column":63}},"20":{"start":{"line":46,"column":2},"end":{"line":51,"column":63}},"21":{"start":{"line":53,"column":34},"end":{"line":54,"column":94}},"22":{"start":{"line":54,"column":2},"end":{"line":54,"column":94}},"23":{"start":{"line":56,"column":21},"end":{"line":56,"column":58}},"24":{"start":{"line":58,"column":21},"end":{"line":58,"column":74}},"25":{"start":{"line":59,"column":23},"end":{"line":59,"column":86}},"26":{"start":{"line":60,"column":28},"end":{"line":60,"column":75}},"27":{"start":{"line":61,"column":30},"end":{"line":61,"column":79}},"28":{"start":{"line":62,"column":25},"end":{"line":62,"column":76}},"29":{"start":{"line":64,"column":24},"end":{"line":65,"column":72}},"30":{"start":{"line":65,"column":2},"end":{"line":65,"column":72}},"31":{"start":{"line":67,"column":28},"end":{"line":78,"column":1}},"32":{"start":{"line":68,"column":23},"end":{"line":68,"column":63}},"33":{"start":{"line":69,"column":2},"end":{"line":71,"column":3}},"34":{"start":{"line":70,"column":4},"end":{"line":70,"column":16}},"35":{"start":{"line":73,"column":2},"end":{"line":77,"column":3}},"36":{"start":{"line":74,"column":4},"end":{"line":74,"column":33}},"37":{"start":{"line":76,"column":4},"end":{"line":76,"column":16}},"38":{"start":{"line":80,"column":32},"end":{"line":86,"column":2}},"39":{"start":{"line":80,"column":45},"end":{"line":86,"column":1}},"40":{"start":{"line":88,"column":37},"end":{"line":93,"column":2}},"41":{"start":{"line":88,"column":44},"end":{"line":93,"column":1}},"42":{"start":{"line":100,"column":24},"end":{"line":119,"column":1}},"43":{"start":{"line":101,"column":2},"end":{"line":103,"column":3}},"44":{"start":{"line":102,"column":4},"end":{"line":102,"column":16}},"45":{"start":{"line":105,"column":2},"end":{"line":107,"column":3}},"46":{"start":{"line":106,"column":4},"end":{"line":106,"column":16}},"47":{"start":{"line":109,"column":2},"end":{"line":116,"column":3}},"48":{"start":{"line":110,"column":25},"end":{"line":110,"column":40}},"49":{"start":{"line":111,"column":4},"end":{"line":113,"column":5}},"50":{"start":{"line":112,"column":6},"end":{"line":112,"column":54}},"51":{"start":{"line":115,"column":4},"end":{"line":115,"column":17}},"52":{"start":{"line":118,"column":2},"end":{"line":118,"column":15}},"53":{"start":{"line":124,"column":23},"end":{"line":134,"column":2}},"54":{"start":{"line":124,"column":30},"end":{"line":134,"column":1}},"55":{"start":{"line":126,"column":4},"end":{"line":129,"column":5}},"56":{"start":{"line":127,"column":6},"end":{"line":127,"column":27}},"57":{"start":{"line":128,"column":6},"end":{"line":128,"column":13}},"58":{"start":{"line":131,"column":4},"end":{"line":131,"column":65}},"59":{"start":{"line":141,"column":31},"end":{"line":189,"column":1}},"60":{"start":{"line":142,"column":17},"end":{"line":142,"column":19}},"61":{"start":{"line":143,"column":19},"end":{"line":143,"column":21}},"62":{"start":{"line":144,"column":25},"end":{"line":144,"column":66}},"63":{"start":{"line":145,"column":23},"end":{"line":147,"column":3}},"64":{"start":{"line":148,"column":27},"end":{"line":148,"column":48}},"65":{"start":{"line":150,"column":2},"end":{"line":170,"column":3}},"66":{"start":{"line":151,"column":4},"end":{"line":153,"column":5}},"67":{"start":{"line":152,"column":6},"end":{"line":152,"column":61}},"68":{"start":{"line":155,"column":4},"end":{"line":157,"column":5}},"69":{"start":{"line":156,"column":6},"end":{"line":156,"column":70}},"70":{"start":{"line":159,"column":4},"end":{"line":169,"column":5}},"71":{"start":{"line":160,"column":6},"end":{"line":160,"column":63}},"72":{"start":{"line":162,"column":6},"end":{"line":164,"column":7}},"73":{"start":{"line":163,"column":8},"end":{"line":163,"column":68}},"74":{"start":{"line":166,"column":6},"end":{"line":168,"column":7}},"75":{"start":{"line":167,"column":8},"end":{"line":167,"column":100}},"76":{"start":{"line":172,"column":2},"end":{"line":174,"column":3}},"77":{"start":{"line":173,"column":4},"end":{"line":173,"column":47}},"78":{"start":{"line":176,"column":2},"end":{"line":178,"column":3}},"79":{"start":{"line":177,"column":4},"end":{"line":177,"column":102}},"80":{"start":{"line":180,"column":2},"end":{"line":182,"column":3}},"81":{"start":{"line":181,"column":4},"end":{"line":181,"column":100}},"82":{"start":{"line":184,"column":2},"end":{"line":186,"column":3}},"83":{"start":{"line":185,"column":4},"end":{"line":185,"column":107}},"84":{"start":{"line":188,"column":2},"end":{"line":188,"column":30}},"85":{"start":{"line":194,"column":33},"end":{"line":201,"column":1}},"86":{"start":{"line":195,"column":21},"end":{"line":195,"column":45}},"87":{"start":{"line":196,"column":2},"end":{"line":200,"column":3}},"88":{"start":{"line":197,"column":4},"end":{"line":199,"column":6}},"89":{"start":{"line":198,"column":66},"end":{"line":198,"column":78}},"90":{"start":{"line":203,"column":0},"end":{"line":215,"column":2}}},"fnMap":{"0":{"name":"(anonymous_0)","decl":{"start":{"line":9,"column":21},"end":{"line":9,"column":22}},"loc":{"start":{"line":9,"column":50},"end":{"line":24,"column":1}},"line":9},"1":{"name":"(anonymous_1)","decl":{"start":{"line":26,"column":21},"end":{"line":26,"column":22}},"loc":{"start":{"line":26,"column":32},"end":{"line":37,"column":1}},"line":26},"2":{"name":"(anonymous_2)","decl":{"start":{"line":39,"column":24},"end":{"line":39,"column":25}},"loc":{"start":{"line":40,"column":2},"end":{"line":43,"column":20}},"line":40},"3":{"name":"(anonymous_3)","decl":{"start":{"line":42,"column":9},"end":{"line":42,"column":10}},"loc":{"start":{"line":42,"column":21},"end":{"line":42,"column":34}},"line":42},"4":{"name":"(anonymous_4)","decl":{"start":{"line":45,"column":26},"end":{"line":45,"column":27}},"loc":{"start":{"line":46,"column":2},"end":{"line":51,"column":63}},"line":46},"5":{"name":"(anonymous_5)","decl":{"start":{"line":53,"column":34},"end":{"line":53,"column":35}},"loc":{"start":{"line":54,"column":2},"end":{"line":54,"column":94}},"line":54},"6":{"name":"(anonymous_6)","decl":{"start":{"line":64,"column":24},"end":{"line":64,"column":25}},"loc":{"start":{"line":65,"column":2},"end":{"line":65,"column":72}},"line":65},"7":{"name":"(anonymous_7)","decl":{"start":{"line":67,"column":28},"end":{"line":67,"column":29}},"loc":{"start":{"line":67,"column":34},"end":{"line":78,"column":1}},"line":67},"8":{"name":"(anonymous_8)","decl":{"start":{"line":80,"column":32},"end":{"line":80,"column":33}},"loc":{"start":{"line":80,"column":45},"end":{"line":86,"column":1}},"line":80},"9":{"name":"(anonymous_9)","decl":{"start":{"line":88,"column":37},"end":{"line":88,"column":38}},"loc":{"start":{"line":88,"column":44},"end":{"line":93,"column":1}},"line":88},"10":{"name":"(anonymous_10)","decl":{"start":{"line":100,"column":24},"end":{"line":100,"column":25}},"loc":{"start":{"line":100,"column":36},"end":{"line":119,"column":1}},"line":100},"11":{"name":"(anonymous_11)","decl":{"start":{"line":124,"column":23},"end":{"line":124,"column":24}},"loc":{"start":{"line":124,"column":30},"end":{"line":134,"column":1}},"line":124},"12":{"name":"(anonymous_12)","decl":{"start":{"line":125,"column":2},"end":{"line":125,"column":3}},"loc":{"start":{"line":125,"column":27},"end":{"line":132,"column":3}},"line":125},"13":{"name":"(anonymous_13)","decl":{"start":{"line":141,"column":31},"end":{"line":141,"column":32}},"loc":{"start":{"line":141,"column":37},"end":{"line":189,"column":1}},"line":141},"14":{"name":"(anonymous_14)","decl":{"start":{"line":194,"column":33},"end":{"line":194,"column":34}},"loc":{"start":{"line":194,"column":39},"end":{"line":201,"column":1}},"line":194},"15":{"name":"(anonymous_15)","decl":{"start":{"line":198,"column":55},"end":{"line":198,"column":56}},"loc":{"start":{"line":198,"column":66},"end":{"line":198,"column":78}},"line":198}},"branchMap":{"0":{"loc":{"start":{"line":9,"column":29},"end":{"line":9,"column":45}},"type":"default-arg","locations":[{"start":{"line":9,"column":40},"end":{"line":9,"column":45}}],"line":9},"1":{"loc":{"start":{"line":10,"column":2},"end":{"line":12,"column":3}},"type":"if","locations":[{"start":{"line":10,"column":2},"end":{"line":12,"column":3}},{"start":{},"end":{}}],"line":10},"2":{"loc":{"start":{"line":15,"column":2},"end":{"line":17,"column":3}},"type":"if","locations":[{"start":{"line":15,"column":2},"end":{"line":17,"column":3}},{"start":{},"end":{}}],"line":15},"3":{"loc":{"start":{"line":19,"column":2},"end":{"line":21,"column":3}},"type":"if","locations":[{"start":{"line":19,"column":2},"end":{"line":21,"column":3}},{"start":{},"end":{}}],"line":19},"4":{"loc":{"start":{"line":28,"column":2},"end":{"line":30,"column":3}},"type":"if","locations":[{"start":{"line":28,"column":2},"end":{"line":30,"column":3}},{"start":{},"end":{}}],"line":28},"5":{"loc":{"start":{"line":40,"column":9},"end":{"line":40,"column":20}},"type":"binary-expr","locations":[{"start":{"line":40,"column":9},"end":{"line":40,"column":14}},{"start":{"line":40,"column":18},"end":{"line":40,"column":20}}],"line":40},"6":{"loc":{"start":{"line":46,"column":2},"end":{"line":51,"column":63}},"type":"binary-expr","locations":[{"start":{"line":46,"column":2},"end":{"line":46,"column":26}},{"start":{"line":47,"column":2},"end":{"line":47,"column":26}},{"start":{"line":48,"column":2},"end":{"line":48,"column":20}},{"start":{"line":49,"column":2},"end":{"line":49,"column":50}},{"start":{"line":50,"column":2},"end":{"line":50,"column":47}},{"start":{"line":51,"column":2},"end":{"line":51,"column":63}}],"line":46},"7":{"loc":{"start":{"line":59,"column":23},"end":{"line":59,"column":86}},"type":"binary-expr","locations":[{"start":{"line":59,"column":23},"end":{"line":59,"column":51}},{"start":{"line":59,"column":56},"end":{"line":59,"column":85}}],"line":59},"8":{"loc":{"start":{"line":59,"column":56},"end":{"line":59,"column":85}},"type":"cond-expr","locations":[{"start":{"line":59,"column":71},"end":{"line":59,"column":77}},{"start":{"line":59,"column":80},"end":{"line":59,"column":85}}],"line":59},"9":{"loc":{"start":{"line":65,"column":2},"end":{"line":65,"column":72}},"type":"binary-expr","locations":[{"start":{"line":65,"column":2},"end":{"line":65,"column":42}},{"start":{"line":65,"column":46},"end":{"line":65,"column":72}}],"line":65},"10":{"loc":{"start":{"line":69,"column":2},"end":{"line":71,"column":3}},"type":"if","locations":[{"start":{"line":69,"column":2},"end":{"line":71,"column":3}},{"start":{},"end":{}}],"line":69},"11":{"loc":{"start":{"line":85,"column":6},"end":{"line":85,"column":50}},"type":"cond-expr","locations":[{"start":{"line":85,"column":35},"end":{"line":85,"column":45}},{"start":{"line":85,"column":48},"end":{"line":85,"column":50}}],"line":85},"12":{"loc":{"start":{"line":101,"column":2},"end":{"line":103,"column":3}},"type":"if","locations":[{"start":{"line":101,"column":2},"end":{"line":103,"column":3}},{"start":{},"end":{}}],"line":101},"13":{"loc":{"start":{"line":105,"column":2},"end":{"line":107,"column":3}},"type":"if","locations":[{"start":{"line":105,"column":2},"end":{"line":107,"column":3}},{"start":{},"end":{}}],"line":105},"14":{"loc":{"start":{"line":105,"column":6},"end":{"line":105,"column":67}},"type":"binary-expr","locations":[{"start":{"line":105,"column":6},"end":{"line":105,"column":25}},{"start":{"line":105,"column":29},"end":{"line":105,"column":67}}],"line":105},"15":{"loc":{"start":{"line":111,"column":4},"end":{"line":113,"column":5}},"type":"if","locations":[{"start":{"line":111,"column":4},"end":{"line":113,"column":5}},{"start":{},"end":{}}],"line":111},"16":{"loc":{"start":{"line":111,"column":8},"end":{"line":111,"column":76}},"type":"binary-expr","locations":[{"start":{"line":111,"column":8},"end":{"line":111,"column":21}},{"start":{"line":111,"column":25},"end":{"line":111,"column":76}}],"line":111},"17":{"loc":{"start":{"line":126,"column":4},"end":{"line":129,"column":5}},"type":"if","locations":[{"start":{"line":126,"column":4},"end":{"line":129,"column":5}},{"start":{},"end":{}}],"line":126},"18":{"loc":{"start":{"line":146,"column":4},"end":{"line":146,"column":65}},"type":"binary-expr","locations":[{"start":{"line":146,"column":4},"end":{"line":146,"column":34}},{"start":{"line":146,"column":38},"end":{"line":146,"column":65}}],"line":146},"19":{"loc":{"start":{"line":150,"column":2},"end":{"line":170,"column":3}},"type":"if","locations":[{"start":{"line":150,"column":2},"end":{"line":170,"column":3}},{"start":{},"end":{}}],"line":150},"20":{"loc":{"start":{"line":151,"column":4},"end":{"line":153,"column":5}},"type":"if","locations":[{"start":{"line":151,"column":4},"end":{"line":153,"column":5}},{"start":{},"end":{}}],"line":151},"21":{"loc":{"start":{"line":155,"column":4},"end":{"line":157,"column":5}},"type":"if","locations":[{"start":{"line":155,"column":4},"end":{"line":157,"column":5}},{"start":{},"end":{}}],"line":155},"22":{"loc":{"start":{"line":159,"column":4},"end":{"line":169,"column":5}},"type":"if","locations":[{"start":{"line":159,"column":4},"end":{"line":169,"column":5}},{"start":{"line":161,"column":11},"end":{"line":169,"column":5}}],"line":159},"23":{"loc":{"start":{"line":162,"column":6},"end":{"line":164,"column":7}},"type":"if","locations":[{"start":{"line":162,"column":6},"end":{"line":164,"column":7}},{"start":{},"end":{}}],"line":162},"24":{"loc":{"start":{"line":166,"column":6},"end":{"line":168,"column":7}},"type":"if","locations":[{"start":{"line":166,"column":6},"end":{"line":168,"column":7}},{"start":{},"end":{}}],"line":166},"25":{"loc":{"start":{"line":172,"column":2},"end":{"line":174,"column":3}},"type":"if","locations":[{"start":{"line":172,"column":2},"end":{"line":174,"column":3}},{"start":{},"end":{}}],"line":172},"26":{"loc":{"start":{"line":172,"column":6},"end":{"line":172,"column":64}},"type":"binary-expr","locations":[{"start":{"line":172,"column":6},"end":{"line":172,"column":26}},{"start":{"line":172,"column":30},"end":{"line":172,"column":64}}],"line":172},"27":{"loc":{"start":{"line":176,"column":2},"end":{"line":178,"column":3}},"type":"if","locations":[{"start":{"line":176,"column":2},"end":{"line":178,"column":3}},{"start":{},"end":{}}],"line":176},"28":{"loc":{"start":{"line":176,"column":6},"end":{"line":176,"column":41}},"type":"binary-expr","locations":[{"start":{"line":176,"column":6},"end":{"line":176,"column":25}},{"start":{"line":176,"column":29},"end":{"line":176,"column":41}}],"line":176},"29":{"loc":{"start":{"line":180,"column":2},"end":{"line":182,"column":3}},"type":"if","locations":[{"start":{"line":180,"column":2},"end":{"line":182,"column":3}},{"start":{},"end":{}}],"line":180},"30":{"loc":{"start":{"line":180,"column":6},"end":{"line":180,"column":35}},"type":"binary-expr","locations":[{"start":{"line":180,"column":6},"end":{"line":180,"column":18}},{"start":{"line":180,"column":22},"end":{"line":180,"column":35}}],"line":180},"31":{"loc":{"start":{"line":184,"column":2},"end":{"line":186,"column":3}},"type":"if","locations":[{"start":{"line":184,"column":2},"end":{"line":186,"column":3}},{"start":{},"end":{}}],"line":184},"32":{"loc":{"start":{"line":184,"column":6},"end":{"line":184,"column":48}},"type":"binary-expr","locations":[{"start":{"line":184,"column":6},"end":{"line":184,"column":31}},{"start":{"line":184,"column":35},"end":{"line":184,"column":48}}],"line":184},"33":{"loc":{"start":{"line":196,"column":2},"end":{"line":200,"column":3}},"type":"if","locations":[{"start":{"line":196,"column":2},"end":{"line":200,"column":3}},{"start":{},"end":{}}],"line":196}},"s":{"0":2,"1":6,"2":2,"3":4,"4":4,"5":4,"6":0,"7":0,"8":0,"9":2,"10":6,"11":6,"12":0,"13":6,"14":6,"15":0,"16":2,"17":2,"18":2,"19":2,"20":0,"21":2,"22":0,"23":2,"24":2,"25":2,"26":2,"27":2,"28":2,"29":2,"30":2,"31":2,"32":4,"33":4,"34":0,"35":4,"36":4,"37":0,"38":2,"39":1,"40":2,"41":1,"42":2,"43":4,"44":4,"45":0,"46":0,"47":0,"48":0,"49":0,"50":0,"51":0,"52":0,"53":2,"54":2,"55":4,"56":4,"57":4,"58":0,"59":2,"60":4,"61":4,"62":4,"63":4,"64":4,"65":4,"66":0,"67":0,"68":0,"69":0,"70":0,"71":0,"72":0,"73":0,"74":0,"75":0,"76":4,"77":0,"78":4,"79":0,"80":4,"81":0,"82":4,"83":0,"84":4,"85":2,"86":2,"87":2,"88":0,"89":0,"90":2},"f":{"0":6,"1":6,"2":2,"3":2,"4":0,"5":0,"6":2,"7":4,"8":1,"9":1,"10":4,"11":2,"12":4,"13":4,"14":2,"15":0},"b":{"0":[0],"1":[2,4],"2":[4,0],"3":[0,0],"4":[0,6],"5":[2,0],"6":[0,0,0,0,0,0],"7":[2,0],"8":[0,0],"9":[2,0],"10":[0,4],"11":[1,0],"12":[4,0],"13":[0,0],"14":[0,0],"15":[0,0],"16":[0,0],"17":[4,0],"18":[4,0],"19":[0,4],"20":[0,0],"21":[0,0],"22":[0,0],"23":[0,0],"24":[0,0],"25":[0,4],"26":[4,4],"27":[0,4],"28":[4,0],"29":[0,4],"30":[4,0],"31":[0,4],"32":[4,4],"33":[0,2]},"_coverageSchema":"1a1c01bbd47fc00a2c39e90264f33305004495a9","hash":"88cce147c17bdf9311641867604a296501556a05"}
,"/Users/sammount/Change-Now/backend/controllers/exerciseController.js": {"path":"/Users/sammount/Change-Now/backend/controllers/exerciseController.js","statementMap":{"0":{"start":{"line":1,"column":13},"end":{"line":1,"column":39}},"1":{"start":{"line":4,"column":4},"end":{"line":4,"column":42}},"2":{"start":{"line":10,"column":4},"end":{"line":10,"column":46}},"3":{"start":{"line":22,"column":29},"end":{"line":27,"column":1}},"4":{"start":{"line":29,"column":22},"end":{"line":30,"column":47}},"5":{"start":{"line":30,"column":2},"end":{"line":30,"column":47}},"6":{"start":{"line":32,"column":23},"end":{"line":39,"column":1}},"7":{"start":{"line":33,"column":2},"end":{"line":35,"column":3}},"8":{"start":{"line":34,"column":4},"end":{"line":34,"column":20}},"9":{"start":{"line":37,"column":21},"end":{"line":37,"column":47}},"10":{"start":{"line":38,"column":2},"end":{"line":38,"column":32}},"11":{"start":{"line":41,"column":20},"end":{"line":44,"column":1}},"12":{"start":{"line":42,"column":23},"end":{"line":42,"column":63}},"13":{"start":{"line":43,"column":2},"end":{"line":43,"column":58}},"14":{"start":{"line":46,"column":29},"end":{"line":49,"column":1}},"15":{"start":{"line":47,"column":26},"end":{"line":47,"column":51}},"16":{"start":{"line":48,"column":2},"end":{"line":48,"column":66}},"17":{"start":{"line":51,"column":23},"end":{"line":58,"column":2}},"18":{"start":{"line":51,"column":33},"end":{"line":58,"column":1}},"19":{"start":{"line":60,"column":21},"end":{"line":67,"column":2}},"20":{"start":{"line":60,"column":31},"end":{"line":67,"column":1}},"21":{"start":{"line":76,"column":21},"end":{"line":144,"column":1}},"22":{"start":{"line":77,"column":17},"end":{"line":77,"column":53}},"23":{"start":{"line":78,"column":22},"end":{"line":78,"column":63}},"24":{"start":{"line":79,"column":15},"end":{"line":79,"column":49}},"25":{"start":{"line":80,"column":24},"end":{"line":80,"column":59}},"26":{"start":{"line":81,"column":17},"end":{"line":81,"column":46}},"27":{"start":{"line":83,"column":2},"end":{"line":85,"column":3}},"28":{"start":{"line":84,"column":4},"end":{"line":84,"column":87}},"29":{"start":{"line":87,"column":2},"end":{"line":143,"column":3}},"30":{"start":{"line":88,"column":4},"end":{"line":88,"column":40}},"31":{"start":{"line":90,"column":39},"end":{"line":108,"column":6}},"32":{"start":{"line":110,"column":28},"end":{"line":113,"column":5}},"33":{"start":{"line":115,"column":4},"end":{"line":117,"column":5}},"34":{"start":{"line":116,"column":6},"end":{"line":116,"column":85}},"35":{"start":{"line":116,"column":65},"end":{"line":116,"column":83}},"36":{"start":{"line":119,"column":4},"end":{"line":123,"column":5}},"37":{"start":{"line":120,"column":6},"end":{"line":122,"column":8}},"38":{"start":{"line":121,"column":22},"end":{"line":121,"column":58}},"39":{"start":{"line":125,"column":4},"end":{"line":127,"column":5}},"40":{"start":{"line":126,"column":6},"end":{"line":126,"column":89}},"41":{"start":{"line":126,"column":65},"end":{"line":126,"column":87}},"42":{"start":{"line":129,"column":4},"end":{"line":133,"column":5}},"43":{"start":{"line":130,"column":6},"end":{"line":132,"column":8}},"44":{"start":{"line":131,"column":8},"end":{"line":131,"column":52}},"45":{"start":{"line":135,"column":4},"end":{"line":137,"column":6}},"46":{"start":{"line":136,"column":6},"end":{"line":136,"column":77}},"47":{"start":{"line":139,"column":4},"end":{"line":139,"column":39}},"48":{"start":{"line":141,"column":4},"end":{"line":141,"column":55}},"49":{"start":{"line":142,"column":4},"end":{"line":142,"column":74}},"50":{"start":{"line":151,"column":23},"end":{"line":206,"column":1}},"51":{"start":{"line":152,"column":15},"end":{"line":152,"column":43}},"52":{"start":{"line":153,"column":17},"end":{"line":153,"column":45}},"53":{"start":{"line":154,"column":22},"end":{"line":154,"column":67}},"54":{"start":{"line":155,"column":15},"end":{"line":155,"column":56}},"55":{"start":{"line":157,"column":2},"end":{"line":159,"column":3}},"56":{"start":{"line":158,"column":4},"end":{"line":158,"column":74}},"57":{"start":{"line":161,"column":2},"end":{"line":163,"column":3}},"58":{"start":{"line":162,"column":4},"end":{"line":162,"column":75}},"59":{"start":{"line":165,"column":2},"end":{"line":205,"column":3}},"60":{"start":{"line":166,"column":4},"end":{"line":166,"column":40}},"61":{"start":{"line":168,"column":27},"end":{"line":181,"column":5}},"62":{"start":{"line":183,"column":4},"end":{"line":187,"column":5}},"63":{"start":{"line":184,"column":6},"end":{"line":186,"column":9}},"64":{"start":{"line":189,"column":25},"end":{"line":199,"column":5}},"65":{"start":{"line":201,"column":4},"end":{"line":201,"column":68}},"66":{"start":{"line":203,"column":4},"end":{"line":203,"column":55}},"67":{"start":{"line":204,"column":4},"end":{"line":204,"column":74}},"68":{"start":{"line":213,"column":23},"end":{"line":249,"column":1}},"69":{"start":{"line":214,"column":27},"end":{"line":214,"column":57}},"70":{"start":{"line":215,"column":17},"end":{"line":215,"column":66}},"71":{"start":{"line":217,"column":2},"end":{"line":219,"column":3}},"72":{"start":{"line":218,"column":4},"end":{"line":218,"column":71}},"73":{"start":{"line":221,"column":2},"end":{"line":223,"column":3}},"74":{"start":{"line":222,"column":4},"end":{"line":222,"column":75}},"75":{"start":{"line":225,"column":2},"end":{"line":227,"column":3}},"76":{"start":{"line":226,"column":4},"end":{"line":226,"column":85}},"77":{"start":{"line":229,"column":2},"end":{"line":248,"column":3}},"78":{"start":{"line":230,"column":4},"end":{"line":230,"column":40}},"79":{"start":{"line":232,"column":25},"end":{"line":238,"column":5}},"80":{"start":{"line":240,"column":4},"end":{"line":242,"column":5}},"81":{"start":{"line":241,"column":6},"end":{"line":241,"column":69}},"82":{"start":{"line":244,"column":4},"end":{"line":244,"column":66}},"83":{"start":{"line":246,"column":4},"end":{"line":246,"column":55}},"84":{"start":{"line":247,"column":4},"end":{"line":247,"column":74}},"85":{"start":{"line":251,"column":0},"end":{"line":255,"column":2}}},"fnMap":{"0":{"name":"(anonymous_0)","decl":{"start":{"line":29,"column":22},"end":{"line":29,"column":23}},"loc":{"start":{"line":30,"column":2},"end":{"line":30,"column":47}},"line":30},"1":{"name":"(anonymous_1)","decl":{"start":{"line":32,"column":23},"end":{"line":32,"column":24}},"loc":{"start":{"line":32,"column":49},"end":{"line":39,"column":1}},"line":32},"2":{"name":"(anonymous_2)","decl":{"start":{"line":41,"column":20},"end":{"line":41,"column":21}},"loc":{"start":{"line":41,"column":31},"end":{"line":44,"column":1}},"line":41},"3":{"name":"(anonymous_3)","decl":{"start":{"line":46,"column":29},"end":{"line":46,"column":30}},"loc":{"start":{"line":46,"column":40},"end":{"line":49,"column":1}},"line":46},"4":{"name":"(anonymous_4)","decl":{"start":{"line":51,"column":23},"end":{"line":51,"column":24}},"loc":{"start":{"line":51,"column":33},"end":{"line":58,"column":1}},"line":51},"5":{"name":"(anonymous_5)","decl":{"start":{"line":60,"column":21},"end":{"line":60,"column":22}},"loc":{"start":{"line":60,"column":31},"end":{"line":67,"column":1}},"line":60},"6":{"name":"(anonymous_6)","decl":{"start":{"line":76,"column":21},"end":{"line":76,"column":22}},"loc":{"start":{"line":76,"column":41},"end":{"line":144,"column":1}},"line":76},"7":{"name":"(anonymous_7)","decl":{"start":{"line":116,"column":51},"end":{"line":116,"column":52}},"loc":{"start":{"line":116,"column":65},"end":{"line":116,"column":83}},"line":116},"8":{"name":"(anonymous_8)","decl":{"start":{"line":121,"column":8},"end":{"line":121,"column":9}},"loc":{"start":{"line":121,"column":22},"end":{"line":121,"column":58}},"line":121},"9":{"name":"(anonymous_9)","decl":{"start":{"line":126,"column":51},"end":{"line":126,"column":52}},"loc":{"start":{"line":126,"column":65},"end":{"line":126,"column":87}},"line":126},"10":{"name":"(anonymous_10)","decl":{"start":{"line":130,"column":51},"end":{"line":130,"column":52}},"loc":{"start":{"line":131,"column":8},"end":{"line":131,"column":52}},"line":131},"11":{"name":"(anonymous_11)","decl":{"start":{"line":135,"column":27},"end":{"line":135,"column":28}},"loc":{"start":{"line":136,"column":6},"end":{"line":136,"column":77}},"line":136},"12":{"name":"(anonymous_12)","decl":{"start":{"line":151,"column":23},"end":{"line":151,"column":24}},"loc":{"start":{"line":151,"column":43},"end":{"line":206,"column":1}},"line":151},"13":{"name":"(anonymous_13)","decl":{"start":{"line":213,"column":23},"end":{"line":213,"column":24}},"loc":{"start":{"line":213,"column":43},"end":{"line":249,"column":1}},"line":213}},"branchMap":{"0":{"loc":{"start":{"line":30,"column":2},"end":{"line":30,"column":47}},"type":"cond-expr","locations":[{"start":{"line":30,"column":30},"end":{"line":30,"column":42}},{"start":{"line":30,"column":45},"end":{"line":30,"column":47}}],"line":30},"1":{"loc":{"start":{"line":32,"column":31},"end":{"line":32,"column":44}},"type":"default-arg","locations":[{"start":{"line":32,"column":42},"end":{"line":32,"column":44}}],"line":32},"2":{"loc":{"start":{"line":33,"column":2},"end":{"line":35,"column":3}},"type":"if","locations":[{"start":{"line":33,"column":2},"end":{"line":35,"column":3}},{"start":{},"end":{}}],"line":33},"3":{"loc":{"start":{"line":38,"column":9},"end":{"line":38,"column":31}},"type":"binary-expr","locations":[{"start":{"line":38,"column":9},"end":{"line":38,"column":19}},{"start":{"line":38,"column":23},"end":{"line":38,"column":31}}],"line":38},"4":{"loc":{"start":{"line":42,"column":46},"end":{"line":42,"column":57}},"type":"binary-expr","locations":[{"start":{"line":42,"column":46},"end":{"line":42,"column":51}},{"start":{"line":42,"column":55},"end":{"line":42,"column":57}}],"line":42},"5":{"loc":{"start":{"line":43,"column":9},"end":{"line":43,"column":57}},"type":"cond-expr","locations":[{"start":{"line":43,"column":38},"end":{"line":43,"column":42}},{"start":{"line":43,"column":45},"end":{"line":43,"column":57}}],"line":43},"6":{"loc":{"start":{"line":48,"column":9},"end":{"line":48,"column":65}},"type":"binary-expr","locations":[{"start":{"line":48,"column":9},"end":{"line":48,"column":46}},{"start":{"line":48,"column":50},"end":{"line":48,"column":65}}],"line":48},"7":{"loc":{"start":{"line":83,"column":2},"end":{"line":85,"column":3}},"type":"if","locations":[{"start":{"line":83,"column":2},"end":{"line":85,"column":3}},{"start":{},"end":{}}],"line":83},"8":{"loc":{"start":{"line":115,"column":4},"end":{"line":117,"column":5}},"type":"if","locations":[{"start":{"line":115,"column":4},"end":{"line":117,"column":5}},{"start":{},"end":{}}],"line":115},"9":{"loc":{"start":{"line":119,"column":4},"end":{"line":123,"column":5}},"type":"if","locations":[{"start":{"line":119,"column":4},"end":{"line":123,"column":5}},{"start":{},"end":{}}],"line":119},"10":{"loc":{"start":{"line":125,"column":4},"end":{"line":127,"column":5}},"type":"if","locations":[{"start":{"line":125,"column":4},"end":{"line":127,"column":5}},{"start":{},"end":{}}],"line":125},"11":{"loc":{"start":{"line":129,"column":4},"end":{"line":133,"column":5}},"type":"if","locations":[{"start":{"line":129,"column":4},"end":{"line":133,"column":5}},{"start":{},"end":{}}],"line":129},"12":{"loc":{"start":{"line":157,"column":2},"end":{"line":159,"column":3}},"type":"if","locations":[{"start":{"line":157,"column":2},"end":{"line":159,"column":3}},{"start":{},"end":{}}],"line":157},"13":{"loc":{"start":{"line":161,"column":2},"end":{"line":163,"column":3}},"type":"if","locations":[{"start":{"line":161,"column":2},"end":{"line":163,"column":3}},{"start":{},"end":{}}],"line":161},"14":{"loc":{"start":{"line":183,"column":4},"end":{"line":187,"column":5}},"type":"if","locations":[{"start":{"line":183,"column":4},"end":{"line":187,"column":5}},{"start":{},"end":{}}],"line":183},"15":{"loc":{"start":{"line":215,"column":29},"end":{"line":215,"column":65}},"type":"binary-expr","locations":[{"start":{"line":215,"column":29},"end":{"line":215,"column":45}},{"start":{"line":215,"column":49},"end":{"line":215,"column":65}}],"line":215},"16":{"loc":{"start":{"line":217,"column":2},"end":{"line":219,"column":3}},"type":"if","locations":[{"start":{"line":217,"column":2},"end":{"line":219,"column":3}},{"start":{},"end":{}}],"line":217},"17":{"loc":{"start":{"line":221,"column":2},"end":{"line":223,"column":3}},"type":"if","locations":[{"start":{"line":221,"column":2},"end":{"line":223,"column":3}},{"start":{},"end":{}}],"line":221},"18":{"loc":{"start":{"line":225,"column":2},"end":{"line":227,"column":3}},"type":"if","locations":[{"start":{"line":225,"column":2},"end":{"line":227,"column":3}},{"start":{},"end":{}}],"line":225},"19":{"loc":{"start":{"line":240,"column":4},"end":{"line":242,"column":5}},"type":"if","locations":[{"start":{"line":240,"column":4},"end":{"line":242,"column":5}},{"start":{},"end":{}}],"line":240}},"s":{"0":2,"1":2,"2":2,"3":2,"4":2,"5":0,"6":2,"7":0,"8":0,"9":0,"10":0,"11":2,"12":0,"13":0,"14":2,"15":0,"16":0,"17":2,"18":0,"19":2,"20":0,"21":2,"22":0,"23":0,"24":0,"25":0,"26":0,"27":0,"28":0,"29":0,"30":0,"31":0,"32":0,"33":0,"34":0,"35":0,"36":0,"37":0,"38":0,"39":0,"40":0,"41":0,"42":0,"43":0,"44":0,"45":0,"46":0,"47":0,"48":0,"49":0,"50":2,"51":0,"52":0,"53":0,"54":0,"55":0,"56":0,"57":0,"58":0,"59":0,"60":0,"61":0,"62":0,"63":0,"64":0,"65":0,"66":0,"67":0,"68":2,"69":0,"70":0,"71":0,"72":0,"73":0,"74":0,"75":0,"76":0,"77":0,"78":0,"79":0,"80":0,"81":0,"82":0,"83":0,"84":0,"85":2},"f":{"0":0,"1":0,"2":0,"3":0,"4":0,"5":0,"6":0,"7":0,"8":0,"9":0,"10":0,"11":0,"12":0,"13":0},"b":{"0":[0,0],"1":[0],"2":[0,0],"3":[0,0],"4":[0,0],"5":[0,0],"6":[0,0],"7":[0,0],"8":[0,0],"9":[0,0],"10":[0,0],"11":[0,0],"12":[0,0],"13":[0,0],"14":[0,0],"15":[0,0],"16":[0,0],"17":[0,0],"18":[0,0],"19":[0,0]},"_coverageSchema":"1a1c01bbd47fc00a2c39e90264f33305004495a9","hash":"0d56b4b1cc4210bdca46bfae3d7fd4e053d501bd"}
,"/Users/sammount/Change-Now/backend/middleware/requireAuth3.js": {"path":"/Users/sammount/Change-Now/backend/middleware/requireAuth3.js","statementMap":{"0":{"start":{"line":1,"column":12},"end":{"line":1,"column":35}},"1":{"start":{"line":3,"column":19},"end":{"line":3,"column":80}},"2":{"start":{"line":16,"column":20},"end":{"line":16,"column":31}},"3":{"start":{"line":17,"column":4},"end":{"line":17,"column":45}},"4":{"start":{"line":21,"column":4},"end":{"line":54,"column":5}},"5":{"start":{"line":22,"column":8},"end":{"line":22,"column":30}},"6":{"start":{"line":23,"column":8},"end":{"line":37,"column":9}},"7":{"start":{"line":24,"column":26},"end":{"line":24,"column":65}},"8":{"start":{"line":26,"column":28},"end":{"line":26,"column":57}},"9":{"start":{"line":27,"column":12},"end":{"line":27,"column":75}},"10":{"start":{"line":28,"column":12},"end":{"line":28,"column":37}},"11":{"start":{"line":29,"column":12},"end":{"line":29,"column":32}},"12":{"start":{"line":30,"column":12},"end":{"line":30,"column":33}},"13":{"start":{"line":31,"column":12},"end":{"line":31,"column":72}},"14":{"start":{"line":32,"column":12},"end":{"line":32,"column":26}},"15":{"start":{"line":35,"column":12},"end":{"line":35,"column":38}},"16":{"start":{"line":36,"column":12},"end":{"line":36,"column":80}},"17":{"start":{"line":38,"column":11},"end":{"line":54,"column":5}},"18":{"start":{"line":39,"column":8},"end":{"line":39,"column":42}},"19":{"start":{"line":40,"column":8},"end":{"line":53,"column":9}},"20":{"start":{"line":41,"column":12},"end":{"line":41,"column":42}},"21":{"start":{"line":42,"column":26},"end":{"line":42,"column":60}},"22":{"start":{"line":43,"column":12},"end":{"line":52,"column":13}},"23":{"start":{"line":44,"column":38},"end":{"line":44,"column":67}},"24":{"start":{"line":45,"column":16},"end":{"line":45,"column":46}},"25":{"start":{"line":46,"column":16},"end":{"line":46,"column":47}},"26":{"start":{"line":47,"column":16},"end":{"line":47,"column":34}},"27":{"start":{"line":48,"column":16},"end":{"line":48,"column":45}},"28":{"start":{"line":49,"column":16},"end":{"line":49,"column":30}},"29":{"start":{"line":51,"column":16},"end":{"line":51,"column":84}},"30":{"start":{"line":55,"column":4},"end":{"line":55,"column":34}},"31":{"start":{"line":57,"column":4},"end":{"line":57,"column":78}},"32":{"start":{"line":65,"column":4},"end":{"line":67,"column":5}},"33":{"start":{"line":66,"column":8},"end":{"line":66,"column":20}},"34":{"start":{"line":69,"column":21},"end":{"line":69,"column":44}},"35":{"start":{"line":71,"column":4},"end":{"line":77,"column":5}},"36":{"start":{"line":72,"column":18},"end":{"line":72,"column":54}},"37":{"start":{"line":73,"column":8},"end":{"line":76,"column":9}},"38":{"start":{"line":74,"column":12},"end":{"line":74,"column":46}},"39":{"start":{"line":74,"column":37},"end":{"line":74,"column":46}},"40":{"start":{"line":75,"column":12},"end":{"line":75,"column":26}},"41":{"start":{"line":78,"column":4},"end":{"line":78,"column":16}},"42":{"start":{"line":80,"column":0},"end":{"line":80,"column":32}}},"fnMap":{"0":{"name":"requireAuth3","decl":{"start":{"line":15,"column":9},"end":{"line":15,"column":21}},"loc":{"start":{"line":15,"column":38},"end":{"line":58,"column":1}},"line":15},"1":{"name":"getCookieValue","decl":{"start":{"line":64,"column":9},"end":{"line":64,"column":23}},"loc":{"start":{"line":64,"column":44},"end":{"line":79,"column":1}},"line":64}},"branchMap":{"0":{"loc":{"start":{"line":3,"column":19},"end":{"line":3,"column":80}},"type":"binary-expr","locations":[{"start":{"line":3,"column":19},"end":{"line":3,"column":41}},{"start":{"line":3,"column":45},"end":{"line":3,"column":64}},{"start":{"line":3,"column":68},"end":{"line":3,"column":80}}],"line":3},"1":{"loc":{"start":{"line":21,"column":4},"end":{"line":54,"column":5}},"type":"if","locations":[{"start":{"line":21,"column":4},"end":{"line":54,"column":5}},{"start":{"line":38,"column":11},"end":{"line":54,"column":5}}],"line":21},"2":{"loc":{"start":{"line":38,"column":11},"end":{"line":54,"column":5}},"type":"if","locations":[{"start":{"line":38,"column":11},"end":{"line":54,"column":5}},{"start":{},"end":{}}],"line":38},"3":{"loc":{"start":{"line":40,"column":8},"end":{"line":53,"column":9}},"type":"if","locations":[{"start":{"line":40,"column":8},"end":{"line":53,"column":9}},{"start":{},"end":{}}],"line":40},"4":{"loc":{"start":{"line":65,"column":4},"end":{"line":67,"column":5}},"type":"if","locations":[{"start":{"line":65,"column":4},"end":{"line":67,"column":5}},{"start":{},"end":{}}],"line":65},"5":{"loc":{"start":{"line":73,"column":8},"end":{"line":76,"column":9}},"type":"if","locations":[{"start":{"line":73,"column":8},"end":{"line":76,"column":9}},{"start":{},"end":{}}],"line":73},"6":{"loc":{"start":{"line":74,"column":12},"end":{"line":74,"column":46}},"type":"if","locations":[{"start":{"line":74,"column":12},"end":{"line":74,"column":46}},{"start":{},"end":{}}],"line":74}},"s":{"0":2,"1":2,"2":2,"3":2,"4":2,"5":2,"6":2,"7":2,"8":2,"9":2,"10":2,"11":2,"12":2,"13":2,"14":2,"15":0,"16":0,"17":0,"18":0,"19":0,"20":0,"21":0,"22":0,"23":0,"24":0,"25":0,"26":0,"27":0,"28":0,"29":0,"30":0,"31":0,"32":2,"33":0,"34":2,"35":2,"36":2,"37":2,"38":2,"39":0,"40":2,"41":0,"42":2},"f":{"0":2,"1":2},"b":{"0":[2,0,0],"1":[2,0],"2":[0,0],"3":[0,0],"4":[0,2],"5":[2,0],"6":[0,2]},"_coverageSchema":"1a1c01bbd47fc00a2c39e90264f33305004495a9","hash":"2df4baef88f484bad6d27abf0ddfb3bfb0f7ec6b"}
,"/Users/sammount/Change-Now/backend/routes/auth.js": {"path":"/Users/sammount/Change-Now/backend/routes/auth.js","statementMap":{"0":{"start":{"line":12,"column":15},"end":{"line":12,"column":32}},"1":{"start":{"line":13,"column":13},"end":{"line":13,"column":39}},"2":{"start":{"line":14,"column":12},"end":{"line":14,"column":35}},"3":{"start":{"line":16,"column":16},"end":{"line":16,"column":34}},"4":{"start":{"line":17,"column":15},"end":{"line":17,"column":31}},"5":{"start":{"line":18,"column":29},"end":{"line":18,"column":59}},"6":{"start":{"line":19,"column":36},"end":{"line":19,"column":64}},"7":{"start":{"line":21,"column":19},"end":{"line":21,"column":80}},"8":{"start":{"line":22,"column":25},"end":{"line":22,"column":39}},"9":{"start":{"line":100,"column":4},"end":{"line":153,"column":3}},"10":{"start":{"line":101,"column":66},"end":{"line":101,"column":74}},"11":{"start":{"line":103,"column":8},"end":{"line":105,"column":9}},"12":{"start":{"line":104,"column":12},"end":{"line":104,"column":81}},"13":{"start":{"line":107,"column":8},"end":{"line":152,"column":5}},"14":{"start":{"line":108,"column":37},"end":{"line":111,"column":13}},"15":{"start":{"line":112,"column":12},"end":{"line":114,"column":13}},"16":{"start":{"line":113,"column":16},"end":{"line":113,"column":96}},"17":{"start":{"line":115,"column":33},"end":{"line":115,"column":60}},"18":{"start":{"line":116,"column":31},"end":{"line":119,"column":9}},"19":{"start":{"line":120,"column":24},"end":{"line":120,"column":42}},"20":{"start":{"line":121,"column":23},"end":{"line":121,"column":33}},"21":{"start":{"line":123,"column":24},"end":{"line":123,"column":54}},"22":{"start":{"line":124,"column":8},"end":{"line":128,"column":9}},"23":{"start":{"line":125,"column":12},"end":{"line":125,"column":46}},"24":{"start":{"line":127,"column":12},"end":{"line":127,"column":59}},"25":{"start":{"line":130,"column":22},"end":{"line":137,"column":9}},"26":{"start":{"line":138,"column":8},"end":{"line":147,"column":9}},"27":{"start":{"line":139,"column":12},"end":{"line":139,"column":43}},"28":{"start":{"line":141,"column":12},"end":{"line":141,"column":47}},"29":{"start":{"line":142,"column":12},"end":{"line":142,"column":82}},"30":{"start":{"line":143,"column":12},"end":{"line":143,"column":59}},"31":{"start":{"line":146,"column":12},"end":{"line":146,"column":83}},"32":{"start":{"line":150,"column":8},"end":{"line":150,"column":29}},"33":{"start":{"line":151,"column":8},"end":{"line":151,"column":55}},"34":{"start":{"line":235,"column":0},"end":{"line":288,"column":3}},"35":{"start":{"line":236,"column":4},"end":{"line":236,"column":52}},"36":{"start":{"line":238,"column":40},"end":{"line":238,"column":54}},"37":{"start":{"line":239,"column":4},"end":{"line":239,"column":66}},"38":{"start":{"line":240,"column":4},"end":{"line":243,"column":5}},"39":{"start":{"line":241,"column":8},"end":{"line":242,"column":99}},"40":{"start":{"line":245,"column":4},"end":{"line":286,"column":5}},"41":{"start":{"line":246,"column":23},"end":{"line":246,"column":104}},"42":{"start":{"line":247,"column":8},"end":{"line":247,"column":34}},"43":{"start":{"line":248,"column":8},"end":{"line":250,"column":9}},"44":{"start":{"line":249,"column":12},"end":{"line":249,"column":82}},"45":{"start":{"line":253,"column":36},"end":{"line":253,"column":50}},"46":{"start":{"line":254,"column":8},"end":{"line":254,"column":42}},"47":{"start":{"line":257,"column":8},"end":{"line":282,"column":9}},"48":{"start":{"line":259,"column":12},"end":{"line":259,"column":45}},"49":{"start":{"line":261,"column":26},"end":{"line":263,"column":47}},"50":{"start":{"line":264,"column":12},"end":{"line":264,"column":38}},"51":{"start":{"line":267,"column":12},"end":{"line":276,"column":13}},"52":{"start":{"line":268,"column":16},"end":{"line":268,"column":86}},"53":{"start":{"line":269,"column":16},"end":{"line":269,"column":43}},"54":{"start":{"line":270,"column":16},"end":{"line":270,"column":61}},"55":{"start":{"line":274,"column":16},"end":{"line":274,"column":54}},"56":{"start":{"line":275,"column":16},"end":{"line":275,"column":60}},"57":{"start":{"line":280,"column":12},"end":{"line":280,"column":48}},"58":{"start":{"line":281,"column":12},"end":{"line":281,"column":83}},"59":{"start":{"line":285,"column":8},"end":{"line":285,"column":61}},"60":{"start":{"line":333,"column":0},"end":{"line":368,"column":3}},"61":{"start":{"line":334,"column":20},"end":{"line":334,"column":31}},"62":{"start":{"line":335,"column":4},"end":{"line":335,"column":44}},"63":{"start":{"line":339,"column":4},"end":{"line":364,"column":5}},"64":{"start":{"line":340,"column":8},"end":{"line":340,"column":30}},"65":{"start":{"line":341,"column":8},"end":{"line":350,"column":9}},"66":{"start":{"line":342,"column":26},"end":{"line":342,"column":65}},"67":{"start":{"line":344,"column":28},"end":{"line":344,"column":57}},"68":{"start":{"line":345,"column":12},"end":{"line":345,"column":68}},"69":{"start":{"line":346,"column":12},"end":{"line":346,"column":51}},"70":{"start":{"line":348,"column":12},"end":{"line":348,"column":38}},"71":{"start":{"line":349,"column":12},"end":{"line":349,"column":80}},"72":{"start":{"line":351,"column":11},"end":{"line":364,"column":5}},"73":{"start":{"line":352,"column":8},"end":{"line":352,"column":42}},"74":{"start":{"line":353,"column":8},"end":{"line":363,"column":9}},"75":{"start":{"line":354,"column":12},"end":{"line":354,"column":42}},"76":{"start":{"line":355,"column":26},"end":{"line":355,"column":60}},"77":{"start":{"line":356,"column":12},"end":{"line":362,"column":13}},"78":{"start":{"line":357,"column":38},"end":{"line":357,"column":67}},"79":{"start":{"line":358,"column":16},"end":{"line":358,"column":46}},"80":{"start":{"line":359,"column":16},"end":{"line":359,"column":70}},"81":{"start":{"line":361,"column":16},"end":{"line":361,"column":84}},"82":{"start":{"line":365,"column":4},"end":{"line":365,"column":34}},"83":{"start":{"line":367,"column":4},"end":{"line":367,"column":78}},"84":{"start":{"line":377,"column":4},"end":{"line":379,"column":5}},"85":{"start":{"line":378,"column":8},"end":{"line":378,"column":20}},"86":{"start":{"line":381,"column":21},"end":{"line":381,"column":44}},"87":{"start":{"line":383,"column":4},"end":{"line":389,"column":5}},"88":{"start":{"line":384,"column":18},"end":{"line":384,"column":54}},"89":{"start":{"line":385,"column":8},"end":{"line":388,"column":9}},"90":{"start":{"line":386,"column":12},"end":{"line":386,"column":46}},"91":{"start":{"line":386,"column":37},"end":{"line":386,"column":46}},"92":{"start":{"line":387,"column":12},"end":{"line":387,"column":26}},"93":{"start":{"line":390,"column":4},"end":{"line":390,"column":16}},"94":{"start":{"line":396,"column":0},"end":{"line":435,"column":3}},"95":{"start":{"line":397,"column":20},"end":{"line":397,"column":31}},"96":{"start":{"line":398,"column":4},"end":{"line":398,"column":45}},"97":{"start":{"line":399,"column":19},"end":{"line":399,"column":26}},"98":{"start":{"line":400,"column":4},"end":{"line":400,"column":53}},"99":{"start":{"line":402,"column":4},"end":{"line":431,"column":5}},"100":{"start":{"line":403,"column":8},"end":{"line":403,"column":30}},"101":{"start":{"line":404,"column":8},"end":{"line":416,"column":9}},"102":{"start":{"line":405,"column":26},"end":{"line":405,"column":65}},"103":{"start":{"line":407,"column":28},"end":{"line":407,"column":57}},"104":{"start":{"line":408,"column":12},"end":{"line":408,"column":75}},"105":{"start":{"line":409,"column":12},"end":{"line":409,"column":47}},"106":{"start":{"line":410,"column":12},"end":{"line":410,"column":74}},"107":{"start":{"line":411,"column":12},"end":{"line":411,"column":26}},"108":{"start":{"line":414,"column":12},"end":{"line":414,"column":38}},"109":{"start":{"line":415,"column":12},"end":{"line":415,"column":80}},"110":{"start":{"line":417,"column":11},"end":{"line":431,"column":5}},"111":{"start":{"line":418,"column":8},"end":{"line":418,"column":42}},"112":{"start":{"line":419,"column":8},"end":{"line":430,"column":9}},"113":{"start":{"line":420,"column":12},"end":{"line":420,"column":42}},"114":{"start":{"line":421,"column":26},"end":{"line":421,"column":60}},"115":{"start":{"line":422,"column":12},"end":{"line":429,"column":13}},"116":{"start":{"line":423,"column":38},"end":{"line":423,"column":67}},"117":{"start":{"line":424,"column":16},"end":{"line":424,"column":46}},"118":{"start":{"line":425,"column":16},"end":{"line":425,"column":57}},"119":{"start":{"line":426,"column":16},"end":{"line":426,"column":30}},"120":{"start":{"line":428,"column":16},"end":{"line":428,"column":84}},"121":{"start":{"line":432,"column":4},"end":{"line":432,"column":34}},"122":{"start":{"line":434,"column":4},"end":{"line":434,"column":78}},"123":{"start":{"line":438,"column":0},"end":{"line":438,"column":24}}},"fnMap":{"0":{"name":"(anonymous_0)","decl":{"start":{"line":100,"column":27},"end":{"line":100,"column":28}},"loc":{"start":{"line":100,"column":47},"end":{"line":153,"column":1}},"line":100},"1":{"name":"(anonymous_1)","decl":{"start":{"line":235,"column":23},"end":{"line":235,"column":24}},"loc":{"start":{"line":235,"column":43},"end":{"line":288,"column":1}},"line":235},"2":{"name":"(anonymous_2)","decl":{"start":{"line":333,"column":29},"end":{"line":333,"column":30}},"loc":{"start":{"line":333,"column":49},"end":{"line":368,"column":1}},"line":333},"3":{"name":"getCookieValue","decl":{"start":{"line":376,"column":9},"end":{"line":376,"column":23}},"loc":{"start":{"line":376,"column":44},"end":{"line":391,"column":1}},"line":376},"4":{"name":"(anonymous_4)","decl":{"start":{"line":396,"column":30},"end":{"line":396,"column":31}},"loc":{"start":{"line":396,"column":56},"end":{"line":435,"column":1}},"line":396}},"branchMap":{"0":{"loc":{"start":{"line":21,"column":19},"end":{"line":21,"column":80}},"type":"binary-expr","locations":[{"start":{"line":21,"column":19},"end":{"line":21,"column":41}},{"start":{"line":21,"column":45},"end":{"line":21,"column":64}},{"start":{"line":21,"column":68},"end":{"line":21,"column":80}}],"line":21},"1":{"loc":{"start":{"line":103,"column":8},"end":{"line":105,"column":9}},"type":"if","locations":[{"start":{"line":103,"column":8},"end":{"line":105,"column":9}},{"start":{},"end":{}}],"line":103},"2":{"loc":{"start":{"line":103,"column":12},"end":{"line":103,"column":47}},"type":"binary-expr","locations":[{"start":{"line":103,"column":12},"end":{"line":103,"column":26}},{"start":{"line":103,"column":30},"end":{"line":103,"column":47}}],"line":103},"3":{"loc":{"start":{"line":112,"column":12},"end":{"line":114,"column":13}},"type":"if","locations":[{"start":{"line":112,"column":12},"end":{"line":114,"column":13}},{"start":{},"end":{}}],"line":112},"4":{"loc":{"start":{"line":124,"column":8},"end":{"line":128,"column":9}},"type":"if","locations":[{"start":{"line":124,"column":8},"end":{"line":128,"column":9}},{"start":{"line":126,"column":15},"end":{"line":128,"column":9}}],"line":124},"5":{"loc":{"start":{"line":138,"column":8},"end":{"line":147,"column":9}},"type":"if","locations":[{"start":{"line":138,"column":8},"end":{"line":147,"column":9}},{"start":{"line":145,"column":15},"end":{"line":147,"column":9}}],"line":138},"6":{"loc":{"start":{"line":240,"column":4},"end":{"line":243,"column":5}},"type":"if","locations":[{"start":{"line":240,"column":4},"end":{"line":243,"column":5}},{"start":{},"end":{}}],"line":240},"7":{"loc":{"start":{"line":240,"column":8},"end":{"line":240,"column":27}},"type":"binary-expr","locations":[{"start":{"line":240,"column":8},"end":{"line":240,"column":14}},{"start":{"line":240,"column":18},"end":{"line":240,"column":27}}],"line":240},"8":{"loc":{"start":{"line":248,"column":8},"end":{"line":250,"column":9}},"type":"if","locations":[{"start":{"line":248,"column":8},"end":{"line":250,"column":9}},{"start":{},"end":{}}],"line":248},"9":{"loc":{"start":{"line":257,"column":8},"end":{"line":282,"column":9}},"type":"if","locations":[{"start":{"line":257,"column":8},"end":{"line":282,"column":9}},{"start":{"line":279,"column":15},"end":{"line":282,"column":9}}],"line":257},"10":{"loc":{"start":{"line":267,"column":12},"end":{"line":276,"column":13}},"type":"if","locations":[{"start":{"line":267,"column":12},"end":{"line":276,"column":13}},{"start":{"line":273,"column":19},"end":{"line":276,"column":13}}],"line":267},"11":{"loc":{"start":{"line":339,"column":4},"end":{"line":364,"column":5}},"type":"if","locations":[{"start":{"line":339,"column":4},"end":{"line":364,"column":5}},{"start":{"line":351,"column":11},"end":{"line":364,"column":5}}],"line":339},"12":{"loc":{"start":{"line":351,"column":11},"end":{"line":364,"column":5}},"type":"if","locations":[{"start":{"line":351,"column":11},"end":{"line":364,"column":5}},{"start":{},"end":{}}],"line":351},"13":{"loc":{"start":{"line":353,"column":8},"end":{"line":363,"column":9}},"type":"if","locations":[{"start":{"line":353,"column":8},"end":{"line":363,"column":9}},{"start":{},"end":{}}],"line":353},"14":{"loc":{"start":{"line":377,"column":4},"end":{"line":379,"column":5}},"type":"if","locations":[{"start":{"line":377,"column":4},"end":{"line":379,"column":5}},{"start":{},"end":{}}],"line":377},"15":{"loc":{"start":{"line":385,"column":8},"end":{"line":388,"column":9}},"type":"if","locations":[{"start":{"line":385,"column":8},"end":{"line":388,"column":9}},{"start":{},"end":{}}],"line":385},"16":{"loc":{"start":{"line":386,"column":12},"end":{"line":386,"column":46}},"type":"if","locations":[{"start":{"line":386,"column":12},"end":{"line":386,"column":46}},{"start":{},"end":{}}],"line":386},"17":{"loc":{"start":{"line":402,"column":4},"end":{"line":431,"column":5}},"type":"if","locations":[{"start":{"line":402,"column":4},"end":{"line":431,"column":5}},{"start":{"line":417,"column":11},"end":{"line":431,"column":5}}],"line":402},"18":{"loc":{"start":{"line":417,"column":11},"end":{"line":431,"column":5}},"type":"if","locations":[{"start":{"line":417,"column":11},"end":{"line":431,"column":5}},{"start":{},"end":{}}],"line":417},"19":{"loc":{"start":{"line":419,"column":8},"end":{"line":430,"column":9}},"type":"if","locations":[{"start":{"line":419,"column":8},"end":{"line":430,"column":9}},{"start":{},"end":{}}],"line":419}},"s":{"0":2,"1":2,"2":2,"3":2,"4":2,"5":2,"6":2,"7":2,"8":2,"9":2,"10":0,"11":0,"12":0,"13":0,"14":0,"15":0,"16":0,"17":0,"18":0,"19":0,"20":0,"21":0,"22":0,"23":0,"24":0,"25":0,"26":0,"27":0,"28":0,"29":0,"30":0,"31":0,"32":0,"33":0,"34":2,"35":1,"36":1,"37":1,"38":1,"39":0,"40":1,"41":1,"42":1,"43":1,"44":0,"45":1,"46":1,"47":1,"48":1,"49":1,"50":1,"51":1,"52":1,"53":1,"54":1,"55":0,"56":0,"57":0,"58":0,"59":0,"60":2,"61":0,"62":0,"63":0,"64":0,"65":0,"66":0,"67":0,"68":0,"69":0,"70":0,"71":0,"72":0,"73":0,"74":0,"75":0,"76":0,"77":0,"78":0,"79":0,"80":0,"81":0,"82":0,"83":0,"84":0,"85":0,"86":0,"87":0,"88":0,"89":0,"90":0,"91":0,"92":0,"93":0,"94":2,"95":0,"96":0,"97":0,"98":0,"99":0,"100":0,"101":0,"102":0,"103":0,"104":0,"105":0,"106":0,"107":0,"108":0,"109":0,"110":0,"111":0,"112":0,"113":0,"114":0,"115":0,"116":0,"117":0,"118":0,"119":0,"120":0,"121":0,"122":0,"123":2},"f":{"0":0,"1":1,"2":0,"3":0,"4":0},"b":{"0":[2,0,0],"1":[0,0],"2":[0,0],"3":[0,0],"4":[0,0],"5":[0,0],"6":[0,1],"7":[1,1],"8":[0,1],"9":[1,0],"10":[1,0],"11":[0,0],"12":[0,0],"13":[0,0],"14":[0,0],"15":[0,0],"16":[0,0],"17":[0,0],"18":[0,0],"19":[0,0]},"_coverageSchema":"1a1c01bbd47fc00a2c39e90264f33305004495a9","hash":"b746644a33433501efc832015c224ac14cef73df"}
,"/Users/sammount/Change-Now/backend/routes/exerciseRoutes.js": {"path":"/Users/sammount/Change-Now/backend/routes/exerciseRoutes.js","statementMap":{"0":{"start":{"line":1,"column":16},"end":{"line":1,"column":34}},"1":{"start":{"line":6,"column":4},"end":{"line":6,"column":48}},"2":{"start":{"line":15,"column":15},"end":{"line":15,"column":31}},"3":{"start":{"line":59,"column":0},"end":{"line":59,"column":30}},"4":{"start":{"line":94,"column":0},"end":{"line":94,"column":33}},"5":{"start":{"line":124,"column":0},"end":{"line":124,"column":38}},"6":{"start":{"line":126,"column":0},"end":{"line":126,"column":24}}},"fnMap":{},"branchMap":{},"s":{"0":2,"1":2,"2":2,"3":2,"4":2,"5":2,"6":2},"f":{},"b":{},"_coverageSchema":"1a1c01bbd47fc00a2c39e90264f33305004495a9","hash":"be789638c7115f2b210619552fc185096dbe4c6b"}
,"/Users/sammount/Change-Now/backend/routes/user.js": {"path":"/Users/sammount/Change-Now/backend/routes/user.js","statementMap":{"0":{"start":{"line":1,"column":16},"end":{"line":1,"column":34}},"1":{"start":{"line":2,"column":15},"end":{"line":2,"column":31}},"2":{"start":{"line":3,"column":25},"end":{"line":3,"column":62}},"3":{"start":{"line":4,"column":13},"end":{"line":4,"column":39}},"4":{"start":{"line":5,"column":41},"end":{"line":5,"column":69}},"5":{"start":{"line":36,"column":0},"end":{"line":56,"column":3}},"6":{"start":{"line":37,"column":20},"end":{"line":37,"column":26}},"7":{"start":{"line":38,"column":4},"end":{"line":55,"column":5}},"8":{"start":{"line":39,"column":8},"end":{"line":39,"column":56}},"9":{"start":{"line":40,"column":23},"end":{"line":42,"column":18}},"10":{"start":{"line":43,"column":8},"end":{"line":43,"column":48}},"11":{"start":{"line":44,"column":21},"end":{"line":44,"column":35}},"12":{"start":{"line":45,"column":8},"end":{"line":45,"column":25}},"13":{"start":{"line":46,"column":8},"end":{"line":46,"column":37}},"14":{"start":{"line":47,"column":26},"end":{"line":47,"column":64}},"15":{"start":{"line":49,"column":8},"end":{"line":49,"column":31}},"16":{"start":{"line":50,"column":8},"end":{"line":50,"column":59}},"17":{"start":{"line":53,"column":8},"end":{"line":53,"column":68}},"18":{"start":{"line":54,"column":8},"end":{"line":54,"column":52}},"19":{"start":{"line":76,"column":0},"end":{"line":85,"column":3}},"20":{"start":{"line":77,"column":4},"end":{"line":77,"column":43}},"21":{"start":{"line":78,"column":4},"end":{"line":84,"column":5}},"22":{"start":{"line":79,"column":8},"end":{"line":79,"column":65}},"23":{"start":{"line":80,"column":8},"end":{"line":80,"column":51}},"24":{"start":{"line":81,"column":8},"end":{"line":81,"column":95}},"25":{"start":{"line":83,"column":8},"end":{"line":83,"column":114}},"26":{"start":{"line":86,"column":0},"end":{"line":86,"column":24}}},"fnMap":{"0":{"name":"(anonymous_0)","decl":{"start":{"line":36,"column":38},"end":{"line":36,"column":39}},"loc":{"start":{"line":36,"column":58},"end":{"line":56,"column":1}},"line":36},"1":{"name":"(anonymous_1)","decl":{"start":{"line":76,"column":37},"end":{"line":76,"column":38}},"loc":{"start":{"line":76,"column":57},"end":{"line":85,"column":1}},"line":76}},"branchMap":{"0":{"loc":{"start":{"line":78,"column":4},"end":{"line":84,"column":5}},"type":"if","locations":[{"start":{"line":78,"column":4},"end":{"line":84,"column":5}},{"start":{"line":82,"column":11},"end":{"line":84,"column":5}}],"line":78}},"s":{"0":2,"1":2,"2":2,"3":2,"4":2,"5":2,"6":1,"7":1,"8":1,"9":1,"10":1,"11":1,"12":1,"13":1,"14":1,"15":1,"16":1,"17":0,"18":0,"19":2,"20":1,"21":1,"22":1,"23":1,"24":1,"25":0,"26":2},"f":{"0":1,"1":1},"b":{"0":[1,0]},"_coverageSchema":"1a1c01bbd47fc00a2c39e90264f33305004495a9","hash":"1cdf30f101079ef7b54f4da886ee674076e73550"}
,"/Users/sammount/Change-Now/backend/routes/workouts.js": {"path":"/Users/sammount/Change-Now/backend/routes/workouts.js","statementMap":{"0":{"start":{"line":2,"column":16},"end":{"line":2,"column":34}},"1":{"start":{"line":4,"column":15},"end":{"line":4,"column":31}},"2":{"start":{"line":5,"column":13},"end":{"line":5,"column":39}},"3":{"start":{"line":8,"column":4},"end":{"line":8,"column":42}},"4":{"start":{"line":14,"column":4},"end":{"line":14,"column":46}},"5":{"start":{"line":30,"column":20},"end":{"line":33,"column":1}},"6":{"start":{"line":31,"column":22},"end":{"line":31,"column":62}},"7":{"start":{"line":32,"column":2},"end":{"line":32,"column":56}},"8":{"start":{"line":35,"column":19},"end":{"line":35,"column":25}},"9":{"start":{"line":36,"column":17},"end":{"line":36,"column":20}},"10":{"start":{"line":41,"column":36},"end":{"line":61,"column":1}},"11":{"start":{"line":42,"column":2},"end":{"line":60,"column":3}},"12":{"start":{"line":44,"column":6},"end":{"line":47,"column":8}},"13":{"start":{"line":49,"column":6},"end":{"line":52,"column":8}},"14":{"start":{"line":54,"column":6},"end":{"line":57,"column":8}},"15":{"start":{"line":59,"column":6},"end":{"line":59,"column":18}},"16":{"start":{"line":112,"column":0},"end":{"line":173,"column":3}},"17":{"start":{"line":113,"column":2},"end":{"line":113,"column":38}},"18":{"start":{"line":114,"column":28},"end":{"line":114,"column":66}},"19":{"start":{"line":115,"column":17},"end":{"line":115,"column":46}},"20":{"start":{"line":116,"column":13},"end":{"line":116,"column":34}},"21":{"start":{"line":118,"column":2},"end":{"line":120,"column":3}},"22":{"start":{"line":119,"column":4},"end":{"line":119,"column":69}},"23":{"start":{"line":122,"column":2},"end":{"line":124,"column":3}},"24":{"start":{"line":123,"column":4},"end":{"line":123,"column":73}},"25":{"start":{"line":126,"column":26},"end":{"line":126,"column":72}},"26":{"start":{"line":128,"column":2},"end":{"line":172,"column":3}},"27":{"start":{"line":129,"column":4},"end":{"line":129,"column":40}},"28":{"start":{"line":131,"column":25},"end":{"line":131,"column":41}},"29":{"start":{"line":134,"column":16},"end":{"line":134,"column":42}},"30":{"start":{"line":137,"column":23},"end":{"line":137,"column":41}},"31":{"start":{"line":140,"column":21},"end":{"line":140,"column":49}},"32":{"start":{"line":143,"column":21},"end":{"line":143,"column":47}},"33":{"start":{"line":144,"column":19},"end":{"line":144,"column":43}},"34":{"start":{"line":146,"column":4},"end":{"line":150,"column":7}},"35":{"start":{"line":152,"column":19},"end":{"line":166,"column":5}},"36":{"start":{"line":168,"column":4},"end":{"line":168,"column":26}},"37":{"start":{"line":170,"column":4},"end":{"line":170,"column":23}},"38":{"start":{"line":171,"column":4},"end":{"line":171,"column":54}},"39":{"start":{"line":210,"column":0},"end":{"line":257,"column":3}},"40":{"start":{"line":211,"column":28},"end":{"line":211,"column":64}},"41":{"start":{"line":212,"column":17},"end":{"line":212,"column":45}},"42":{"start":{"line":213,"column":17},"end":{"line":213,"column":51}},"43":{"start":{"line":214,"column":15},"end":{"line":214,"column":41}},"44":{"start":{"line":216,"column":2},"end":{"line":218,"column":3}},"45":{"start":{"line":217,"column":4},"end":{"line":217,"column":69}},"46":{"start":{"line":220,"column":2},"end":{"line":222,"column":3}},"47":{"start":{"line":221,"column":4},"end":{"line":221,"column":73}},"48":{"start":{"line":224,"column":2},"end":{"line":226,"column":3}},"49":{"start":{"line":225,"column":4},"end":{"line":225,"column":75}},"50":{"start":{"line":228,"column":2},"end":{"line":232,"column":3}},"51":{"start":{"line":229,"column":4},"end":{"line":231,"column":7}},"52":{"start":{"line":234,"column":2},"end":{"line":238,"column":3}},"53":{"start":{"line":235,"column":4},"end":{"line":237,"column":7}},"54":{"start":{"line":240,"column":26},"end":{"line":240,"column":72}},"55":{"start":{"line":242,"column":2},"end":{"line":256,"column":3}},"56":{"start":{"line":243,"column":4},"end":{"line":243,"column":40}},"57":{"start":{"line":245,"column":19},"end":{"line":250,"column":5}},"58":{"start":{"line":252,"column":4},"end":{"line":252,"column":29}},"59":{"start":{"line":254,"column":4},"end":{"line":254,"column":23}},"60":{"start":{"line":255,"column":4},"end":{"line":255,"column":54}},"61":{"start":{"line":295,"column":0},"end":{"line":332,"column":3}},"62":{"start":{"line":296,"column":28},"end":{"line":296,"column":64}},"63":{"start":{"line":297,"column":17},"end":{"line":297,"column":45}},"64":{"start":{"line":298,"column":26},"end":{"line":298,"column":63}},"65":{"start":{"line":299,"column":19},"end":{"line":299,"column":55}},"66":{"start":{"line":301,"column":2},"end":{"line":303,"column":3}},"67":{"start":{"line":302,"column":4},"end":{"line":302,"column":69}},"68":{"start":{"line":305,"column":2},"end":{"line":307,"column":3}},"69":{"start":{"line":306,"column":4},"end":{"line":306,"column":73}},"70":{"start":{"line":309,"column":2},"end":{"line":313,"column":3}},"71":{"start":{"line":310,"column":4},"end":{"line":312,"column":61}},"72":{"start":{"line":315,"column":26},"end":{"line":315,"column":72}},"73":{"start":{"line":317,"column":2},"end":{"line":331,"column":3}},"74":{"start":{"line":318,"column":4},"end":{"line":318,"column":40}},"75":{"start":{"line":320,"column":19},"end":{"line":325,"column":5}},"76":{"start":{"line":327,"column":4},"end":{"line":327,"column":29}},"77":{"start":{"line":329,"column":4},"end":{"line":329,"column":23}},"78":{"start":{"line":330,"column":4},"end":{"line":330,"column":54}},"79":{"start":{"line":369,"column":0},"end":{"line":401,"column":3}},"80":{"start":{"line":370,"column":16},"end":{"line":370,"column":45}},"81":{"start":{"line":371,"column":17},"end":{"line":371,"column":46}},"82":{"start":{"line":373,"column":2},"end":{"line":375,"column":3}},"83":{"start":{"line":374,"column":4},"end":{"line":374,"column":72}},"84":{"start":{"line":377,"column":2},"end":{"line":379,"column":3}},"85":{"start":{"line":378,"column":4},"end":{"line":378,"column":73}},"86":{"start":{"line":381,"column":2},"end":{"line":400,"column":3}},"87":{"start":{"line":382,"column":4},"end":{"line":382,"column":40}},"88":{"start":{"line":384,"column":19},"end":{"line":390,"column":5}},"89":{"start":{"line":392,"column":4},"end":{"line":394,"column":5}},"90":{"start":{"line":393,"column":6},"end":{"line":393,"column":62}},"91":{"start":{"line":396,"column":4},"end":{"line":396,"column":57}},"92":{"start":{"line":398,"column":4},"end":{"line":398,"column":23}},"93":{"start":{"line":399,"column":4},"end":{"line":399,"column":61}},"94":{"start":{"line":477,"column":0},"end":{"line":537,"column":3}},"95":{"start":{"line":478,"column":28},"end":{"line":478,"column":66}},"96":{"start":{"line":479,"column":17},"end":{"line":479,"column":46}},"97":{"start":{"line":480,"column":13},"end":{"line":480,"column":34}},"98":{"start":{"line":482,"column":2},"end":{"line":484,"column":3}},"99":{"start":{"line":483,"column":4},"end":{"line":483,"column":69}},"100":{"start":{"line":486,"column":2},"end":{"line":488,"column":3}},"101":{"start":{"line":487,"column":4},"end":{"line":487,"column":73}},"102":{"start":{"line":490,"column":26},"end":{"line":490,"column":72}},"103":{"start":{"line":492,"column":2},"end":{"line":536,"column":3}},"104":{"start":{"line":493,"column":4},"end":{"line":493,"column":40}},"105":{"start":{"line":495,"column":19},"end":{"line":511,"column":5}},"106":{"start":{"line":513,"column":20},"end":{"line":513,"column":22}},"107":{"start":{"line":515,"column":4},"end":{"line":526,"column":5}},"108":{"start":{"line":516,"column":19},"end":{"line":516,"column":33}},"109":{"start":{"line":518,"column":6},"end":{"line":518,"column":45}},"110":{"start":{"line":518,"column":26},"end":{"line":518,"column":45}},"111":{"start":{"line":520,"column":6},"end":{"line":525,"column":9}},"112":{"start":{"line":528,"column":19},"end":{"line":530,"column":5}},"113":{"start":{"line":529,"column":49},"end":{"line":529,"column":67}},"114":{"start":{"line":532,"column":4},"end":{"line":532,"column":21}},"115":{"start":{"line":534,"column":4},"end":{"line":534,"column":23}},"116":{"start":{"line":535,"column":4},"end":{"line":535,"column":54}},"117":{"start":{"line":539,"column":0},"end":{"line":539,"column":24}}},"fnMap":{"0":{"name":"(anonymous_0)","decl":{"start":{"line":30,"column":20},"end":{"line":30,"column":21}},"loc":{"start":{"line":30,"column":31},"end":{"line":33,"column":1}},"line":30},"1":{"name":"(anonymous_1)","decl":{"start":{"line":41,"column":36},"end":{"line":41,"column":37}},"loc":{"start":{"line":41,"column":59},"end":{"line":61,"column":1}},"line":41},"2":{"name":"(anonymous_2)","decl":{"start":{"line":112,"column":35},"end":{"line":112,"column":36}},"loc":{"start":{"line":112,"column":55},"end":{"line":173,"column":1}},"line":112},"3":{"name":"(anonymous_3)","decl":{"start":{"line":210,"column":21},"end":{"line":210,"column":22}},"loc":{"start":{"line":210,"column":41},"end":{"line":257,"column":1}},"line":210},"4":{"name":"(anonymous_4)","decl":{"start":{"line":295,"column":21},"end":{"line":295,"column":22}},"loc":{"start":{"line":295,"column":41},"end":{"line":332,"column":1}},"line":295},"5":{"name":"(anonymous_5)","decl":{"start":{"line":369,"column":30},"end":{"line":369,"column":31}},"loc":{"start":{"line":369,"column":50},"end":{"line":401,"column":1}},"line":369},"6":{"name":"(anonymous_6)","decl":{"start":{"line":477,"column":35},"end":{"line":477,"column":36}},"loc":{"start":{"line":477,"column":55},"end":{"line":537,"column":1}},"line":477},"7":{"name":"(anonymous_7)","decl":{"start":{"line":529,"column":35},"end":{"line":529,"column":36}},"loc":{"start":{"line":529,"column":49},"end":{"line":529,"column":67}},"line":529}},"branchMap":{"0":{"loc":{"start":{"line":31,"column":45},"end":{"line":31,"column":56}},"type":"binary-expr","locations":[{"start":{"line":31,"column":45},"end":{"line":31,"column":50}},{"start":{"line":31,"column":54},"end":{"line":31,"column":56}}],"line":31},"1":{"loc":{"start":{"line":32,"column":9},"end":{"line":32,"column":55}},"type":"cond-expr","locations":[{"start":{"line":32,"column":37},"end":{"line":32,"column":41}},{"start":{"line":32,"column":44},"end":{"line":32,"column":55}}],"line":32},"2":{"loc":{"start":{"line":42,"column":2},"end":{"line":60,"column":3}},"type":"switch","locations":[{"start":{"line":43,"column":4},"end":{"line":47,"column":8}},{"start":{"line":48,"column":4},"end":{"line":52,"column":8}},{"start":{"line":53,"column":4},"end":{"line":57,"column":8}},{"start":{"line":58,"column":4},"end":{"line":59,"column":18}}],"line":42},"3":{"loc":{"start":{"line":116,"column":13},"end":{"line":116,"column":34}},"type":"binary-expr","locations":[{"start":{"line":116,"column":13},"end":{"line":116,"column":25}},{"start":{"line":116,"column":29},"end":{"line":116,"column":34}}],"line":116},"4":{"loc":{"start":{"line":118,"column":2},"end":{"line":120,"column":3}},"type":"if","locations":[{"start":{"line":118,"column":2},"end":{"line":120,"column":3}},{"start":{},"end":{}}],"line":118},"5":{"loc":{"start":{"line":122,"column":2},"end":{"line":124,"column":3}},"type":"if","locations":[{"start":{"line":122,"column":2},"end":{"line":124,"column":3}},{"start":{},"end":{}}],"line":122},"6":{"loc":{"start":{"line":216,"column":2},"end":{"line":218,"column":3}},"type":"if","locations":[{"start":{"line":216,"column":2},"end":{"line":218,"column":3}},{"start":{},"end":{}}],"line":216},"7":{"loc":{"start":{"line":220,"column":2},"end":{"line":222,"column":3}},"type":"if","locations":[{"start":{"line":220,"column":2},"end":{"line":222,"column":3}},{"start":{},"end":{}}],"line":220},"8":{"loc":{"start":{"line":224,"column":2},"end":{"line":226,"column":3}},"type":"if","locations":[{"start":{"line":224,"column":2},"end":{"line":226,"column":3}},{"start":{},"end":{}}],"line":224},"9":{"loc":{"start":{"line":224,"column":6},"end":{"line":224,"column":43}},"type":"binary-expr","locations":[{"start":{"line":224,"column":6},"end":{"line":224,"column":26}},{"start":{"line":224,"column":30},"end":{"line":224,"column":43}}],"line":224},"10":{"loc":{"start":{"line":228,"column":2},"end":{"line":232,"column":3}},"type":"if","locations":[{"start":{"line":228,"column":2},"end":{"line":232,"column":3}},{"start":{},"end":{}}],"line":228},"11":{"loc":{"start":{"line":228,"column":6},"end":{"line":228,"column":40}},"type":"binary-expr","locations":[{"start":{"line":228,"column":6},"end":{"line":228,"column":17}},{"start":{"line":228,"column":21},"end":{"line":228,"column":40}}],"line":228},"12":{"loc":{"start":{"line":234,"column":2},"end":{"line":238,"column":3}},"type":"if","locations":[{"start":{"line":234,"column":2},"end":{"line":238,"column":3}},{"start":{},"end":{}}],"line":234},"13":{"loc":{"start":{"line":234,"column":6},"end":{"line":234,"column":34}},"type":"binary-expr","locations":[{"start":{"line":234,"column":6},"end":{"line":234,"column":15}},{"start":{"line":234,"column":19},"end":{"line":234,"column":34}}],"line":234},"14":{"loc":{"start":{"line":301,"column":2},"end":{"line":303,"column":3}},"type":"if","locations":[{"start":{"line":301,"column":2},"end":{"line":303,"column":3}},{"start":{},"end":{}}],"line":301},"15":{"loc":{"start":{"line":305,"column":2},"end":{"line":307,"column":3}},"type":"if","locations":[{"start":{"line":305,"column":2},"end":{"line":307,"column":3}},{"start":{},"end":{}}],"line":305},"16":{"loc":{"start":{"line":309,"column":2},"end":{"line":313,"column":3}},"type":"if","locations":[{"start":{"line":309,"column":2},"end":{"line":313,"column":3}},{"start":{},"end":{}}],"line":309},"17":{"loc":{"start":{"line":309,"column":6},"end":{"line":309,"column":56}},"type":"binary-expr","locations":[{"start":{"line":309,"column":6},"end":{"line":309,"column":30}},{"start":{"line":309,"column":34},"end":{"line":309,"column":56}}],"line":309},"18":{"loc":{"start":{"line":373,"column":2},"end":{"line":375,"column":3}},"type":"if","locations":[{"start":{"line":373,"column":2},"end":{"line":375,"column":3}},{"start":{},"end":{}}],"line":373},"19":{"loc":{"start":{"line":377,"column":2},"end":{"line":379,"column":3}},"type":"if","locations":[{"start":{"line":377,"column":2},"end":{"line":379,"column":3}},{"start":{},"end":{}}],"line":377},"20":{"loc":{"start":{"line":392,"column":4},"end":{"line":394,"column":5}},"type":"if","locations":[{"start":{"line":392,"column":4},"end":{"line":394,"column":5}},{"start":{},"end":{}}],"line":392},"21":{"loc":{"start":{"line":480,"column":13},"end":{"line":480,"column":34}},"type":"binary-expr","locations":[{"start":{"line":480,"column":13},"end":{"line":480,"column":25}},{"start":{"line":480,"column":29},"end":{"line":480,"column":34}}],"line":480},"22":{"loc":{"start":{"line":482,"column":2},"end":{"line":484,"column":3}},"type":"if","locations":[{"start":{"line":482,"column":2},"end":{"line":484,"column":3}},{"start":{},"end":{}}],"line":482},"23":{"loc":{"start":{"line":486,"column":2},"end":{"line":488,"column":3}},"type":"if","locations":[{"start":{"line":486,"column":2},"end":{"line":488,"column":3}},{"start":{},"end":{}}],"line":486},"24":{"loc":{"start":{"line":518,"column":6},"end":{"line":518,"column":45}},"type":"if","locations":[{"start":{"line":518,"column":6},"end":{"line":518,"column":45}},{"start":{},"end":{}}],"line":518}},"s":{"0":2,"1":2,"2":2,"3":2,"4":2,"5":2,"6":0,"7":0,"8":2,"9":2,"10":2,"11":0,"12":0,"13":0,"14":0,"15":0,"16":2,"17":0,"18":0,"19":0,"20":0,"21":0,"22":0,"23":0,"24":0,"25":0,"26":0,"27":0,"28":0,"29":0,"30":0,"31":0,"32":0,"33":0,"34":0,"35":0,"36":0,"37":0,"38":0,"39":2,"40":0,"41":0,"42":0,"43":0,"44":0,"45":0,"46":0,"47":0,"48":0,"49":0,"50":0,"51":0,"52":0,"53":0,"54":0,"55":0,"56":0,"57":0,"58":0,"59":0,"60":0,"61":2,"62":0,"63":0,"64":0,"65":0,"66":0,"67":0,"68":0,"69":0,"70":0,"71":0,"72":0,"73":0,"74":0,"75":0,"76":0,"77":0,"78":0,"79":2,"80":0,"81":0,"82":0,"83":0,"84":0,"85":0,"86":0,"87":0,"88":0,"89":0,"90":0,"91":0,"92":0,"93":0,"94":2,"95":0,"96":0,"97":0,"98":0,"99":0,"100":0,"101":0,"102":0,"103":0,"104":0,"105":0,"106":0,"107":0,"108":0,"109":0,"110":0,"111":0,"112":0,"113":0,"114":0,"115":0,"116":0,"117":2},"f":{"0":0,"1":0,"2":0,"3":0,"4":0,"5":0,"6":0,"7":0},"b":{"0":[0,0],"1":[0,0],"2":[0,0,0,0],"3":[0,0],"4":[0,0],"5":[0,0],"6":[0,0],"7":[0,0],"8":[0,0],"9":[0,0],"10":[0,0],"11":[0,0],"12":[0,0],"13":[0,0],"14":[0,0],"15":[0,0],"16":[0,0],"17":[0,0],"18":[0,0],"19":[0,0],"20":[0,0],"21":[0,0],"22":[0,0],"23":[0,0],"24":[0,0]},"_coverageSchema":"1a1c01bbd47fc00a2c39e90264f33305004495a9","hash":"22116ca9bdcaf7972265066af65fc641d1661e54"}
,"/Users/sammount/Change-Now/backend/services/exerciseCatalog.js": {"path":"/Users/sammount/Change-Now/backend/services/exerciseCatalog.js","statementMap":{"0":{"start":{"line":9,"column":13},"end":{"line":9,"column":39}},"1":{"start":{"line":11,"column":36},"end":{"line":11,"column":55}},"2":{"start":{"line":14,"column":36},"end":{"line":61,"column":3}},"3":{"start":{"line":57,"column":42},"end":{"line":61,"column":1}},"4":{"start":{"line":63,"column":22},"end":{"line":64,"column":47}},"5":{"start":{"line":64,"column":2},"end":{"line":64,"column":47}},"6":{"start":{"line":66,"column":23},"end":{"line":73,"column":1}},"7":{"start":{"line":67,"column":2},"end":{"line":69,"column":3}},"8":{"start":{"line":68,"column":4},"end":{"line":68,"column":20}},"9":{"start":{"line":71,"column":21},"end":{"line":71,"column":47}},"10":{"start":{"line":72,"column":2},"end":{"line":72,"column":32}},"11":{"start":{"line":75,"column":26},"end":{"line":82,"column":2}},"12":{"start":{"line":75,"column":41},"end":{"line":82,"column":1}},"13":{"start":{"line":88,"column":2},"end":{"line":96,"column":5}},"14":{"start":{"line":98,"column":2},"end":{"line":100,"column":4}},"15":{"start":{"line":101,"column":2},"end":{"line":104,"column":5}},"16":{"start":{"line":111,"column":2},"end":{"line":120,"column":5}},"17":{"start":{"line":122,"column":2},"end":{"line":125,"column":5}},"18":{"start":{"line":134,"column":2},"end":{"line":134,"column":39}},"19":{"start":{"line":135,"column":2},"end":{"line":135,"column":41}},"20":{"start":{"line":142,"column":2},"end":{"line":142,"column":39}},"21":{"start":{"line":144,"column":23},"end":{"line":151,"column":3}},"22":{"start":{"line":153,"column":2},"end":{"line":155,"column":3}},"23":{"start":{"line":154,"column":4},"end":{"line":154,"column":52}},"24":{"start":{"line":157,"column":2},"end":{"line":157,"column":60}},"25":{"start":{"line":163,"column":37},"end":{"line":183,"column":1}},"26":{"start":{"line":164,"column":17},"end":{"line":164,"column":19}},"27":{"start":{"line":165,"column":23},"end":{"line":174,"column":4}},"28":{"start":{"line":166,"column":19},"end":{"line":166,"column":28}},"29":{"start":{"line":167,"column":4},"end":{"line":171,"column":6}},"30":{"start":{"line":173,"column":4},"end":{"line":173,"column":62}},"31":{"start":{"line":176,"column":2},"end":{"line":182,"column":4}},"32":{"start":{"line":193,"column":34},"end":{"line":193,"column":62}},"33":{"start":{"line":195,"column":2},"end":{"line":197,"column":3}},"34":{"start":{"line":196,"column":4},"end":{"line":196,"column":79}},"35":{"start":{"line":199,"column":2},"end":{"line":199,"column":39}},"36":{"start":{"line":200,"column":2},"end":{"line":200,"column":28}},"37":{"start":{"line":202,"column":2},"end":{"line":253,"column":3}},"38":{"start":{"line":203,"column":28},"end":{"line":231,"column":5}},"39":{"start":{"line":233,"column":4},"end":{"line":237,"column":5}},"40":{"start":{"line":234,"column":6},"end":{"line":236,"column":8}},"41":{"start":{"line":239,"column":32},"end":{"line":239,"column":75}},"42":{"start":{"line":241,"column":4},"end":{"line":241,"column":75}},"43":{"start":{"line":242,"column":28},"end":{"line":242,"column":77}},"44":{"start":{"line":243,"column":4},"end":{"line":243,"column":67}},"45":{"start":{"line":244,"column":4},"end":{"line":244,"column":31}},"46":{"start":{"line":246,"column":4},"end":{"line":249,"column":6}},"47":{"start":{"line":251,"column":4},"end":{"line":251,"column":33}},"48":{"start":{"line":252,"column":4},"end":{"line":252,"column":16}},"49":{"start":{"line":257,"column":2},"end":{"line":257,"column":38}},"50":{"start":{"line":258,"column":20},"end":{"line":258,"column":48}},"51":{"start":{"line":260,"column":2},"end":{"line":263,"column":4}},"52":{"start":{"line":266,"column":0},"end":{"line":274,"column":2}}},"fnMap":{"0":{"name":"(anonymous_0)","decl":{"start":{"line":57,"column":6},"end":{"line":57,"column":7}},"loc":{"start":{"line":57,"column":42},"end":{"line":61,"column":1}},"line":57},"1":{"name":"(anonymous_1)","decl":{"start":{"line":63,"column":22},"end":{"line":63,"column":23}},"loc":{"start":{"line":64,"column":2},"end":{"line":64,"column":47}},"line":64},"2":{"name":"(anonymous_2)","decl":{"start":{"line":66,"column":23},"end":{"line":66,"column":24}},"loc":{"start":{"line":66,"column":49},"end":{"line":73,"column":1}},"line":66},"3":{"name":"(anonymous_3)","decl":{"start":{"line":75,"column":26},"end":{"line":75,"column":27}},"loc":{"start":{"line":75,"column":41},"end":{"line":82,"column":1}},"line":75},"4":{"name":"ensureExerciseTemplatesTable","decl":{"start":{"line":87,"column":15},"end":{"line":87,"column":43}},"loc":{"start":{"line":87,"column":46},"end":{"line":105,"column":1}},"line":87},"5":{"name":"ensureUserCustomExercisesTable","decl":{"start":{"line":110,"column":15},"end":{"line":110,"column":45}},"loc":{"start":{"line":110,"column":48},"end":{"line":126,"column":1}},"line":110},"6":{"name":"ensureExerciseCatalogTables","decl":{"start":{"line":133,"column":15},"end":{"line":133,"column":42}},"loc":{"start":{"line":133,"column":45},"end":{"line":136,"column":1}},"line":133},"7":{"name":"getExerciseTemplates","decl":{"start":{"line":141,"column":15},"end":{"line":141,"column":35}},"loc":{"start":{"line":141,"column":38},"end":{"line":158,"column":1}},"line":141},"8":{"name":"(anonymous_8)","decl":{"start":{"line":163,"column":37},"end":{"line":163,"column":38}},"loc":{"start":{"line":163,"column":52},"end":{"line":183,"column":1}},"line":163},"9":{"name":"(anonymous_9)","decl":{"start":{"line":165,"column":37},"end":{"line":165,"column":38}},"loc":{"start":{"line":165,"column":58},"end":{"line":174,"column":3}},"line":165},"10":{"name":"syncExerciseTemplatesFromUser","decl":{"start":{"line":190,"column":15},"end":{"line":190,"column":44}},"loc":{"start":{"line":192,"column":2},"end":{"line":254,"column":1}},"line":192},"11":{"name":"preloadExerciseCatalog","decl":{"start":{"line":256,"column":15},"end":{"line":256,"column":37}},"loc":{"start":{"line":256,"column":40},"end":{"line":264,"column":1}},"line":256}},"branchMap":{"0":{"loc":{"start":{"line":64,"column":2},"end":{"line":64,"column":47}},"type":"cond-expr","locations":[{"start":{"line":64,"column":30},"end":{"line":64,"column":42}},{"start":{"line":64,"column":45},"end":{"line":64,"column":47}}],"line":64},"1":{"loc":{"start":{"line":66,"column":31},"end":{"line":66,"column":44}},"type":"default-arg","locations":[{"start":{"line":66,"column":42},"end":{"line":66,"column":44}}],"line":66},"2":{"loc":{"start":{"line":67,"column":2},"end":{"line":69,"column":3}},"type":"if","locations":[{"start":{"line":67,"column":2},"end":{"line":69,"column":3}},{"start":{},"end":{}}],"line":67},"3":{"loc":{"start":{"line":72,"column":9},"end":{"line":72,"column":31}},"type":"binary-expr","locations":[{"start":{"line":72,"column":9},"end":{"line":72,"column":19}},{"start":{"line":72,"column":23},"end":{"line":72,"column":31}}],"line":72},"4":{"loc":{"start":{"line":76,"column":22},"end":{"line":76,"column":61}},"type":"binary-expr","locations":[{"start":{"line":76,"column":22},"end":{"line":76,"column":35}},{"start":{"line":76,"column":39},"end":{"line":76,"column":61}}],"line":76},"5":{"loc":{"start":{"line":77,"column":30},"end":{"line":77,"column":75}},"type":"binary-expr","locations":[{"start":{"line":77,"column":30},"end":{"line":77,"column":50}},{"start":{"line":77,"column":54},"end":{"line":77,"column":75}}],"line":77},"6":{"loc":{"start":{"line":79,"column":4},"end":{"line":79,"column":51}},"type":"binary-expr","locations":[{"start":{"line":79,"column":4},"end":{"line":79,"column":21}},{"start":{"line":79,"column":25},"end":{"line":79,"column":51}}],"line":79},"7":{"loc":{"start":{"line":153,"column":2},"end":{"line":155,"column":3}},"type":"if","locations":[{"start":{"line":153,"column":2},"end":{"line":155,"column":3}},{"start":{},"end":{}}],"line":153},"8":{"loc":{"start":{"line":191,"column":2},"end":{"line":191,"column":45}},"type":"default-arg","locations":[{"start":{"line":191,"column":18},"end":{"line":191,"column":45}}],"line":191},"9":{"loc":{"start":{"line":195,"column":2},"end":{"line":197,"column":3}},"type":"if","locations":[{"start":{"line":195,"column":2},"end":{"line":197,"column":3}},{"start":{},"end":{}}],"line":195},"10":{"loc":{"start":{"line":233,"column":4},"end":{"line":237,"column":5}},"type":"if","locations":[{"start":{"line":233,"column":4},"end":{"line":237,"column":5}},{"start":{},"end":{}}],"line":233}},"s":{"0":2,"1":2,"2":2,"3":84,"4":2,"5":0,"6":2,"7":0,"8":0,"9":0,"10":0,"11":2,"12":0,"13":0,"14":0,"15":0,"16":0,"17":0,"18":0,"19":0,"20":0,"21":0,"22":0,"23":0,"24":0,"25":2,"26":0,"27":0,"28":0,"29":0,"30":0,"31":0,"32":0,"33":0,"34":0,"35":0,"36":0,"37":0,"38":0,"39":0,"40":0,"41":0,"42":0,"43":0,"44":0,"45":0,"46":0,"47":0,"48":0,"49":0,"50":0,"51":0,"52":2},"f":{"0":84,"1":0,"2":0,"3":0,"4":0,"5":0,"6":0,"7":0,"8":0,"9":0,"10":0,"11":0},"b":{"0":[0,0],"1":[0],"2":[0,0],"3":[0,0],"4":[0,0],"5":[0,0],"6":[0,0],"7":[0,0],"8":[0],"9":[0,0],"10":[0,0]},"_coverageSchema":"1a1c01bbd47fc00a2c39e90264f33305004495a9","hash":"46adaaa78bcc60c99405bb7b882b2dae06968e63"}
,"/Users/sammount/Change-Now/backend/services/exerciseIdentifiers.js": {"path":"/Users/sammount/Change-Now/backend/services/exerciseIdentifiers.js","statementMap":{"0":{"start":{"line":8,"column":24},"end":{"line":8,"column":34}},"1":{"start":{"line":9,"column":22},"end":{"line":9,"column":30}},"2":{"start":{"line":10,"column":22},"end":{"line":10,"column":30}},"3":{"start":{"line":15,"column":28},"end":{"line":15,"column":61}},"4":{"start":{"line":15,"column":44},"end":{"line":15,"column":61}},"5":{"start":{"line":24,"column":24},"end":{"line":47,"column":1}},"6":{"start":{"line":25,"column":19},"end":{"line":25,"column":88}},"7":{"start":{"line":27,"column":2},"end":{"line":29,"column":3}},"8":{"start":{"line":28,"column":4},"end":{"line":28,"column":16}},"9":{"start":{"line":31,"column":25},"end":{"line":31,"column":68}},"10":{"start":{"line":32,"column":2},"end":{"line":37,"column":3}},"11":{"start":{"line":33,"column":4},"end":{"line":36,"column":6}},"12":{"start":{"line":39,"column":2},"end":{"line":44,"column":3}},"13":{"start":{"line":40,"column":4},"end":{"line":43,"column":6}},"14":{"start":{"line":46,"column":2},"end":{"line":46,"column":14}},"15":{"start":{"line":49,"column":0},"end":{"line":55,"column":2}}},"fnMap":{"0":{"name":"(anonymous_0)","decl":{"start":{"line":15,"column":28},"end":{"line":15,"column":29}},"loc":{"start":{"line":15,"column":44},"end":{"line":15,"column":61}},"line":15},"1":{"name":"(anonymous_1)","decl":{"start":{"line":24,"column":24},"end":{"line":24,"column":25}},"loc":{"start":{"line":24,"column":35},"end":{"line":47,"column":1}},"line":24}},"branchMap":{"0":{"loc":{"start":{"line":25,"column":19},"end":{"line":25,"column":88}},"type":"cond-expr","locations":[{"start":{"line":25,"column":47},"end":{"line":25,"column":59}},{"start":{"line":25,"column":62},"end":{"line":25,"column":88}}],"line":25},"1":{"loc":{"start":{"line":25,"column":69},"end":{"line":25,"column":80}},"type":"binary-expr","locations":[{"start":{"line":25,"column":69},"end":{"line":25,"column":74}},{"start":{"line":25,"column":78},"end":{"line":25,"column":80}}],"line":25},"2":{"loc":{"start":{"line":27,"column":2},"end":{"line":29,"column":3}},"type":"if","locations":[{"start":{"line":27,"column":2},"end":{"line":29,"column":3}},{"start":{},"end":{}}],"line":27},"3":{"loc":{"start":{"line":32,"column":2},"end":{"line":37,"column":3}},"type":"if","locations":[{"start":{"line":32,"column":2},"end":{"line":37,"column":3}},{"start":{},"end":{}}],"line":32},"4":{"loc":{"start":{"line":39,"column":2},"end":{"line":44,"column":3}},"type":"if","locations":[{"start":{"line":39,"column":2},"end":{"line":44,"column":3}},{"start":{},"end":{}}],"line":39}},"s":{"0":2,"1":2,"2":2,"3":2,"4":0,"5":2,"6":0,"7":0,"8":0,"9":0,"10":0,"11":0,"12":0,"13":0,"14":0,"15":2},"f":{"0":0,"1":0},"b":{"0":[0,0],"1":[0,0],"2":[0,0],"3":[0,0],"4":[0,0]},"_coverageSchema":"1a1c01bbd47fc00a2c39e90264f33305004495a9","hash":"1ea0272109e4c9b5e7cc8600f0aac6601a53d08a"}
,"/Users/sammount/Change-Now/backend/services/preload.js": {"path":"/Users/sammount/Change-Now/backend/services/preload.js","statementMap":{"0":{"start":{"line":1,"column":35},"end":{"line":1,"column":63}},"1":{"start":{"line":10,"column":4},"end":{"line":18,"column":5}},"2":{"start":{"line":11,"column":31},"end":{"line":11,"column":68}},"3":{"start":{"line":12,"column":8},"end":{"line":12,"column":72}},"4":{"start":{"line":14,"column":8},"end":{"line":14,"column":42}},"5":{"start":{"line":17,"column":8},"end":{"line":17,"column":46}},"6":{"start":{"line":21,"column":0},"end":{"line":21,"column":38}}},"fnMap":{"0":{"name":"preload_workouts","decl":{"start":{"line":9,"column":15},"end":{"line":9,"column":31}},"loc":{"start":{"line":9,"column":41},"end":{"line":19,"column":1}},"line":9}},"branchMap":{},"s":{"0":2,"1":0,"2":0,"3":0,"4":0,"5":0,"6":2},"f":{"0":0},"b":{},"_coverageSchema":"1a1c01bbd47fc00a2c39e90264f33305004495a9","hash":"830b36aac5052cabe11c9b4eb9d9112de10ddde2"}
,"/Users/sammount/Change-Now/backend/test/_db.js": {"path":"/Users/sammount/Change-Now/backend/test/_db.js","statementMap":{"0":{"start":{"line":1,"column":17},"end":{"line":1,"column":30}},"1":{"start":{"line":2,"column":15},"end":{"line":2,"column":32}},"2":{"start":{"line":5,"column":14},"end":{"line":5,"column":38}},"3":{"start":{"line":6,"column":2},"end":{"line":6,"column":51}},"4":{"start":{"line":10,"column":22},"end":{"line":10,"column":38}},"5":{"start":{"line":11,"column":2},"end":{"line":13,"column":3}},"6":{"start":{"line":12,"column":4},"end":{"line":12,"column":16}},"7":{"start":{"line":14,"column":2},"end":{"line":14,"column":53}},"8":{"start":{"line":18,"column":23},"end":{"line":18,"column":50}},"9":{"start":{"line":20,"column":19},"end":{"line":22,"column":4}},"10":{"start":{"line":24,"column":2},"end":{"line":31,"column":3}},"11":{"start":{"line":25,"column":15},"end":{"line":25,"column":34}},"12":{"start":{"line":26,"column":4},"end":{"line":29,"column":6}},"13":{"start":{"line":30,"column":4},"end":{"line":30,"column":18}},"14":{"start":{"line":33,"column":19},"end":{"line":36,"column":3}},"15":{"start":{"line":38,"column":2},"end":{"line":38,"column":37}},"16":{"start":{"line":42,"column":2},"end":{"line":42,"column":66}},"17":{"start":{"line":45,"column":0},"end":{"line":50,"column":2}}},"fnMap":{"0":{"name":"getDatabaseUrl","decl":{"start":{"line":4,"column":9},"end":{"line":4,"column":23}},"loc":{"start":{"line":4,"column":26},"end":{"line":7,"column":1}},"line":4},"1":{"name":"createTestPool","decl":{"start":{"line":9,"column":9},"end":{"line":9,"column":23}},"loc":{"start":{"line":9,"column":26},"end":{"line":15,"column":1}},"line":9},"2":{"name":"ensureUser","decl":{"start":{"line":17,"column":15},"end":{"line":17,"column":25}},"loc":{"start":{"line":17,"column":74},"end":{"line":39,"column":1}},"line":17},"3":{"name":"deleteUserByEmail","decl":{"start":{"line":41,"column":15},"end":{"line":41,"column":32}},"loc":{"start":{"line":41,"column":46},"end":{"line":43,"column":1}},"line":41}},"branchMap":{"0":{"loc":{"start":{"line":6,"column":9},"end":{"line":6,"column":50}},"type":"cond-expr","locations":[{"start":{"line":6,"column":40},"end":{"line":6,"column":43}},{"start":{"line":6,"column":46},"end":{"line":6,"column":50}}],"line":6},"1":{"loc":{"start":{"line":6,"column":9},"end":{"line":6,"column":37}},"type":"binary-expr","locations":[{"start":{"line":6,"column":9},"end":{"line":6,"column":12}},{"start":{"line":6,"column":16},"end":{"line":6,"column":37}}],"line":6},"2":{"loc":{"start":{"line":11,"column":2},"end":{"line":13,"column":3}},"type":"if","locations":[{"start":{"line":11,"column":2},"end":{"line":13,"column":3}},{"start":{},"end":{}}],"line":11},"3":{"loc":{"start":{"line":24,"column":2},"end":{"line":31,"column":3}},"type":"if","locations":[{"start":{"line":24,"column":2},"end":{"line":31,"column":3}},{"start":{},"end":{}}],"line":24}},"s":{"0":1,"1":1,"2":2,"3":2,"4":1,"5":1,"6":0,"7":1,"8":1,"9":1,"10":1,"11":0,"12":0,"13":0,"14":1,"15":1,"16":1,"17":1},"f":{"0":2,"1":1,"2":1,"3":1},"b":{"0":[2,0],"1":[2,2],"2":[0,1],"3":[0,1]},"_coverageSchema":"1a1c01bbd47fc00a2c39e90264f33305004495a9","hash":"226cc23b698f9d6f81505f0eee55b38d7a0caa30"}
}
