TN:
SF:dbconnection.js
FNF:0
FNH:0
DA:9,2
DA:11,2
DA:13,2
LF:3
LH:3
BRF:0
BRH:0
end_of_record
TN:
SF:server.js
FN:54,(anonymous_0)
FN:132,(anonymous_1)
FN:161,(anonymous_2)
FN:191,(anonymous_3)
FN:214,(anonymous_4)
FNF:5
FNH:2
FNDA:4,(anonymous_0)
FNDA:0,(anonymous_1)
FNDA:1,(anonymous_2)
FNDA:0,(anonymous_3)
FNDA:0,(anonymous_4)
DA:12,2
DA:14,2
DA:15,2
DA:16,2
DA:17,2
DA:18,2
DA:19,2
DA:20,2
DA:21,2
DA:29,2
DA:31,2
DA:32,2
DA:35,2
DA:36,2
DA:37,2
DA:38,2
DA:39,2
DA:41,2
DA:43,2
DA:44,2
DA:45,2
DA:48,2
DA:50,2
DA:51,0
DA:54,2
DA:55,4
DA:56,4
DA:65,2
DA:101,2
DA:103,2
DA:105,2
DA:107,2
DA:112,2
DA:113,2
DA:116,2
DA:118,2
DA:132,2
DA:133,0
DA:161,2
DA:162,1
DA:191,2
DA:192,0
DA:193,0
DA:194,0
DA:201,0
DA:202,0
DA:213,2
DA:214,0
DA:215,0
DA:216,0
DA:221,2
LF:51
LH:41
BRDA:35,0,0,2
BRDA:35,0,1,0
BRDA:36,1,0,2
BRDA:36,1,1,2
BRDA:44,2,0,2
BRDA:44,2,1,0
BRDA:88,3,0,0
BRDA:88,3,1,2
BRDA:213,4,0,0
BRDA:213,4,1,2
BRF:10
BRH:6
end_of_record
TN:
SF:config/runtime.js
FN:9,(anonymous_0)
FN:26,(anonymous_1)
FN:39,(anonymous_2)
FN:42,(anonymous_3)
FN:45,(anonymous_4)
FN:53,(anonymous_5)
FN:64,(anonymous_6)
FN:67,(anonymous_7)
FN:80,(anonymous_8)
FN:88,(anonymous_9)
FN:100,(anonymous_10)
FN:124,(anonymous_11)
FN:125,(anonymous_12)
FN:141,(anonymous_13)
FN:194,(anonymous_14)
FN:198,(anonymous_15)
FNF:16
FNH:13
FNDA:6,(anonymous_0)
FNDA:6,(anonymous_1)
FNDA:2,(anonymous_2)
FNDA:2,(anonymous_3)
FNDA:0,(anonymous_4)
FNDA:0,(anonymous_5)
FNDA:2,(anonymous_6)
FNDA:4,(anonymous_7)
FNDA:1,(anonymous_8)
FNDA:1,(anonymous_9)
FNDA:4,(anonymous_10)
FNDA:2,(anonymous_11)
FNDA:4,(anonymous_12)
FNDA:4,(anonymous_13)
FNDA:2,(anonymous_14)
FNDA:0,(anonymous_15)
DA:9,2
DA:10,6
DA:11,2
DA:14,4
DA:15,4
DA:16,4
DA:19,0
DA:20,0
DA:23,0
DA:26,2
DA:27,6
DA:28,6
DA:29,0
DA:32,6
DA:33,6
DA:35,0
DA:39,2
DA:40,2
DA:42,2
DA:45,2
DA:46,0
DA:53,2
DA:54,0
DA:56,2
DA:58,2
DA:59,2
DA:60,2
DA:61,2
DA:62,2
DA:64,2
DA:65,2
DA:67,2
DA:68,4
DA:69,4
DA:70,0
DA:73,4
DA:74,4
DA:76,0
DA:80,2
DA:88,2
DA:100,2
DA:101,4
DA:102,4
DA:105,0
DA:106,0
DA:109,0
DA:110,0
DA:111,0
DA:112,0
DA:115,0
DA:118,0
DA:124,2
DA:126,4
DA:127,4
DA:128,4
DA:131,0
DA:141,2
DA:142,4
DA:143,4
DA:144,4
DA:145,4
DA:148,4
DA:150,4
DA:151,0
DA:152,0
DA:155,0
DA:156,0
DA:159,0
DA:160,0
DA:162,0
DA:163,0
DA:166,0
DA:167,0
DA:172,4
DA:173,0
DA:176,4
DA:177,0
DA:180,4
DA:181,0
DA:184,4
DA:185,0
DA:188,4
DA:194,2
DA:195,2
DA:196,2
DA:197,0
DA:198,0
DA:203,2
LF:88
LH:54
BRDA:9,0,0,0
BRDA:10,1,0,2
BRDA:10,1,1,4
BRDA:15,2,0,4
BRDA:15,2,1,0
BRDA:19,3,0,0
BRDA:19,3,1,0
BRDA:28,4,0,0
BRDA:28,4,1,6
BRDA:40,5,0,2
BRDA:40,5,1,0
BRDA:46,6,0,0
BRDA:46,6,1,0
BRDA:46,6,2,0
BRDA:46,6,3,0
BRDA:46,6,4,0
BRDA:46,6,5,0
BRDA:59,7,0,2
BRDA:59,7,1,0
BRDA:59,8,0,0
BRDA:59,8,1,0
BRDA:65,9,0,2
BRDA:65,9,1,0
BRDA:69,10,0,0
BRDA:69,10,1,4
BRDA:85,11,0,1
BRDA:85,11,1,0
BRDA:101,12,0,4
BRDA:101,12,1,0
BRDA:105,13,0,0
BRDA:105,13,1,0
BRDA:105,14,0,0
BRDA:105,14,1,0
BRDA:111,15,0,0
BRDA:111,15,1,0
BRDA:111,16,0,0
BRDA:111,16,1,0
BRDA:126,17,0,4
BRDA:126,17,1,0
BRDA:146,18,0,4
BRDA:146,18,1,0
BRDA:150,19,0,0
BRDA:150,19,1,4
BRDA:151,20,0,0
BRDA:151,20,1,0
BRDA:155,21,0,0
BRDA:155,21,1,0
BRDA:159,22,0,0
BRDA:159,22,1,0
BRDA:162,23,0,0
BRDA:162,23,1,0
BRDA:166,24,0,0
BRDA:166,24,1,0
BRDA:172,25,0,0
BRDA:172,25,1,4
BRDA:172,26,0,4
BRDA:172,26,1,4
BRDA:176,27,0,0
BRDA:176,27,1,4
BRDA:176,28,0,4
BRDA:176,28,1,0
BRDA:180,29,0,0
BRDA:180,29,1,4
BRDA:180,30,0,4
BRDA:180,30,1,0
BRDA:184,31,0,0
BRDA:184,31,1,4
BRDA:184,32,0,4
BRDA:184,32,1,4
BRDA:196,33,0,0
BRDA:196,33,1,2
BRF:71
BRH:24
end_of_record
TN:
SF:controllers/exerciseController.js
FN:29,(anonymous_0)
FN:32,(anonymous_1)
FN:41,(anonymous_2)
FN:46,(anonymous_3)
FN:51,(anonymous_4)
FN:60,(anonymous_5)
FN:76,(anonymous_6)
FN:116,(anonymous_7)
FN:121,(anonymous_8)
FN:126,(anonymous_9)
FN:130,(anonymous_10)
FN:135,(anonymous_11)
FN:151,(anonymous_12)
FN:213,(anonymous_13)
FNF:14
FNH:0
FNDA:0,(anonymous_0)
FNDA:0,(anonymous_1)
FNDA:0,(anonymous_2)
FNDA:0,(anonymous_3)
FNDA:0,(anonymous_4)
FNDA:0,(anonymous_5)
FNDA:0,(anonymous_6)
FNDA:0,(anonymous_7)
FNDA:0,(anonymous_8)
FNDA:0,(anonymous_9)
FNDA:0,(anonymous_10)
FNDA:0,(anonymous_11)
FNDA:0,(anonymous_12)
FNDA:0,(anonymous_13)
DA:1,2
DA:4,2
DA:10,2
DA:22,2
DA:29,2
DA:30,0
DA:32,2
DA:33,0
DA:34,0
DA:37,0
DA:38,0
DA:41,2
DA:42,0
DA:43,0
DA:46,2
DA:47,0
DA:48,0
DA:51,2
DA:60,2
DA:76,2
DA:77,0
DA:78,0
DA:79,0
DA:80,0
DA:81,0
DA:83,0
DA:84,0
DA:87,0
DA:88,0
DA:90,0
DA:110,0
DA:115,0
DA:116,0
DA:119,0
DA:120,0
DA:121,0
DA:125,0
DA:126,0
DA:129,0
DA:130,0
DA:131,0
DA:135,0
DA:136,0
DA:139,0
DA:141,0
DA:142,0
DA:151,2
DA:152,0
DA:153,0
DA:154,0
DA:155,0
DA:157,0
DA:158,0
DA:161,0
DA:162,0
DA:165,0
DA:166,0
DA:168,0
DA:183,0
DA:184,0
DA:189,0
DA:201,0
DA:203,0
DA:204,0
DA:213,2
DA:214,0
DA:215,0
DA:217,0
DA:218,0
DA:221,0
DA:222,0
DA:225,0
DA:226,0
DA:229,0
DA:230,0
DA:232,0
DA:240,0
DA:241,0
DA:244,0
DA:246,0
DA:247,0
DA:251,2
LF:82
LH:14
BRDA:30,0,0,0
BRDA:30,0,1,0
BRDA:32,1,0,0
BRDA:33,2,0,0
BRDA:33,2,1,0
BRDA:38,3,0,0
BRDA:38,3,1,0
BRDA:42,4,0,0
BRDA:42,4,1,0
BRDA:43,5,0,0
BRDA:43,5,1,0
BRDA:48,6,0,0
BRDA:48,6,1,0
BRDA:83,7,0,0
BRDA:83,7,1,0
BRDA:115,8,0,0
BRDA:115,8,1,0
BRDA:119,9,0,0
BRDA:119,9,1,0
BRDA:125,10,0,0
BRDA:125,10,1,0
BRDA:129,11,0,0
BRDA:129,11,1,0
BRDA:157,12,0,0
BRDA:157,12,1,0
BRDA:161,13,0,0
BRDA:161,13,1,0
BRDA:183,14,0,0
BRDA:183,14,1,0
BRDA:215,15,0,0
BRDA:215,15,1,0
BRDA:217,16,0,0
BRDA:217,16,1,0
BRDA:221,17,0,0
BRDA:221,17,1,0
BRDA:225,18,0,0
BRDA:225,18,1,0
BRDA:240,19,0,0
BRDA:240,19,1,0
BRF:39
BRH:0
end_of_record
TN:
SF:middleware/requireAuth3.js
FN:15,requireAuth3
FN:64,getCookieValue
FNF:2
FNH:2
FNDA:2,requireAuth3
FNDA:2,getCookieValue
DA:1,2
DA:3,2
DA:16,2
DA:17,2
DA:21,2
DA:22,2
DA:23,2
DA:24,2
DA:26,2
DA:27,2
DA:28,2
DA:29,2
DA:30,2
DA:31,2
DA:32,2
DA:35,0
DA:36,0
DA:38,0
DA:39,0
DA:40,0
DA:41,0
DA:42,0
DA:43,0
DA:44,0
DA:45,0
DA:46,0
DA:47,0
DA:48,0
DA:49,0
DA:51,0
DA:55,0
DA:57,0
DA:65,2
DA:66,0
DA:69,2
DA:71,2
DA:72,2
DA:73,2
DA:74,2
DA:75,2
DA:78,0
DA:80,2
LF:42
LH:23
BRDA:3,0,0,2
BRDA:3,0,1,0
BRDA:3,0,2,0
BRDA:21,1,0,2
BRDA:21,1,1,0
BRDA:38,2,0,0
BRDA:38,2,1,0
BRDA:40,3,0,0
BRDA:40,3,1,0
BRDA:65,4,0,0
BRDA:65,4,1,2
BRDA:73,5,0,2
BRDA:73,5,1,0
BRDA:74,6,0,0
BRDA:74,6,1,2
BRF:15
BRH:5
end_of_record
TN:
SF:routes/auth.js
FN:100,(anonymous_0)
FN:235,(anonymous_1)
FN:333,(anonymous_2)
FN:376,getCookieValue
FN:396,(anonymous_4)
FNF:5
FNH:1
FNDA:0,(anonymous_0)
FNDA:1,(anonymous_1)
FNDA:0,(anonymous_2)
FNDA:0,getCookieValue
FNDA:0,(anonymous_4)
DA:12,2
DA:13,2
DA:14,2
DA:16,2
DA:17,2
DA:18,2
DA:19,2
DA:21,2
DA:22,2
DA:100,2
DA:101,0
DA:103,0
DA:104,0
DA:107,0
DA:108,0
DA:112,0
DA:113,0
DA:115,0
DA:116,0
DA:120,0
DA:121,0
DA:123,0
DA:124,0
DA:125,0
DA:127,0
DA:130,0
DA:138,0
DA:139,0
DA:141,0
DA:142,0
DA:143,0
DA:146,0
DA:150,0
DA:151,0
DA:235,2
DA:236,1
DA:238,1
DA:239,1
DA:240,1
DA:241,0
DA:245,1
DA:246,1
DA:247,1
DA:248,1
DA:249,0
DA:253,1
DA:254,1
DA:257,1
DA:259,1
DA:261,1
DA:264,1
DA:267,1
DA:268,1
DA:269,1
DA:270,1
DA:274,0
DA:275,0
DA:280,0
DA:281,0
DA:285,0
DA:333,2
DA:334,0
DA:335,0
DA:339,0
DA:340,0
DA:341,0
DA:342,0
DA:344,0
DA:345,0
DA:346,0
DA:348,0
DA:349,0
DA:351,0
DA:352,0
DA:353,0
DA:354,0
DA:355,0
DA:356,0
DA:357,0
DA:358,0
DA:359,0
DA:361,0
DA:365,0
DA:367,0
DA:377,0
DA:378,0
DA:381,0
DA:383,0
DA:384,0
DA:385,0
DA:386,0
DA:387,0
DA:390,0
DA:396,2
DA:397,0
DA:398,0
DA:399,0
DA:400,0
DA:402,0
DA:403,0
DA:404,0
DA:405,0
DA:407,0
DA:408,0
DA:409,0
DA:410,0
DA:411,0
DA:414,0
DA:415,0
DA:417,0
DA:418,0
DA:419,0
DA:420,0
DA:421,0
DA:422,0
DA:423,0
DA:424,0
DA:425,0
DA:426,0
DA:428,0
DA:432,0
DA:434,0
DA:438,2
LF:123
LH:32
BRDA:21,0,0,2
BRDA:21,0,1,0
BRDA:21,0,2,0
BRDA:103,1,0,0
BRDA:103,1,1,0
BRDA:103,2,0,0
BRDA:103,2,1,0
BRDA:112,3,0,0
BRDA:112,3,1,0
BRDA:124,4,0,0
BRDA:124,4,1,0
BRDA:138,5,0,0
BRDA:138,5,1,0
BRDA:240,6,0,0
BRDA:240,6,1,1
BRDA:240,7,0,1
BRDA:240,7,1,1
BRDA:248,8,0,0
BRDA:248,8,1,1
BRDA:257,9,0,1
BRDA:257,9,1,0
BRDA:267,10,0,1
BRDA:267,10,1,0
BRDA:339,11,0,0
BRDA:339,11,1,0
BRDA:351,12,0,0
BRDA:351,12,1,0
BRDA:353,13,0,0
BRDA:353,13,1,0
BRDA:377,14,0,0
BRDA:377,14,1,0
BRDA:385,15,0,0
BRDA:385,15,1,0
BRDA:386,16,0,0
BRDA:386,16,1,0
BRDA:402,17,0,0
BRDA:402,17,1,0
BRDA:417,18,0,0
BRDA:417,18,1,0
BRDA:419,19,0,0
BRDA:419,19,1,0
BRF:41
BRH:7
end_of_record
TN:
SF:routes/exerciseRoutes.js
FNF:0
FNH:0
DA:1,2
DA:6,2
DA:15,2
DA:59,2
DA:94,2
DA:124,2
DA:126,2
LF:7
LH:7
BRF:0
BRH:0
end_of_record
TN:
SF:routes/user.js
FN:36,(anonymous_0)
FN:76,(anonymous_1)
FNF:2
FNH:2
FNDA:1,(anonymous_0)
FNDA:1,(anonymous_1)
DA:1,2
DA:2,2
DA:3,2
DA:4,2
DA:5,2
DA:36,2
DA:37,1
DA:38,1
DA:39,1
DA:40,1
DA:43,1
DA:44,1
DA:45,1
DA:46,1
DA:47,1
DA:49,1
DA:50,1
DA:53,0
DA:54,0
DA:76,2
DA:77,1
DA:78,1
DA:79,1
DA:80,1
DA:81,1
DA:83,0
DA:86,2
LF:27
LH:24
BRDA:78,0,0,1
BRDA:78,0,1,0
BRF:2
BRH:1
end_of_record
TN:
SF:routes/workouts.js
FN:30,(anonymous_0)
FN:41,(anonymous_1)
FN:112,(anonymous_2)
FN:210,(anonymous_3)
FN:295,(anonymous_4)
FN:369,(anonymous_5)
FN:477,(anonymous_6)
FN:529,(anonymous_7)
FNF:8
FNH:0
FNDA:0,(anonymous_0)
FNDA:0,(anonymous_1)
FNDA:0,(anonymous_2)
FNDA:0,(anonymous_3)
FNDA:0,(anonymous_4)
FNDA:0,(anonymous_5)
FNDA:0,(anonymous_6)
FNDA:0,(anonymous_7)
DA:2,2
DA:4,2
DA:5,2
DA:8,2
DA:14,2
DA:30,2
DA:31,0
DA:32,0
DA:35,2
DA:36,2
DA:41,2
DA:42,0
DA:44,0
DA:49,0
DA:54,0
DA:59,0
DA:112,2
DA:113,0
DA:114,0
DA:115,0
DA:116,0
DA:118,0
DA:119,0
DA:122,0
DA:123,0
DA:126,0
DA:128,0
DA:129,0
DA:131,0
DA:134,0
DA:137,0
DA:140,0
DA:143,0
DA:144,0
DA:146,0
DA:152,0
DA:168,0
DA:170,0
DA:171,0
DA:210,2
DA:211,0
DA:212,0
DA:213,0
DA:214,0
DA:216,0
DA:217,0
DA:220,0
DA:221,0
DA:224,0
DA:225,0
DA:228,0
DA:229,0
DA:234,0
DA:235,0
DA:240,0
DA:242,0
DA:243,0
DA:245,0
DA:252,0
DA:254,0
DA:255,0
DA:295,2
DA:296,0
DA:297,0
DA:298,0
DA:299,0
DA:301,0
DA:302,0
DA:305,0
DA:306,0
DA:309,0
DA:310,0
DA:315,0
DA:317,0
DA:318,0
DA:320,0
DA:327,0
DA:329,0
DA:330,0
DA:369,2
DA:370,0
DA:371,0
DA:373,0
DA:374,0
DA:377,0
DA:378,0
DA:381,0
DA:382,0
DA:384,0
DA:392,0
DA:393,0
DA:396,0
DA:398,0
DA:399,0
DA:477,2
DA:478,0
DA:479,0
DA:480,0
DA:482,0
DA:483,0
DA:486,0
DA:487,0
DA:490,0
DA:492,0
DA:493,0
DA:495,0
DA:513,0
DA:515,0
DA:516,0
DA:518,0
DA:520,0
DA:528,0
DA:529,0
DA:532,0
DA:534,0
DA:535,0
DA:539,2
LF:117
LH:15
BRDA:31,0,0,0
BRDA:31,0,1,0
BRDA:32,1,0,0
BRDA:32,1,1,0
BRDA:42,2,0,0
BRDA:42,2,1,0
BRDA:42,2,2,0
BRDA:42,2,3,0
BRDA:116,3,0,0
BRDA:116,3,1,0
BRDA:118,4,0,0
BRDA:118,4,1,0
BRDA:122,5,0,0
BRDA:122,5,1,0
BRDA:216,6,0,0
BRDA:216,6,1,0
BRDA:220,7,0,0
BRDA:220,7,1,0
BRDA:224,8,0,0
BRDA:224,8,1,0
BRDA:224,9,0,0
BRDA:224,9,1,0
BRDA:228,10,0,0
BRDA:228,10,1,0
BRDA:228,11,0,0
BRDA:228,11,1,0
BRDA:234,12,0,0
BRDA:234,12,1,0
BRDA:234,13,0,0
BRDA:234,13,1,0
BRDA:301,14,0,0
BRDA:301,14,1,0
BRDA:305,15,0,0
BRDA:305,15,1,0
BRDA:309,16,0,0
BRDA:309,16,1,0
BRDA:309,17,0,0
BRDA:309,17,1,0
BRDA:373,18,0,0
BRDA:373,18,1,0
BRDA:377,19,0,0
BRDA:377,19,1,0
BRDA:392,20,0,0
BRDA:392,20,1,0
BRDA:480,21,0,0
BRDA:480,21,1,0
BRDA:482,22,0,0
BRDA:482,22,1,0
BRDA:486,23,0,0
BRDA:486,23,1,0
BRDA:518,24,0,0
BRDA:518,24,1,0
BRF:52
BRH:0
end_of_record
TN:
SF:services/exerciseCatalog.js
FN:57,(anonymous_0)
FN:63,(anonymous_1)
FN:66,(anonymous_2)
FN:75,(anonymous_3)
FN:87,ensureExerciseTemplatesTable
FN:110,ensureUserCustomExercisesTable
FN:133,ensureExerciseCatalogTables
FN:141,getExerciseTemplates
FN:163,(anonymous_8)
FN:165,(anonymous_9)
FN:190,syncExerciseTemplatesFromUser
FN:256,preloadExerciseCatalog
FNF:12
FNH:1
FNDA:84,(anonymous_0)
FNDA:0,(anonymous_1)
FNDA:0,(anonymous_2)
FNDA:0,(anonymous_3)
FNDA:0,ensureExerciseTemplatesTable
FNDA:0,ensureUserCustomExercisesTable
FNDA:0,ensureExerciseCatalogTables
FNDA:0,getExerciseTemplates
FNDA:0,(anonymous_8)
FNDA:0,(anonymous_9)
FNDA:0,syncExerciseTemplatesFromUser
FNDA:0,preloadExerciseCatalog
DA:9,2
DA:11,2
DA:14,2
DA:57,84
DA:63,2
DA:64,0
DA:66,2
DA:67,0
DA:68,0
DA:71,0
DA:72,0
DA:75,2
DA:88,0
DA:98,0
DA:101,0
DA:111,0
DA:122,0
DA:134,0
DA:135,0
DA:142,0
DA:144,0
DA:153,0
DA:154,0
DA:157,0
DA:163,2
DA:164,0
DA:165,0
DA:166,0
DA:167,0
DA:173,0
DA:176,0
DA:193,0
DA:195,0
DA:196,0
DA:199,0
DA:200,0
DA:202,0
DA:203,0
DA:233,0
DA:234,0
DA:239,0
DA:241,0
DA:242,0
DA:243,0
DA:244,0
DA:246,0
DA:251,0
DA:252,0
DA:257,0
DA:258,0
DA:260,0
DA:266,2
LF:52
LH:9
BRDA:64,0,0,0
BRDA:64,0,1,0
BRDA:66,1,0,0
BRDA:67,2,0,0
BRDA:67,2,1,0
BRDA:72,3,0,0
BRDA:72,3,1,0
BRDA:76,4,0,0
BRDA:76,4,1,0
BRDA:77,5,0,0
BRDA:77,5,1,0
BRDA:79,6,0,0
BRDA:79,6,1,0
BRDA:153,7,0,0
BRDA:153,7,1,0
BRDA:191,8,0,0
BRDA:195,9,0,0
BRDA:195,9,1,0
BRDA:233,10,0,0
BRDA:233,10,1,0
BRF:20
BRH:0
end_of_record
TN:
SF:services/exerciseIdentifiers.js
FN:15,(anonymous_0)
FN:24,(anonymous_1)
FNF:2
FNH:0
FNDA:0,(anonymous_0)
FNDA:0,(anonymous_1)
DA:8,2
DA:9,2
DA:10,2
DA:15,2
DA:24,2
DA:25,0
DA:27,0
DA:28,0
DA:31,0
DA:32,0
DA:33,0
DA:39,0
DA:40,0
DA:46,0
DA:49,2
LF:15
LH:6
BRDA:25,0,0,0
BRDA:25,0,1,0
BRDA:25,1,0,0
BRDA:25,1,1,0
BRDA:27,2,0,0
BRDA:27,2,1,0
BRDA:32,3,0,0
BRDA:32,3,1,0
BRDA:39,4,0,0
BRDA:39,4,1,0
BRF:10
BRH:0
end_of_record
TN:
SF:services/preload.js
FN:9,preload_workouts
FNF:1
FNH:0
FNDA:0,preload_workouts
DA:1,2
DA:10,0
DA:11,0
DA:12,0
DA:14,0
DA:17,0
DA:21,2
LF:7
LH:2
BRF:0
BRH:0
end_of_record
TN:
SF:test/_db.js
FN:4,getDatabaseUrl
FN:9,createTestPool
FN:17,ensureUser
FN:41,deleteUserByEmail
FNF:4
FNH:4
FNDA:2,getDatabaseUrl
FNDA:1,createTestPool
FNDA:1,ensureUser
FNDA:1,deleteUserByEmail
DA:1,1
DA:2,1
DA:5,2
DA:6,2
DA:10,1
DA:11,1
DA:12,0
DA:14,1
DA:18,1
DA:20,1
DA:24,1
DA:25,0
DA:26,0
DA:30,0
DA:33,1
DA:38,1
DA:42,1
DA:45,1
LF:18
LH:14
BRDA:6,0,0,2
BRDA:6,0,1,0
BRDA:6,1,0,2
BRDA:6,1,1,2
BRDA:11,2,0,0
BRDA:11,2,1,1
BRDA:24,3,0,0
BRDA:24,3,1,1
BRF:8
BRH:5
end_of_record
